#
# There is insufficient memory for the Java Runtime Environment to continue.
# Native memory allocation (mmap) failed to map 121634816 bytes for committing reserved memory.
# Possible reasons:
#   The system is out of physical RAM or swap space
#   In 32 bit mode, the process size limit was hit
# Possible solutions:
#   Reduce memory load on the system
#   Increase physical memory or swap space
#   Check if swap backing store is full
#   Use 64 bit Java on a 64 bit OS
#   Decrease Java heap size (-Xmx/-Xms)
#   Decrease number of Java threads
#   Decrease Java thread stack sizes (-Xss)
#   Set larger code cache with -XX:ReservedCodeCacheSize=
# This output file may be truncated or incomplete.
#
#  Out of Memory Error (os_linux.cpp:2627), pid=11860, tid=0x00007f364936f700
#
# JRE version: Java(TM) SE Runtime Environment (8.0_121-b13) (build 1.8.0_121-b13)
# Java VM: Java HotSpot(TM) 64-Bit Server VM (25.121-b13 mixed mode linux-amd64 compressed oops)
# Failed to write core dump. Core dumps have been disabled. To enable core dumping, try "ulimit -c unlimited" before starting Java again
#

---------------  T H R E A D  ---------------

Current thread (0x00007f3660080800):  VMThread [stack: 0x00007f364926f000,0x00007f3649370000] [id=11873]

Stack: [0x00007f364926f000,0x00007f3649370000],  sp=0x00007f364936e1a0,  free space=1020k
Native frames: (J=compiled Java code, j=interpreted, Vv=VM code, C=native code)
V  [libjvm.so+0xac703a]  VMError::report_and_die()+0x2ba
V  [libjvm.so+0x4fc7eb]  report_vm_out_of_memory(char const*, int, unsigned long, VMErrorType, char const*)+0x8b
V  [libjvm.so+0x923c43]  os::Linux::commit_memory_impl(char*, unsigned long, bool)+0x103
V  [libjvm.so+0x924199]  os::pd_commit_memory(char*, unsigned long, unsigned long, bool)+0x29
V  [libjvm.so+0x91e4aa]  os::commit_memory(char*, unsigned long, unsigned long, bool)+0x2a
V  [libjvm.so+0x992f03]  PSVirtualSpace::expand_by(unsigned long)+0x53
V  [libjvm.so+0x9837c0]  PSOldGen::expand(unsigned long)+0x170
V  [libjvm.so+0x9839cb]  PSOldGen::resize(unsigned long)+0x1cb
V  [libjvm.so+0x98b6d1]  PSParallelCompact::invoke_no_policy(bool)+0x991
V  [libjvm.so+0x99102d]  PSScavenge::invoke()+0x1ad
V  [libjvm.so+0x947c10]  ParallelScavengeHeap::failed_mem_allocate(unsigned long)+0x70
V  [libjvm.so+0xac8a57]  VM_ParallelGCFailedAllocation::doit()+0x97
V  [libjvm.so+0xad0535]  VM_Operation::evaluate()+0x55
V  [libjvm.so+0xace90a]  VMThread::evaluate_operation(VM_Operation*)+0xba
V  [libjvm.so+0xacec8e]  VMThread::loop()+0x1ce
V  [libjvm.so+0xacf100]  VMThread::run()+0x70
V  [libjvm.so+0x926268]  java_start(Thread*)+0x108

VM_Operation (0x00007f36484d2900): ParallelGCFailedAllocation, mode: safepoint, requested by thread 0x00007f366016c800


---------------  P R O C E S S  ---------------

Java Threads: ( => current thread )
  0x00007f36601a8000 JavaThread "pool-1-thread-8" [_thread_blocked, id=11891, stack(0x00007f3633afb000,0x00007f3633bfc000)]
  0x00007f36601a6800 JavaThread "pool-1-thread-7" [_thread_blocked, id=11890, stack(0x00007f3633bfc000,0x00007f3633cfd000)]
  0x00007f36601a4800 JavaThread "pool-1-thread-6" [_thread_blocked, id=11889, stack(0x00007f3633cfd000,0x00007f3633dfe000)]
  0x00007f36601a3000 JavaThread "pool-1-thread-5" [_thread_blocked, id=11888, stack(0x00007f3633dfe000,0x00007f3633eff000)]
  0x00007f36601a1000 JavaThread "pool-1-thread-4" [_thread_blocked, id=11887, stack(0x00007f3633eff000,0x00007f3634000000)]
  0x00007f3660194800 JavaThread "pool-1-thread-3" [_thread_blocked, id=11886, stack(0x00007f36480d1000,0x00007f36481d2000)]
  0x00007f366017e800 JavaThread "pool-1-thread-2" [_thread_blocked, id=11885, stack(0x00007f36481d2000,0x00007f36482d3000)]
  0x00007f366016f000 JavaThread "pool-2-thread-1" [_thread_blocked, id=11884, stack(0x00007f36482d3000,0x00007f36483d4000)]
  0x00007f366016c800 JavaThread "pool-1-thread-1" [_thread_blocked, id=11883, stack(0x00007f36483d4000,0x00007f36484d5000)]
  0x00007f36600d3000 JavaThread "Service Thread" daemon [_thread_blocked, id=11881, stack(0x00007f36485d6000,0x00007f36486d7000)]
  0x00007f36600c8000 JavaThread "C1 CompilerThread3" daemon [_thread_blocked, id=11880, stack(0x00007f36486d7000,0x00007f36487d8000)]
  0x00007f36600c6000 JavaThread "C2 CompilerThread2" daemon [_thread_blocked, id=11879, stack(0x00007f36487d8000,0x00007f36488d9000)]
  0x00007f36600c4000 JavaThread "C2 CompilerThread1" daemon [_thread_blocked, id=11878, stack(0x00007f36488d9000,0x00007f36489da000)]
  0x00007f36600c1000 JavaThread "C2 CompilerThread0" daemon [_thread_blocked, id=11877, stack(0x00007f36489da000,0x00007f3648adb000)]
  0x00007f36600bf800 JavaThread "Signal Dispatcher" daemon [_thread_blocked, id=11876, stack(0x00007f3648adb000,0x00007f3648bdc000)]
  0x00007f366008d000 JavaThread "Finalizer" daemon [_thread_blocked, id=11875, stack(0x00007f364906d000,0x00007f364916e000)]
  0x00007f3660088800 JavaThread "Reference Handler" daemon [_thread_blocked, id=11874, stack(0x00007f364916e000,0x00007f364926f000)]
  0x00007f366000a800 JavaThread "main" [_thread_blocked, id=11864, stack(0x00007f36689dc000,0x00007f3668add000)]

Other Threads:
=>0x00007f3660080800 VMThread [stack: 0x00007f364926f000,0x00007f3649370000] [id=11873]
  0x00007f36600d6000 WatcherThread [stack: 0x00007f36484d5000,0x00007f36485d6000] [id=11882]

VM state:at safepoint (normal execution)

VM Mutex/Monitor currently owned by a thread:  ([mutex/lock_event])
[0x00007f36600066d0] ExpandHeap_lock - owner thread: 0x00007f3660080800
[0x00007f3660006d50] Threads_lock - owner thread: 0x00007f3660080800
[0x00007f3660007250] Heap_lock - owner thread: 0x00007f366016c800

Heap:
 PSYoungGen      total 221696K, used 27966K [0x00000000eab00000, 0x0000000100000000, 0x0000000100000000)
  eden space 166912K, 0% used [0x00000000eab00000,0x00000000eab00000,0x00000000f4e00000)
  from space 54784K, 51% used [0x00000000fca80000,0x00000000fe5cfb20,0x0000000100000000)
  to   space 91136K, 0% used [0x00000000f4e00000,0x00000000f4e00000,0x00000000fa700000)
 ParOldGen       total 163328K, used 162870K [0x00000000c0000000, 0x00000000c9f80000, 0x00000000eab00000)
  object space 163328K, 99% used [0x00000000c0000000,0x00000000c9f0da90,0x00000000c9f80000)
 Metaspace       used 6557K, capacity 7320K, committed 7680K, reserved 1056768K
  class space    used 623K, capacity 656K, committed 768K, reserved 1048576K

Card table byte_map: [0x00007f3665584000,0x00007f3665785000] byte_map_base: 0x00007f3664f84000

Marking Bits: (ParMarkBitMap*) 0x00007f3667eafc80
 Begin Bits: [0x00007f364a000000, 0x00007f364b000000)
 End Bits:   [0x00007f364b000000, 0x00007f364c000000)

Polling page: 0x00007f3668afd000

CodeCache: size=245760Kb used=9200Kb max_used=9226Kb free=236559Kb
 bounds [0x00007f3651000000, 0x00007f3651910000, 0x00007f3660000000]
 total_blobs=2501 nmethods=2234 adapters=180
 compilation: enabled

Compilation events (10 events):
Event: 3.395 Thread 0x00007f36600c8000 2494       2       com.android.dx.cf.attrib.AttExceptions::byteLength (15 bytes)
Event: 3.395 Thread 0x00007f36600c8000 nmethod 2494 0x00007f36518b7990 code [0x00007f36518b7b00, 0x00007f36518b7c88]
Event: 3.395 Thread 0x00007f36600c8000 2495       2       com.android.dx.cf.direct.StdAttributeFactory::exceptions (105 bytes)
Event: 3.397 Thread 0x00007f36600c8000 nmethod 2495 0x00007f36518efe50 code [0x00007f36518f00a0, 0x00007f36518f09b8]
Event: 3.403 Thread 0x00007f36600c8000 2496       2       com.android.dx.cf.direct.DirectClassFile$DcfTypeList::getType (26 bytes)
Event: 3.404 Thread 0x00007f36600c8000 nmethod 2496 0x00007f36518f6d10 code [0x00007f36518f6f40, 0x00007f36518f7788]
Event: 3.407 Thread 0x00007f36600c6000 nmethod 2477% 0x00007f36518f8290 code [0x00007f36518f8660, 0x00007f36518fb350]
Event: 3.407 Thread 0x00007f36600c6000 2486       4       java.util.regex.Matcher::search (109 bytes)
Event: 3.413 Thread 0x00007f36600c1000 nmethod 2471 0x00007f3651904750 code [0x00007f3651904d60, 0x00007f36519085d0]
Event: 3.413 Thread 0x00007f36600c1000 2497   !   4       java.util.concurrent.ConcurrentHashMap::putVal (362 bytes)

GC Heap History (10 events):
Event: 1.847 GC heap after
Heap after GC invocations=7 (full 0):
 PSYoungGen      total 278528K, used 28142K [0x00000000eab00000, 0x0000000100000000, 0x0000000100000000)
  eden space 250368K, 0% used [0x00000000eab00000,0x00000000eab00000,0x00000000f9f80000)
  from space 28160K, 99% used [0x00000000f9f80000,0x00000000fbafbb00,0x00000000fbb00000)
  to   space 47616K, 0% used [0x00000000fd180000,0x00000000fd180000,0x0000000100000000)
 ParOldGen       total 84992K, used 71189K [0x00000000c0000000, 0x00000000c5300000, 0x00000000eab00000)
  object space 84992K, 83% used [0x00000000c0000000,0x00000000c4585440,0x00000000c5300000)
 Metaspace       used 6514K, capacity 7320K, committed 7680K, reserved 1056768K
  class space    used 623K, capacity 656K, committed 768K, reserved 1048576K
}
Event: 1.847 GC heap before
{Heap before GC invocations=8 (full 1):
 PSYoungGen      total 278528K, used 28142K [0x00000000eab00000, 0x0000000100000000, 0x0000000100000000)
  eden space 250368K, 0% used [0x00000000eab00000,0x00000000eab00000,0x00000000f9f80000)
  from space 28160K, 99% used [0x00000000f9f80000,0x00000000fbafbb00,0x00000000fbb00000)
  to   space 47616K, 0% used [0x00000000fd180000,0x00000000fd180000,0x0000000100000000)
 ParOldGen       total 84992K, used 71189K [0x00000000c0000000, 0x00000000c5300000, 0x00000000eab00000)
  object space 84992K, 83% used [0x00000000c0000000,0x00000000c4585440,0x00000000c5300000)
 Metaspace       used 6514K, capacity 7320K, committed 7680K, reserved 1056768K
  class space    used 623K, capacity 656K, committed 768K, reserved 1048576K
Event: 2.130 GC heap after
Heap after GC invocations=8 (full 1):
 PSYoungGen      total 278528K, used 9629K [0x00000000eab00000, 0x0000000100000000, 0x0000000100000000)
  eden space 250368K, 0% used [0x00000000eab00000,0x00000000eab00000,0x00000000f9f80000)
  from space 28160K, 34% used [0x00000000f9f80000,0x00000000fa8e75e0,0x00000000fbb00000)
  to   space 47616K, 0% used [0x00000000fd180000,0x00000000fd180000,0x0000000100000000)
 ParOldGen       total 163328K, used 84520K [0x00000000c0000000, 0x00000000c9f80000, 0x00000000eab00000)
  object space 163328K, 51% used [0x00000000c0000000,0x00000000c528a060,0x00000000c9f80000)
 Metaspace       used 6514K, capacity 7320K, committed 7680K, reserved 1056768K
  class space    used 623K, capacity 656K, committed 768K, reserved 1048576K
}
Event: 2.512 GC heap before
{Heap before GC invocations=9 (full 1):
 PSYoungGen      total 278528K, used 259997K [0x00000000eab00000, 0x0000000100000000, 0x0000000100000000)
  eden space 250368K, 100% used [0x00000000eab00000,0x00000000f9f80000,0x00000000f9f80000)
  from space 28160K, 34% used [0x00000000f9f80000,0x00000000fa8e75e0,0x00000000fbb00000)
  to   space 47616K, 0% used [0x00000000fd180000,0x00000000fd180000,0x0000000100000000)
 ParOldGen       total 163328K, used 84520K [0x00000000c0000000, 0x00000000c9f80000, 0x00000000eab00000)
  object space 163328K, 51% used [0x00000000c0000000,0x00000000c528a060,0x00000000c9f80000)
 Metaspace       used 6544K, capacity 7320K, committed 7680K, reserved 1056768K
  class space    used 623K, capacity 656K, committed 768K, reserved 1048576K
Event: 2.562 GC heap after
Heap after GC invocations=9 (full 1):
 PSYoungGen      total 287232K, used 43975K [0x00000000eab00000, 0x0000000100000000, 0x0000000100000000)
  eden space 239616K, 0% used [0x00000000eab00000,0x00000000eab00000,0x00000000f9500000)
  from space 47616K, 92% used [0x00000000fd180000,0x00000000ffc71c10,0x0000000100000000)
  to   space 54784K, 0% used [0x00000000f9500000,0x00000000f9500000,0x00000000fca80000)
 ParOldGen       total 163328K, used 84664K [0x00000000c0000000, 0x00000000c9f80000, 0x00000000eab00000)
  object space 163328K, 51% used [0x00000000c0000000,0x00000000c52ae060,0x00000000c9f80000)
 Metaspace       used 6544K, capacity 7320K, committed 7680K, reserved 1056768K
  class space    used 623K, capacity 656K, committed 768K, reserved 1048576K
}
Event: 2.940 GC heap before
{Heap before GC invocations=10 (full 1):
 PSYoungGen      total 287232K, used 283591K [0x00000000eab00000, 0x0000000100000000, 0x0000000100000000)
  eden space 239616K, 100% used [0x00000000eab00000,0x00000000f9500000,0x00000000f9500000)
  from space 47616K, 92% used [0x00000000fd180000,0x00000000ffc71c10,0x0000000100000000)
  to   space 54784K, 0% used [0x00000000f9500000,0x00000000f9500000,0x00000000fca80000)
 ParOldGen       total 163328K, used 84664K [0x00000000c0000000, 0x00000000c9f80000, 0x00000000eab00000)
  object space 163328K, 51% used [0x00000000c0000000,0x00000000c52ae060,0x00000000c9f80000)
 Metaspace       used 6554K, capacity 7320K, committed 7680K, reserved 1056768K
  class space    used 623K, capacity 656K, committed 768K, reserved 1048576K
Event: 3.036 GC heap after
Heap after GC invocations=10 (full 1):
 PSYoungGen      total 294400K, used 54763K [0x00000000eab00000, 0x0000000100000000, 0x0000000100000000)
  eden space 239616K, 0% used [0x00000000eab00000,0x00000000eab00000,0x00000000f9500000)
  from space 54784K, 99% used [0x00000000f9500000,0x00000000fca7ac20,0x00000000fca80000)
  to   space 54784K, 0% used [0x00000000fca80000,0x00000000fca80000,0x0000000100000000)
 ParOldGen       total 163328K, used 107073K [0x00000000c0000000, 0x00000000c9f80000, 0x00000000eab00000)
  object space 163328K, 65% used [0x00000000c0000000,0x00000000c6890560,0x00000000c9f80000)
 Metaspace       used 6554K, capacity 7320K, committed 7680K, reserved 1056768K
  class space    used 623K, capacity 656K, committed 768K, reserved 1048576K
}
Event: 3.417 GC heap before
{Heap before GC invocations=11 (full 1):
 PSYoungGen      total 294400K, used 294379K [0x00000000eab00000, 0x0000000100000000, 0x0000000100000000)
  eden space 239616K, 100% used [0x00000000eab00000,0x00000000f9500000,0x00000000f9500000)
  from space 54784K, 99% used [0x00000000f9500000,0x00000000fca7ac20,0x00000000fca80000)
  to   space 54784K, 0% used [0x00000000fca80000,0x00000000fca80000,0x0000000100000000)
 ParOldGen       total 163328K, used 107073K [0x00000000c0000000, 0x00000000c9f80000, 0x00000000eab00000)
  object space 163328K, 65% used [0x00000000c0000000,0x00000000c6890560,0x00000000c9f80000)
 Metaspace       used 6557K, capacity 7320K, committed 7680K, reserved 1056768K
  class space    used 623K, capacity 656K, committed 768K, reserved 1048576K
Event: 3.509 GC heap after
Heap after GC invocations=11 (full 1):
 PSYoungGen      total 221696K, used 54768K [0x00000000eab00000, 0x0000000100000000, 0x0000000100000000)
  eden space 166912K, 0% used [0x00000000eab00000,0x00000000eab00000,0x00000000f4e00000)
  from space 54784K, 99% used [0x00000000fca80000,0x00000000ffffc170,0x0000000100000000)
  to   space 91136K, 0% used [0x00000000f4e00000,0x00000000f4e00000,0x00000000fa700000)
 ParOldGen       total 163328K, used 142502K [0x00000000c0000000, 0x00000000c9f80000, 0x00000000eab00000)
  object space 163328K, 87% used [0x00000000c0000000,0x00000000c8b299e0,0x00000000c9f80000)
 Metaspace       used 6557K, capacity 7320K, committed 7680K, reserved 1056768K
  class space    used 623K, capacity 656K, committed 768K, reserved 1048576K
}
Event: 3.509 GC heap before
{Heap before GC invocations=12 (full 2):
 PSYoungGen      total 221696K, used 54768K [0x00000000eab00000, 0x0000000100000000, 0x0000000100000000)
  eden space 166912K, 0% used [0x00000000eab00000,0x00000000eab00000,0x00000000f4e00000)
  from space 54784K, 99% used [0x00000000fca80000,0x00000000ffffc170,0x0000000100000000)
  to   space 91136K, 0% used [0x00000000f4e00000,0x00000000f4e00000,0x00000000fa700000)
 ParOldGen       total 163328K, used 142502K [0x00000000c0000000, 0x00000000c9f80000, 0x00000000eab00000)
  object space 163328K, 87% used [0x00000000c0000000,0x00000000c8b299e0,0x00000000c9f80000)
 Metaspace       used 6557K, capacity 7320K, committed 7680K, reserved 1056768K
  class space    used 623K, capacity 656K, committed 768K, reserved 1048576K

Deoptimization events (10 events):
Event: 1.529 Thread 0x00007f3660194800 Uncommon trap: reason=unstable_if action=reinterpret pc=0x00007f36516adc18 method=com.android.dx.ssa.SCCP.simulateStmt(Lcom/android/dx/ssa/SsaInsn;)V @ 435
Event: 1.728 Thread 0x00007f366000a800 Uncommon trap: reason=bimorphic action=maybe_recompile pc=0x00007f3651756014 method=com.android.dx.cf.code.BytecodeArray.parseInstruction(ILcom/android/dx/cf/code/BytecodeArray$Visitor;)I @ 2135
Event: 1.728 Thread 0x00007f366000a800 Uncommon trap: reason=bimorphic action=maybe_recompile pc=0x00007f3651756014 method=com.android.dx.cf.code.BytecodeArray.parseInstruction(ILcom/android/dx/cf/code/BytecodeArray$Visitor;)I @ 2135
Event: 1.783 Thread 0x00007f36601a1000 Uncommon trap: reason=bimorphic action=maybe_recompile pc=0x00007f3651756550 method=com.android.dx.cf.code.BytecodeArray.parseInstruction(ILcom/android/dx/cf/code/BytecodeArray$Visitor;)I @ 1501
Event: 1.783 Thread 0x00007f36601a1000 Uncommon trap: reason=bimorphic action=maybe_recompile pc=0x00007f3651756550 method=com.android.dx.cf.code.BytecodeArray.parseInstruction(ILcom/android/dx/cf/code/BytecodeArray$Visitor;)I @ 1501
Event: 2.406 Thread 0x00007f36601a6800 Uncommon trap: reason=unstable_if action=reinterpret pc=0x00007f365132a6e0 method=com.android.dx.rop.code.RegisterSpecSet.<init>(I)V @ 2
Event: 2.637 Thread 0x00007f3660194800 Uncommon trap: reason=unstable_if action=reinterpret pc=0x00007f3651780ad0 method=java.util.concurrent.ConcurrentHashMap.get(Ljava/lang/Object;)Ljava/lang/Object; @ 86
Event: 2.640 Thread 0x00007f366000a800 Uncommon trap: reason=unstable_if action=reinterpret pc=0x00007f3651805bdc method=java.util.concurrent.ConcurrentHashMap.get(Ljava/lang/Object;)Ljava/lang/Object; @ 86
Event: 2.744 Thread 0x00007f36601a3000 Uncommon trap: reason=bimorphic action=maybe_recompile pc=0x00007f365182be64 method=com.android.dx.cf.code.BytecodeArray.parseInstruction(ILcom/android/dx/cf/code/BytecodeArray$Visitor;)I @ 1161
Event: 2.744 Thread 0x00007f36601a3000 Uncommon trap: reason=bimorphic action=maybe_recompile pc=0x00007f365182be64 method=com.android.dx.cf.code.BytecodeArray.parseInstruction(ILcom/android/dx/cf/code/BytecodeArray$Visitor;)I @ 1161

Internal exceptions (8 events):
Event: 0.021 Thread 0x00007f366000a800 Exception <a 'java/lang/NoSuchMethodError': Method sun.misc.Unsafe.defineClass(Ljava/lang/String;[BII)Ljava/lang/Class; name or signature does not match> (0x00000000eab07ca8) thrown at [/HUDSON3/workspace/8-2-build-linux-amd64/jdk8u121/8372/hotspot/src/sh
Event: 0.021 Thread 0x00007f366000a800 Exception <a 'java/lang/NoSuchMethodError': Method sun.misc.Unsafe.prefetchRead(Ljava/lang/Object;J)V name or signature does not match> (0x00000000eab07f90) thrown at [/HUDSON3/workspace/8-2-build-linux-amd64/jdk8u121/8372/hotspot/src/share/vm/prims/jni.c
Event: 0.495 Thread 0x00007f366000a800 Implicit null exception at 0x00007f36512a8144 to 0x00007f36512aadb1
Event: 0.498 Thread 0x00007f366017e800 Implicit null exception at 0x00007f36512b768c to 0x00007f36512ba2b5
Event: 0.878 Thread 0x00007f36601a8000 Exception <a 'java/lang/ArrayIndexOutOfBoundsException': 18> (0x00000000ebd784c8) thrown at [/HUDSON3/workspace/8-2-build-linux-amd64/jdk8u121/8372/hotspot/src/share/vm/interpreter/interpreterRuntime.cpp, line 366]
Event: 0.878 Thread 0x00007f36601a8000 Exception <a 'java/lang/ArrayIndexOutOfBoundsException': 145> (0x00000000ebd7a048) thrown at [/HUDSON3/workspace/8-2-build-linux-amd64/jdk8u121/8372/hotspot/src/share/vm/interpreter/interpreterRuntime.cpp, line 366]
Event: 0.879 Thread 0x00007f36601a8000 Exception <a 'java/lang/ArrayIndexOutOfBoundsException': 40> (0x00000000ebd7b330) thrown at [/HUDSON3/workspace/8-2-build-linux-amd64/jdk8u121/8372/hotspot/src/share/vm/interpreter/interpreterRuntime.cpp, line 366]
Event: 1.507 Thread 0x00007f3660194800 Implicit null exception at 0x00007f365159159d to 0x00007f3651593ee1

Events (10 events):
Event: 3.403 Thread 0x00007f36601a8000 DEOPT UNPACKING pc=0x00007f3651047633 sp=0x00007f3633bf9920 mode 0
Event: 3.408 Thread 0x00007f36601a1000 DEOPT PACKING pc=0x00007f3651268047 sp=0x00007f3633ffddb0
Event: 3.408 Thread 0x00007f36601a1000 DEOPT UNPACKING pc=0x00007f3651047633 sp=0x00007f3633ffdb18 mode 0
Event: 3.408 Thread 0x00007f36601a8000 DEOPT PACKING pc=0x00007f365143abd9 sp=0x00007f3633bf9d00
Event: 3.408 Thread 0x00007f36601a8000 DEOPT UNPACKING pc=0x00007f3651047633 sp=0x00007f3633bf9b50 mode 0
Event: 3.411 Thread 0x00007f3660194800 DEOPT PACKING pc=0x00007f365127d532 sp=0x00007f36481cfec0
Event: 3.411 Thread 0x00007f3660194800 DEOPT UNPACKING pc=0x00007f3651047633 sp=0x00007f36481cfcc0 mode 0
Event: 3.416 Thread 0x00007f366017e800 DEOPT PACKING pc=0x00007f365127d532 sp=0x00007f36482d0e20
Event: 3.416 Thread 0x00007f366017e800 DEOPT UNPACKING pc=0x00007f3651047633 sp=0x00007f36482d0c20 mode 0
Event: 3.417 Executing VM operation: ParallelGCFailedAllocation


Dynamic libraries:
00400000-00401000 r-xp 00000000 08:01 2900529                            /usr/local/jdk1.8.0_121/jre/bin/java
00600000-00601000 rw-p 00000000 08:01 2900529                            /usr/local/jdk1.8.0_121/jre/bin/java
0146b000-0148c000 rw-p 00000000 00:00 0                                  [heap]
c0000000-c9f80000 rw-p 00000000 00:00 0 
d1380000-eab00000 ---p 00000000 00:00 0 
eab00000-100000000 rw-p 00000000 00:00 0 
100000000-1000c0000 rw-p 00000000 00:00 0 
1000c0000-140000000 ---p 00000000 00:00 0 
7f35dc000000-7f35dc021000 rw-p 00000000 00:00 0 
7f35dc021000-7f35e0000000 ---p 00000000 00:00 0 
7f35e0000000-7f35e0043000 rw-p 00000000 00:00 0 
7f35e0043000-7f35e4000000 ---p 00000000 00:00 0 
7f35e4000000-7f35e4024000 rw-p 00000000 00:00 0 
7f35e4024000-7f35e8000000 ---p 00000000 00:00 0 
7f35e8000000-7f35e8021000 rw-p 00000000 00:00 0 
7f35e8021000-7f35ec000000 ---p 00000000 00:00 0 
7f35ec000000-7f35ec045000 rw-p 00000000 00:00 0 
7f35ec045000-7f35f0000000 ---p 00000000 00:00 0 
7f35f0000000-7f35f0026000 rw-p 00000000 00:00 0 
7f35f0026000-7f35f4000000 ---p 00000000 00:00 0 
7f35f4000000-7f35f4021000 rw-p 00000000 00:00 0 
7f35f4021000-7f35f8000000 ---p 00000000 00:00 0 
7f35f8000000-7f35f8091000 rw-p 00000000 00:00 0 
7f35f8091000-7f35fc000000 ---p 00000000 00:00 0 
7f35fc000000-7f35fc021000 rw-p 00000000 00:00 0 
7f35fc021000-7f3600000000 ---p 00000000 00:00 0 
7f3600000000-7f360004c000 rw-p 00000000 00:00 0 
7f360004c000-7f3604000000 ---p 00000000 00:00 0 
7f3604000000-7f36048c7000 rw-p 00000000 00:00 0 
7f36048c7000-7f3608000000 ---p 00000000 00:00 0 
7f3608000000-7f3608021000 rw-p 00000000 00:00 0 
7f3608021000-7f360c000000 ---p 00000000 00:00 0 
7f360c000000-7f360cee4000 rw-p 00000000 00:00 0 
7f360cee4000-7f3610000000 ---p 00000000 00:00 0 
7f3610000000-7f361112a000 rw-p 00000000 00:00 0 
7f361112a000-7f3614000000 ---p 00000000 00:00 0 
7f3614000000-7f3614021000 rw-p 00000000 00:00 0 
7f3614021000-7f3618000000 ---p 00000000 00:00 0 
7f3618000000-7f3618cb6000 rw-p 00000000 00:00 0 
7f3618cb6000-7f361c000000 ---p 00000000 00:00 0 
7f361c000000-7f361c021000 rw-p 00000000 00:00 0 
7f361c021000-7f3620000000 ---p 00000000 00:00 0 
7f3620000000-7f3620021000 rw-p 00000000 00:00 0 
7f3620021000-7f3624000000 ---p 00000000 00:00 0 
7f3624000000-7f3624021000 rw-p 00000000 00:00 0 
7f3624021000-7f3628000000 ---p 00000000 00:00 0 
7f3628000000-7f3628293000 rw-p 00000000 00:00 0 
7f3628293000-7f362c000000 ---p 00000000 00:00 0 
7f362c000000-7f362c021000 rw-p 00000000 00:00 0 
7f362c021000-7f3630000000 ---p 00000000 00:00 0 
7f3633afb000-7f3633afe000 ---p 00000000 00:00 0 
7f3633afe000-7f3633bfc000 rw-p 00000000 00:00 0 
7f3633bfc000-7f3633bff000 ---p 00000000 00:00 0 
7f3633bff000-7f3633cfd000 rw-p 00000000 00:00 0 
7f3633cfd000-7f3633d00000 ---p 00000000 00:00 0 
7f3633d00000-7f3633dfe000 rw-p 00000000 00:00 0 
7f3633dfe000-7f3633e01000 ---p 00000000 00:00 0 
7f3633e01000-7f3633eff000 rw-p 00000000 00:00 0 
7f3633eff000-7f3633f02000 ---p 00000000 00:00 0 
7f3633f02000-7f3634000000 rw-p 00000000 00:00 0 
7f3634000000-7f3634021000 rw-p 00000000 00:00 0 
7f3634021000-7f3638000000 ---p 00000000 00:00 0 
7f3638000000-7f3638021000 rw-p 00000000 00:00 0 
7f3638021000-7f363c000000 ---p 00000000 00:00 0 
7f363c000000-7f363c021000 rw-p 00000000 00:00 0 
7f363c021000-7f3640000000 ---p 00000000 00:00 0 
7f3640000000-7f3640021000 rw-p 00000000 00:00 0 
7f3640021000-7f3644000000 ---p 00000000 00:00 0 
7f3644000000-7f3644021000 rw-p 00000000 00:00 0 
7f3644021000-7f3648000000 ---p 00000000 00:00 0 
7f36480b0000-7f36480d1000 r--p 00000000 08:01 4853570                    /usr/share/locale-langpack/zh_CN/LC_MESSAGES/libc.mo
7f36480d1000-7f36480d4000 ---p 00000000 00:00 0 
7f36480d4000-7f36481d2000 rw-p 00000000 00:00 0 
7f36481d2000-7f36481d5000 ---p 00000000 00:00 0 
7f36481d5000-7f36482d3000 rw-p 00000000 00:00 0 
7f36482d3000-7f36482d6000 ---p 00000000 00:00 0 
7f36482d6000-7f36483d4000 rw-p 00000000 00:00 0 
7f36483d4000-7f36483d7000 ---p 00000000 00:00 0 
7f36483d7000-7f36484d5000 rw-p 00000000 00:00 0 
7f36484d5000-7f36484d6000 ---p 00000000 00:00 0 
7f36484d6000-7f36485d6000 rw-p 00000000 00:00 0 
7f36485d6000-7f36485d9000 ---p 00000000 00:00 0 
7f36485d9000-7f36486d7000 rw-p 00000000 00:00 0 
7f36486d7000-7f36486da000 ---p 00000000 00:00 0 
7f36486da000-7f36487d8000 rw-p 00000000 00:00 0 
7f36487d8000-7f36487db000 ---p 00000000 00:00 0 
7f36487db000-7f36488d9000 rw-p 00000000 00:00 0 
7f36488d9000-7f36488dc000 ---p 00000000 00:00 0 
7f36488dc000-7f36489da000 rw-p 00000000 00:00 0 
7f36489da000-7f36489dd000 ---p 00000000 00:00 0 
7f36489dd000-7f3648adb000 rw-p 00000000 00:00 0 
7f3648adb000-7f3648ade000 ---p 00000000 00:00 0 
7f3648ade000-7f3648bdc000 rw-p 00000000 00:00 0 
7f3648bdc000-7f364906d000 r--p 00000000 08:01 3277118                    /usr/lib/locale/locale-archive
7f364906d000-7f3649070000 ---p 00000000 00:00 0 
7f3649070000-7f364916e000 rw-p 00000000 00:00 0 
7f364916e000-7f3649171000 ---p 00000000 00:00 0 
7f3649171000-7f364926f000 rw-p 00000000 00:00 0 
7f364926f000-7f3649270000 ---p 00000000 00:00 0 
7f3649270000-7f364c000000 rw-p 00000000 00:00 0 
7f364c000000-7f364c021000 rw-p 00000000 00:00 0 
7f364c021000-7f3650000000 ---p 00000000 00:00 0 
7f365000a000-7f3650019000 r--s 000e4000 08:01 3948987                    /home/coder/.android/sbt/sdk/build-tools/26.0.0/lib/dx.jar
7f3650019000-7f3650e27000 rw-p 00000000 00:00 0 
7f3650e27000-7f3651000000 r--s 03d3e000 08:01 2901169                    /usr/local/jdk1.8.0_121/jre/lib/rt.jar
7f3651000000-7f3651910000 rwxp 00000000 00:00 0 
7f3651910000-7f3660000000 ---p 00000000 00:00 0 
7f3660000000-7f36603af000 rw-p 00000000 00:00 0 
7f36603af000-7f3664000000 ---p 00000000 00:00 0 
7f3664003000-7f366400a000 r--s 00000000 08:01 3554149                    /usr/lib/x86_64-linux-gnu/gconv/gconv-modules.cache
7f366400a000-7f36648e6000 rw-p 00000000 00:00 0 
7f36648e6000-7f3664a26000 ---p 00000000 00:00 0 
7f3664a26000-7f3664c26000 rw-p 00000000 00:00 0 
7f3664c26000-7f3664c27000 ---p 00000000 00:00 0 
7f3664c27000-7f3664d27000 rw-p 00000000 00:00 0 
7f3664d27000-7f3664d28000 ---p 00000000 00:00 0 
7f3664d28000-7f3664e28000 rw-p 00000000 00:00 0 
7f3664e28000-7f3664e29000 ---p 00000000 00:00 0 
7f3664e29000-7f3664f29000 rw-p 00000000 00:00 0 
7f3664f29000-7f3664f2a000 ---p 00000000 00:00 0 
7f3664f2a000-7f366502a000 rw-p 00000000 00:00 0 
7f366502a000-7f366502b000 ---p 00000000 00:00 0 
7f366502b000-7f366512b000 rw-p 00000000 00:00 0 
7f366512b000-7f366512c000 ---p 00000000 00:00 0 
7f366512c000-7f366522c000 rw-p 00000000 00:00 0 
7f366522c000-7f366522d000 ---p 00000000 00:00 0 
7f366522d000-7f366532d000 rw-p 00000000 00:00 0 
7f366532d000-7f366532e000 ---p 00000000 00:00 0 
7f366532e000-7f366547e000 rw-p 00000000 00:00 0 
7f366547e000-7f3665584000 ---p 00000000 00:00 0 
7f3665584000-7f36655d4000 rw-p 00000000 00:00 0 
7f36655d4000-7f36656d9000 ---p 00000000 00:00 0 
7f36656d9000-7f3665784000 rw-p 00000000 00:00 0 
7f3665784000-7f36657aa000 rw-p 00000000 00:00 0 
7f36657aa000-7f3665b45000 ---p 00000000 00:00 0 
7f3665b45000-7f3665b5f000 r-xp 00000000 08:01 2901970                    /usr/local/jdk1.8.0_121/jre/lib/amd64/libzip.so
7f3665b5f000-7f3665d5f000 ---p 0001a000 08:01 2901970                    /usr/local/jdk1.8.0_121/jre/lib/amd64/libzip.so
7f3665d5f000-7f3665d60000 rw-p 0001a000 08:01 2901970                    /usr/local/jdk1.8.0_121/jre/lib/amd64/libzip.so
7f3665d60000-7f3665d6b000 r-xp 00000000 08:01 1327967                    /lib/x86_64-linux-gnu/libnss_files-2.24.so
7f3665d6b000-7f3665f6a000 ---p 0000b000 08:01 1327967                    /lib/x86_64-linux-gnu/libnss_files-2.24.so
7f3665f6a000-7f3665f6b000 r--p 0000a000 08:01 1327967                    /lib/x86_64-linux-gnu/libnss_files-2.24.so
7f3665f6b000-7f3665f6c000 rw-p 0000b000 08:01 1327967                    /lib/x86_64-linux-gnu/libnss_files-2.24.so
7f3665f6c000-7f3665f72000 rw-p 00000000 00:00 0 
7f3665f72000-7f3665f7d000 r-xp 00000000 08:01 1327969                    /lib/x86_64-linux-gnu/libnss_nis-2.24.so
7f3665f7d000-7f366617c000 ---p 0000b000 08:01 1327969                    /lib/x86_64-linux-gnu/libnss_nis-2.24.so
7f366617c000-7f366617d000 r--p 0000a000 08:01 1327969                    /lib/x86_64-linux-gnu/libnss_nis-2.24.so
7f366617d000-7f366617e000 rw-p 0000b000 08:01 1327969                    /lib/x86_64-linux-gnu/libnss_nis-2.24.so
7f366617e000-7f3666194000 r-xp 00000000 08:01 1327964                    /lib/x86_64-linux-gnu/libnsl-2.24.so
7f3666194000-7f3666393000 ---p 00016000 08:01 1327964                    /lib/x86_64-linux-gnu/libnsl-2.24.so
7f3666393000-7f3666394000 r--p 00015000 08:01 1327964                    /lib/x86_64-linux-gnu/libnsl-2.24.so
7f3666394000-7f3666395000 rw-p 00016000 08:01 1327964                    /lib/x86_64-linux-gnu/libnsl-2.24.so
7f3666395000-7f3666397000 rw-p 00000000 00:00 0 
7f3666397000-7f366639f000 r-xp 00000000 08:01 1327965                    /lib/x86_64-linux-gnu/libnss_compat-2.24.so
7f366639f000-7f366659e000 ---p 00008000 08:01 1327965                    /lib/x86_64-linux-gnu/libnss_compat-2.24.so
7f366659e000-7f366659f000 r--p 00007000 08:01 1327965                    /lib/x86_64-linux-gnu/libnss_compat-2.24.so
7f366659f000-7f36665a0000 rw-p 00008000 08:01 1327965                    /lib/x86_64-linux-gnu/libnss_compat-2.24.so
7f36665a0000-7f36665cb000 r-xp 00000000 08:01 2901487                    /usr/local/jdk1.8.0_121/jre/lib/amd64/libjava.so
7f36665cb000-7f36667ca000 ---p 0002b000 08:01 2901487                    /usr/local/jdk1.8.0_121/jre/lib/amd64/libjava.so
7f36667ca000-7f36667cc000 rw-p 0002a000 08:01 2901487                    /usr/local/jdk1.8.0_121/jre/lib/amd64/libjava.so
7f36667cc000-7f36667d9000 r-xp 00000000 08:01 2899834                    /usr/local/jdk1.8.0_121/jre/lib/amd64/libverify.so
7f36667d9000-7f36669d8000 ---p 0000d000 08:01 2899834                    /usr/local/jdk1.8.0_121/jre/lib/amd64/libverify.so
7f36669d8000-7f36669da000 rw-p 0000c000 08:01 2899834                    /usr/local/jdk1.8.0_121/jre/lib/amd64/libverify.so
7f36669da000-7f36669e1000 r-xp 00000000 08:01 1327974                    /lib/x86_64-linux-gnu/librt-2.24.so
7f36669e1000-7f3666be0000 ---p 00007000 08:01 1327974                    /lib/x86_64-linux-gnu/librt-2.24.so
7f3666be0000-7f3666be1000 r--p 00006000 08:01 1327974                    /lib/x86_64-linux-gnu/librt-2.24.so
7f3666be1000-7f3666be2000 rw-p 00007000 08:01 1327974                    /lib/x86_64-linux-gnu/librt-2.24.so
7f3666be2000-7f3666cea000 r-xp 00000000 08:01 1327961                    /lib/x86_64-linux-gnu/libm-2.24.so
7f3666cea000-7f3666ee9000 ---p 00108000 08:01 1327961                    /lib/x86_64-linux-gnu/libm-2.24.so
7f3666ee9000-7f3666eea000 r--p 00107000 08:01 1327961                    /lib/x86_64-linux-gnu/libm-2.24.so
7f3666eea000-7f3666eeb000 rw-p 00108000 08:01 1327961                    /lib/x86_64-linux-gnu/libm-2.24.so
7f3666eeb000-7f3667bb9000 r-xp 00000000 08:01 3025707                    /usr/local/jdk1.8.0_121/jre/lib/amd64/server/libjvm.so
7f3667bb9000-7f3667db9000 ---p 00cce000 08:01 3025707                    /usr/local/jdk1.8.0_121/jre/lib/amd64/server/libjvm.so
7f3667db9000-7f3667e92000 rw-p 00cce000 08:01 3025707                    /usr/local/jdk1.8.0_121/jre/lib/amd64/server/libjvm.so
7f3667e92000-7f3667edd000 rw-p 00000000 00:00 0 
7f3667edd000-7f366809b000 r-xp 00000000 08:01 1327957                    /lib/x86_64-linux-gnu/libc-2.24.so
7f366809b000-7f366829a000 ---p 001be000 08:01 1327957                    /lib/x86_64-linux-gnu/libc-2.24.so
7f366829a000-7f366829e000 r--p 001bd000 08:01 1327957                    /lib/x86_64-linux-gnu/libc-2.24.so
7f366829e000-7f36682a0000 rw-p 001c1000 08:01 1327957                    /lib/x86_64-linux-gnu/libc-2.24.so
7f36682a0000-7f36682a4000 rw-p 00000000 00:00 0 
7f36682a4000-7f36682a7000 r-xp 00000000 08:01 1327960                    /lib/x86_64-linux-gnu/libdl-2.24.so
7f36682a7000-7f36684a6000 ---p 00003000 08:01 1327960                    /lib/x86_64-linux-gnu/libdl-2.24.so
7f36684a6000-7f36684a7000 r--p 00002000 08:01 1327960                    /lib/x86_64-linux-gnu/libdl-2.24.so
7f36684a7000-7f36684a8000 rw-p 00003000 08:01 1327960                    /lib/x86_64-linux-gnu/libdl-2.24.so
7f36684a8000-7f36684bd000 r-xp 00000000 08:01 3937100                    /usr/local/jdk1.8.0_121/jre/lib/amd64/jli/libjli.so
7f36684bd000-7f36686bd000 ---p 00015000 08:01 3937100                    /usr/local/jdk1.8.0_121/jre/lib/amd64/jli/libjli.so
7f36686bd000-7f36686be000 rw-p 00015000 08:01 3937100                    /usr/local/jdk1.8.0_121/jre/lib/amd64/jli/libjli.so
7f36686be000-7f36686d6000 r-xp 00000000 08:01 1327972                    /lib/x86_64-linux-gnu/libpthread-2.24.so
7f36686d6000-7f36688d6000 ---p 00018000 08:01 1327972                    /lib/x86_64-linux-gnu/libpthread-2.24.so
7f36688d6000-7f36688d7000 r--p 00018000 08:01 1327972                    /lib/x86_64-linux-gnu/libpthread-2.24.so
7f36688d7000-7f36688d8000 rw-p 00019000 08:01 1327972                    /lib/x86_64-linux-gnu/libpthread-2.24.so
7f36688d8000-7f36688dc000 rw-p 00000000 00:00 0 
7f36688dc000-7f3668902000 r-xp 00000000 08:01 1315439                    /lib/x86_64-linux-gnu/ld-2.24.so
7f3668902000-7f366890a000 r--s 00047000 08:01 3559093                    /home/coder/.android/sbt/exploded-aars/com.android.support-support-media-compat-25.3.1/classes.jar
7f366890a000-7f36689dc000 rw-p 00000000 00:00 0 
7f36689dc000-7f36689df000 ---p 00000000 00:00 0 
7f36689df000-7f3668adf000 rw-p 00000000 00:00 0 
7f3668ae0000-7f3668af4000 rw-p 00000000 00:00 0 
7f3668af4000-7f3668afc000 rw-s 00000000 08:01 3696382                    /tmp/hsperfdata_coder/11860
7f3668afc000-7f3668afd000 rw-p 00000000 00:00 0 
7f3668afd000-7f3668afe000 ---p 00000000 00:00 0 
7f3668afe000-7f3668b01000 rw-p 00000000 00:00 0 
7f3668b01000-7f3668b02000 r--p 00025000 08:01 1315439                    /lib/x86_64-linux-gnu/ld-2.24.so
7f3668b02000-7f3668b03000 rw-p 00026000 08:01 1315439                    /lib/x86_64-linux-gnu/ld-2.24.so
7f3668b03000-7f3668b04000 rw-p 00000000 00:00 0 
7ffcf97c9000-7ffcf97eb000 rw-p 00000000 00:00 0                          [stack]
7ffcf97f6000-7ffcf97f8000 r--p 00000000 00:00 0                          [vvar]
7ffcf97f8000-7ffcf97fa000 r-xp 00000000 00:00 0                          [vdso]
ffffffffff600000-ffffffffff601000 r-xp 00000000 00:00 0                  [vsyscall]

VM Arguments:
jvm_args: -Xmx1024m 
java_command: com.android.dx.command.Main --dex --num-threads=8 --output /home/coder/IdeaProjects/ScalaProject/greenvpn/target/android/intermediates/dex /home/coder/IdeaProjects/ScalaProject/greenvpn/target/streams/android/proguardInputs/$global/streams/proguard_cache/proguard-cache-91bc688846b9d8bb8b3d3d0f00e8f6e736e5d53b.jar /home/coder/.android/sbt/exploded-aars/com.android.support-design-25.3.1/classes.jar /home/coder/.android/sbt/exploded-aars/com.android.support-support-v4-25.3.1/classes.jar /home/coder/.android/sbt/exploded-aars/com.android.support-animated-vector-drawable-25.3.1/classes.jar /home/coder/.android/sbt/exploded-aars/com.android.support-support-core-utils-25.3.1/classes.jar /home/coder/.android/sbt/exploded-aars/com.android.support-appcompat-v7-25.3.1/classes.jar /home/coder/.ivy2/cache/com.google.code.gson/gson/jars/gson-2.8.1.jar /home/coder/.android/sbt/exploded-aars/com.android.support-support-fragment-25.3.1/classes.jar /home/coder/.android/sbt/exploded-aars/com.android.support-support-vector-drawable-25.3.1/classes.jar /home/coder/IdeaProjects/ScalaProject/greenvpn/target/android/intermediates/classes.jar /home/coder/.android/sbt/exploded-aars/com.android.support-recyclerview-v7-25.3.1/classes.jar /home/coder/.android/sbt/exploded-aars/com.android.support-transition-25.3.1/classes.jar /home/coder/.android/sbt/exploded-aars/com.android.support-support-media-compat-25.3.1/classes.jar /home/coder/.android/sbt/exploded-aars/com.android.support-support-compat-25.3.1/classes.jar /home/coder/.android/sbt/sdk/extras/android/m2repository/com/android/support/support-annotations/25.3.1/support-annotations-25.3.1.jar /home/coder/.android/sbt/exploded-aars/com.android.support-support-core-ui-25.3.1/classes.jar
java_class_path (initial): /home/coder/.android/sbt/sdk/build-tools/26.0.0/lib/dx.jar
Launcher Type: SUN_STANDARD

Environment Variables:
JAVA_HOME=/usr/local/jdk1.8.0_121
CLASSPATH=/usr/local/software/idea-IU-171.3780.107/lib/bootstrap.jar:/usr/local/software/idea-IU-171.3780.107/lib/extensions.jar:/usr/local/software/idea-IU-171.3780.107/lib/util.jar:/usr/local/software/idea-IU-171.3780.107/lib/jdom.jar:/usr/local/software/idea-IU-171.3780.107/lib/log4j.jar:/usr/local/software/idea-IU-171.3780.107/lib/trove4j.jar:/usr/local/software/idea-IU-171.3780.107/lib/jna.jar:/usr/local/software/idea-IU-171.3780.107/jre64/lib/tools.jar
PATH=/usr/local/scala/bin:/usr/local/jdk1.8.0_121/bin:/usr/local/sbin:/usr/local/bin:/usr/sbin:/usr/bin:/sbin:/bin:/usr/games:/usr/local/games:$JAVA_HOME/bin:/snap/bin:/usr/lib/jvm/java-8-oracle/bin:/usr/lib/jvm/java-8-oracle/db/bin:/usr/lib/jvm/java-8-oracle/jre/bin:/usr/local/hadoop-2.8.0/bin:/usr/local/hadoop-2.8.0/hive/bin:/usr/local/hbase-1.2.5/bin
LD_LIBRARY_PATH=/usr/local/software/idea-IU-171.3780.107/bin:
SHELL=/bin/bash
DISPLAY=:0

Signal Handlers:
SIGSEGV: [libjvm.so+0xac78c0], sa_mask[0]=11111111011111111101111111111110, sa_flags=SA_RESTART|SA_SIGINFO
SIGBUS: [libjvm.so+0xac78c0], sa_mask[0]=11111111011111111101111111111110, sa_flags=SA_RESTART|SA_SIGINFO
SIGFPE: [libjvm.so+0x920ac0], sa_mask[0]=11111111011111111101111111111110, sa_flags=SA_RESTART|SA_SIGINFO
SIGPIPE: [libjvm.so+0x920ac0], sa_mask[0]=11111111011111111101111111111110, sa_flags=SA_RESTART|SA_SIGINFO
SIGXFSZ: [libjvm.so+0x920ac0], sa_mask[0]=11111111011111111101111111111110, sa_flags=SA_RESTART|SA_SIGINFO
SIGILL: [libjvm.so+0x920ac0], sa_mask[0]=11111111011111111101111111111110, sa_flags=SA_RESTART|SA_SIGINFO
SIGUSR1: SIG_DFL, sa_mask[0]=00000000000000000000000000000000, sa_flags=none
SIGUSR2: [libjvm.so+0x922300], sa_mask[0]=00100000000000000000000000000000, sa_flags=SA_RESTART|SA_SIGINFO
SIGHUP: [libjvm.so+0x923700], sa_mask[0]=11111111011111111101111111111110, sa_flags=SA_RESTART|SA_SIGINFO
SIGINT: [libjvm.so+0x923700], sa_mask[0]=11111111011111111101111111111110, sa_flags=SA_RESTART|SA_SIGINFO
SIGTERM: [libjvm.so+0x923700], sa_mask[0]=11111111011111111101111111111110, sa_flags=SA_RESTART|SA_SIGINFO
SIGQUIT: [libjvm.so+0x923700], sa_mask[0]=11111111011111111101111111111110, sa_flags=SA_RESTART|SA_SIGINFO


---------------  S Y S T E M  ---------------

OS:Red Hat Linux release 6

uname:Linux 4.10.0-26-generic #30-Ubuntu SMP Tue Jun 27 09:30:12 UTC 2017 x86_64
libc:glibc 2.24 NPTL 2.24 
rlimit: STACK 10240k, CORE 0k, NPROC 2047, NOFILE 65536, AS infinity
load average:1.32 1.09 1.06

/proc/meminfo:
MemTotal:        8057424 kB
MemFree:          121968 kB
MemAvailable:      51000 kB
Buffers:            1316 kB
Cached:           605900 kB
SwapCached:            0 kB
Active:          4830292 kB
Inactive:         565720 kB
Active(anon):    4791364 kB
Inactive(anon):   526512 kB
Active(file):      38928 kB
Inactive(file):    39208 kB
Unevictable:          96 kB
Mlocked:              96 kB
SwapTotal:             0 kB
SwapFree:              0 kB
Dirty:                44 kB
Writeback:             0 kB
AnonPages:       4790148 kB
Mapped:          2475700 kB
Shmem:            528096 kB
Slab:             127872 kB
SReclaimable:      51904 kB
SUnreclaim:        75968 kB
KernelStack:       17056 kB
PageTables:        71292 kB
NFS_Unstable:          0 kB
Bounce:                0 kB
WritebackTmp:          0 kB
CommitLimit:     4028712 kB
Committed_AS:   14795016 kB
VmallocTotal:   34359738367 kB
VmallocUsed:           0 kB
VmallocChunk:          0 kB
HardwareCorrupted:     0 kB
AnonHugePages:   2420736 kB
ShmemHugePages:        0 kB
ShmemPmdMapped:        0 kB
CmaTotal:              0 kB
CmaFree:               0 kB
HugePages_Total:       0
HugePages_Free:        0
HugePages_Rsvd:        0
HugePages_Surp:        0
Hugepagesize:       2048 kB
DirectMap4k:      253368 kB
DirectMap2M:     8019968 kB
DirectMap1G:           0 kB


CPU:total 8 (4 cores per cpu, 2 threads per core) family 6 model 60 stepping 3, cmov, cx8, fxsr, mmx, sse, sse2, sse3, ssse3, sse4.1, sse4.2, popcnt, avx, avx2, aes, clmul, erms, lzcnt, ht, tsc, tscinvbit, bmi1, bmi2

/proc/cpuinfo:
processor	: 0
vendor_id	: GenuineIntel
cpu family	: 6
model		: 60
model name	: Intel(R) Core(TM) i7-4710MQ CPU @ 2.50GHz
stepping	: 3
microcode	: 0x17
cpu MHz		: 3097.839
cache size	: 6144 KB
physical id	: 0
siblings	: 8
core id		: 0
cpu cores	: 4
apicid		: 0
initial apicid	: 0
fpu		: yes
fpu_exception	: yes
cpuid level	: 13
wp		: yes
flags		: fpu vme de pse tsc msr pae mce cx8 apic sep mtrr pge mca cmov pat pse36 clflush dts acpi mmx fxsr sse sse2 ss ht tm pbe syscall nx pdpe1gb rdtscp lm constant_tsc arch_perfmon pebs bts rep_good nopl xtopology nonstop_tsc aperfmperf pni pclmulqdq dtes64 monitor ds_cpl vmx est tm2 ssse3 sdbg fma cx16 xtpr pdcm pcid sse4_1 sse4_2 movbe popcnt tsc_deadline_timer aes xsave avx f16c rdrand lahf_lm abm epb tpr_shadow vnmi flexpriority ept vpid fsgsbase tsc_adjust bmi1 avx2 smep bmi2 erms invpcid xsaveopt dtherm ida arat pln pts
bugs		:
bogomips	: 4988.29
clflush size	: 64
cache_alignment	: 64
address sizes	: 39 bits physical, 48 bits virtual
power management:

processor	: 1
vendor_id	: GenuineIntel
cpu family	: 6
model		: 60
model name	: Intel(R) Core(TM) i7-4710MQ CPU @ 2.50GHz
stepping	: 3
microcode	: 0x17
cpu MHz		: 3094.635
cache size	: 6144 KB
physical id	: 0
siblings	: 8
core id		: 1
cpu cores	: 4
apicid		: 2
initial apicid	: 2
fpu		: yes
fpu_exception	: yes
cpuid level	: 13
wp		: yes
flags		: fpu vme de pse tsc msr pae mce cx8 apic sep mtrr pge mca cmov pat pse36 clflush dts acpi mmx fxsr sse sse2 ss ht tm pbe syscall nx pdpe1gb rdtscp lm constant_tsc arch_perfmon pebs bts rep_good nopl xtopology nonstop_tsc aperfmperf pni pclmulqdq dtes64 monitor ds_cpl vmx est tm2 ssse3 sdbg fma cx16 xtpr pdcm pcid sse4_1 sse4_2 movbe popcnt tsc_deadline_timer aes xsave avx f16c rdrand lahf_lm abm epb tpr_shadow vnmi flexpriority ept vpid fsgsbase tsc_adjust bmi1 avx2 smep bmi2 erms invpcid xsaveopt dtherm ida arat pln pts
bugs		:
bogomips	: 4988.29
clflush size	: 64
cache_alignment	: 64
address sizes	: 39 bits physical, 48 bits virtual
power management:

processor	: 2
vendor_id	: GenuineIntel
cpu family	: 6
model		: 60
model name	: Intel(R) Core(TM) i7-4710MQ CPU @ 2.50GHz
stepping	: 3
microcode	: 0x17
cpu MHz		: 3099.975
cache size	: 6144 KB
physical id	: 0
siblings	: 8
core id		: 2
cpu cores	: 4
apicid		: 4
initial apicid	: 4
fpu		: yes
fpu_exception	: yes
cpuid level	: 13
wp		: yes
flags		: fpu vme de pse tsc msr pae mce cx8 apic sep mtrr pge mca cmov pat pse36 clflush dts acpi mmx fxsr sse sse2 ss ht tm pbe syscall nx pdpe1gb rdtscp lm constant_tsc arch_perfmon pebs bts rep_good nopl xtopology nonstop_tsc aperfmperf pni pclmulqdq dtes64 monitor ds_cpl vmx est tm2 ssse3 sdbg fma cx16 xtpr pdcm pcid sse4_1 sse4_2 movbe popcnt tsc_deadline_timer aes xsave avx f16c rdrand lahf_lm abm epb tpr_shadow vnmi flexpriority ept vpid fsgsbase tsc_adjust bmi1 avx2 smep bmi2 erms invpcid xsaveopt dtherm ida arat pln pts
bugs		:
bogomips	: 4988.29
clflush size	: 64
cache_alignment	: 64
address sizes	: 39 bits physical, 48 bits virtual
power management:

processor	: 3
vendor_id	: GenuineIntel
cpu family	: 6
model		: 60
model name	: Intel(R) Core(TM) i7-4710MQ CPU @ 2.50GHz
stepping	: 3
microcode	: 0x17
cpu MHz		: 3099.975
cache size	: 6144 KB
physical id	: 0
siblings	: 8
core id		: 3
cpu cores	: 4
apicid		: 6
initial apicid	: 6
fpu		: yes
fpu_exception	: yes
cpuid level	: 13
wp		: yes
flags		: fpu vme de pse tsc msr pae mce cx8 apic sep mtrr pge mca cmov pat pse36 clflush dts acpi mmx fxsr sse sse2 ss ht tm pbe syscall nx pdpe1gb rdtscp lm constant_tsc arch_perfmon pebs bts rep_good nopl xtopology nonstop_tsc aperfmperf pni pclmulqdq dtes64 monitor ds_cpl vmx est tm2 ssse3 sdbg fma cx16 xtpr pdcm pcid sse4_1 sse4_2 movbe popcnt tsc_deadline_timer aes xsave avx f16c rdrand lahf_lm abm epb tpr_shadow vnmi flexpriority ept vpid fsgsbase tsc_adjust bmi1 avx2 smep bmi2 erms invpcid xsaveopt dtherm ida arat pln pts
bugs		:
bogomips	: 4988.29
clflush size	: 64
cache_alignment	: 64
address sizes	: 39 bits physical, 48 bits virtual
power management:

processor	: 4
vendor_id	: GenuineIntel
cpu family	: 6
model		: 60
model name	: Intel(R) Core(TM) i7-4710MQ CPU @ 2.50GHz
stepping	: 3
microcode	: 0x17
cpu MHz		: 3099.822
cache size	: 6144 KB
physical id	: 0
siblings	: 8
core id		: 0
cpu cores	: 4
apicid		: 1
initial apicid	: 1
fpu		: yes
fpu_exception	: yes
cpuid level	: 13
wp		: yes
flags		: fpu vme de pse tsc msr pae mce cx8 apic sep mtrr pge mca cmov pat pse36 clflush dts acpi mmx fxsr sse sse2 ss ht tm pbe syscall nx pdpe1gb rdtscp lm constant_tsc arch_perfmon pebs bts rep_good nopl xtopology nonstop_tsc aperfmperf pni pclmulqdq dtes64 monitor ds_cpl vmx est tm2 ssse3 sdbg fma cx16 xtpr pdcm pcid sse4_1 sse4_2 movbe popcnt tsc_deadline_timer aes xsave avx f16c rdrand lahf_lm abm epb tpr_shadow vnmi flexpriority ept vpid fsgsbase tsc_adjust bmi1 avx2 smep bmi2 erms invpcid xsaveopt dtherm ida arat pln pts
bugs		:
bogomips	: 4988.29
clflush size	: 64
cache_alignment	: 64
address sizes	: 39 bits physical, 48 bits virtual
power management:

processor	: 5
vendor_id	: GenuineIntel
cpu family	: 6
model		: 60
model name	: Intel(R) Core(TM) i7-4710MQ CPU @ 2.50GHz
stepping	: 3
microcode	: 0x17
cpu MHz		: 3063.659
cache size	: 6144 KB
physical id	: 0
siblings	: 8
core id		: 1
cpu cores	: 4
apicid		: 3
initial apicid	: 3
fpu		: yes
fpu_exception	: yes
cpuid level	: 13
wp		: yes
flags		: fpu vme de pse tsc msr pae mce cx8 apic sep mtrr pge mca cmov pat pse36 clflush dts acpi mmx fxsr sse sse2 ss ht tm pbe syscall nx pdpe1gb rdtscp lm constant_tsc arch_perfmon pebs bts rep_good nopl xtopology nonstop_tsc aperfmperf pni pclmulqdq dtes64 monitor ds_cpl vmx est tm2 ssse3 sdbg fma cx16 xtpr pdcm pcid sse4_1 sse4_2 movbe popcnt tsc_deadline_timer aes xsave avx f16c rdrand lahf_lm abm epb tpr_shadow vnmi flexpriority ept vpid fsgsbase tsc_adjust bmi1 avx2 smep bmi2 erms invpcid xsaveopt dtherm ida arat pln pts
bugs		:
bogomips	: 4988.29
clflush size	: 64
cache_alignment	: 64
address sizes	: 39 bits physical, 48 bits virtual
power management:

processor	: 6
vendor_id	: GenuineIntel
cpu family	: 6
model		: 60
model name	: Intel(R) Core(TM) i7-4710MQ CPU @ 2.50GHz
stepping	: 3
microcode	: 0x17
cpu MHz		: 3099.975
cache size	: 6144 KB
physical id	: 0
siblings	: 8
core id		: 2
cpu cores	: 4
apicid		: 5
initial apicid	: 5
fpu		: yes
fpu_exception	: yes
cpuid level	: 13
wp		: yes
flags		: fpu vme de pse tsc msr pae mce cx8 apic sep mtrr pge mca cmov pat pse36 clflush dts acpi mmx fxsr sse sse2 ss ht tm pbe syscall nx pdpe1gb rdtscp lm constant_tsc arch_perfmon pebs bts rep_good nopl xtopology nonstop_tsc aperfmperf pni pclmulqdq dtes64 monitor ds_cpl vmx est tm2 ssse3 sdbg fma cx16 xtpr pdcm pcid sse4_1 sse4_2 movbe popcnt tsc_deadline_timer aes xsave avx f16c rdrand lahf_lm abm epb tpr_shadow vnmi flexpriority ept vpid fsgsbase tsc_adjust bmi1 avx2 smep bmi2 erms invpcid xsaveopt dtherm ida arat pln pts
bugs		:
bogomips	: 4988.29
clflush size	: 64
cache_alignment	: 64
address sizes	: 39 bits physical, 48 bits virtual
power management:

processor	: 7
vendor_id	: GenuineIntel
cpu family	: 6
model		: 60
model name	: Intel(R) Core(TM) i7-4710MQ CPU @ 2.50GHz
stepping	: 3
microcode	: 0x17
cpu MHz		: 3099.975
cache size	: 6144 KB
physical id	: 0
siblings	: 8
core id		: 3
cpu cores	: 4
apicid		: 7
initial apicid	: 7
fpu		: yes
fpu_exception	: yes
cpuid level	: 13
wp		: yes
flags		: fpu vme de pse tsc msr pae mce cx8 apic sep mtrr pge mca cmov pat pse36 clflush dts acpi mmx fxsr sse sse2 ss ht tm pbe syscall nx pdpe1gb rdtscp lm constant_tsc arch_perfmon pebs bts rep_good nopl xtopology nonstop_tsc aperfmperf pni pclmulqdq dtes64 monitor ds_cpl vmx est tm2 ssse3 sdbg fma cx16 xtpr pdcm pcid sse4_1 sse4_2 movbe popcnt tsc_deadline_timer aes xsave avx f16c rdrand lahf_lm abm epb tpr_shadow vnmi flexpriority ept vpid fsgsbase tsc_adjust bmi1 avx2 smep bmi2 erms invpcid xsaveopt dtherm ida arat pln pts
bugs		:
bogomips	: 4988.29
clflush size	: 64
cache_alignment	: 64
address sizes	: 39 bits physical, 48 bits virtual
power management:



Memory: 4k page, physical 8057424k(122196k free), swap 0k(0k free)

vm_info: Java HotSpot(TM) 64-Bit Server VM (25.121-b13) for linux-amd64 JRE (1.8.0_121-b13), built on Dec 12 2016 16:36:53 by "java_re" with gcc 4.3.0 20080428 (Red Hat 4.3.0-8)

time: Tue Jul  4 22:12:04 2017
elapsed time: 4 seconds (0d 0h 0m 4s)

