#
# There is insufficient memory for the Java Runtime Environment to continue.
# Native memory allocation (mmap) failed to map 119537664 bytes for committing reserved memory.
# Possible reasons:
#   The system is out of physical RAM or swap space
#   In 32 bit mode, the process size limit was hit
# Possible solutions:
#   Reduce memory load on the system
#   Increase physical memory or swap space
#   Check if swap backing store is full
#   Use 64 bit Java on a 64 bit OS
#   Decrease Java heap size (-Xmx/-Xms)
#   Decrease number of Java threads
#   Decrease Java thread stack sizes (-Xss)
#   Set larger code cache with -XX:ReservedCodeCacheSize=
# This output file may be truncated or incomplete.
#
#  Out of Memory Error (os_linux.cpp:2627), pid=27199, tid=0x00007f14d028f700
#
# JRE version: Java(TM) SE Runtime Environment (8.0_121-b13) (build 1.8.0_121-b13)
# Java VM: Java HotSpot(TM) 64-Bit Server VM (25.121-b13 mixed mode linux-amd64 compressed oops)
# Failed to write core dump. Core dumps have been disabled. To enable core dumping, try "ulimit -c unlimited" before starting Java again
#

---------------  T H R E A D  ---------------

Current thread (0x00007f14e0080800):  VMThread [stack: 0x00007f14d018f000,0x00007f14d0290000] [id=27212]

Stack: [0x00007f14d018f000,0x00007f14d0290000],  sp=0x00007f14d028e020,  free space=1020k
Native frames: (J=compiled Java code, j=interpreted, Vv=VM code, C=native code)
V  [libjvm.so+0xac703a]  VMError::report_and_die()+0x2ba
V  [libjvm.so+0x4fc7eb]  report_vm_out_of_memory(char const*, int, unsigned long, VMErrorType, char const*)+0x8b
V  [libjvm.so+0x923c43]  os::Linux::commit_memory_impl(char*, unsigned long, bool)+0x103
V  [libjvm.so+0x924199]  os::pd_commit_memory(char*, unsigned long, unsigned long, bool)+0x29
V  [libjvm.so+0x91e4aa]  os::commit_memory(char*, unsigned long, unsigned long, bool)+0x2a
V  [libjvm.so+0x992f03]  PSVirtualSpace::expand_by(unsigned long)+0x53
V  [libjvm.so+0x9837c0]  PSOldGen::expand(unsigned long)+0x170
V  [libjvm.so+0x9839cb]  PSOldGen::resize(unsigned long)+0x1cb
V  [libjvm.so+0x98b6d1]  PSParallelCompact::invoke_no_policy(bool)+0x991
V  [libjvm.so+0x99102d]  PSScavenge::invoke()+0x1ad
V  [libjvm.so+0x947c10]  ParallelScavengeHeap::failed_mem_allocate(unsigned long)+0x70
V  [libjvm.so+0xac8a57]  VM_ParallelGCFailedAllocation::doit()+0x97
V  [libjvm.so+0xad0535]  VM_Operation::evaluate()+0x55
V  [libjvm.so+0xace90a]  VMThread::evaluate_operation(VM_Operation*)+0xba
V  [libjvm.so+0xacec8e]  VMThread::loop()+0x1ce
V  [libjvm.so+0xacf100]  VMThread::run()+0x70
V  [libjvm.so+0x926268]  java_start(Thread*)+0x108

VM_Operation (0x00007f14c9364ac0): ParallelGCFailedAllocation, mode: safepoint, requested by thread 0x00007f14e016c800


---------------  P R O C E S S  ---------------

Java Threads: ( => current thread )
  0x00007f14e01b6000 JavaThread "pool-1-thread-8" [_thread_blocked, id=27230, stack(0x00007f14c8a5e000,0x00007f14c8b5f000)]
  0x00007f14e01b4800 JavaThread "pool-1-thread-7" [_thread_blocked, id=27229, stack(0x00007f14c8b5f000,0x00007f14c8c60000)]
  0x00007f14e01b3000 JavaThread "pool-1-thread-6" [_thread_blocked, id=27228, stack(0x00007f14c8c60000,0x00007f14c8d61000)]
  0x00007f14e01b1000 JavaThread "pool-1-thread-5" [_thread_blocked, id=27227, stack(0x00007f14c8d61000,0x00007f14c8e62000)]
  0x00007f14e01af800 JavaThread "pool-1-thread-4" [_thread_blocked, id=27226, stack(0x00007f14c8e62000,0x00007f14c8f63000)]
  0x00007f14e0193000 JavaThread "pool-1-thread-3" [_thread_blocked, id=27225, stack(0x00007f14c8f63000,0x00007f14c9064000)]
  0x00007f14e017f000 JavaThread "pool-1-thread-2" [_thread_blocked, id=27224, stack(0x00007f14c9064000,0x00007f14c9165000)]
  0x00007f14e016e800 JavaThread "pool-2-thread-1" [_thread_blocked, id=27223, stack(0x00007f14c9165000,0x00007f14c9266000)]
  0x00007f14e016c800 JavaThread "pool-1-thread-1" [_thread_blocked, id=27222, stack(0x00007f14c9266000,0x00007f14c9367000)]
  0x00007f14e00d3000 JavaThread "Service Thread" daemon [_thread_blocked, id=27220, stack(0x00007f14c9468000,0x00007f14c9569000)]
  0x00007f14e00c8000 JavaThread "C1 CompilerThread3" daemon [_thread_blocked, id=27219, stack(0x00007f14c9569000,0x00007f14c966a000)]
  0x00007f14e00c6000 JavaThread "C2 CompilerThread2" daemon [_thread_blocked, id=27218, stack(0x00007f14c966a000,0x00007f14c976b000)]
  0x00007f14e00c4000 JavaThread "C2 CompilerThread1" daemon [_thread_blocked, id=27217, stack(0x00007f14c976b000,0x00007f14c986c000)]
  0x00007f14e00c1000 JavaThread "C2 CompilerThread0" daemon [_thread_blocked, id=27216, stack(0x00007f14c986c000,0x00007f14c996d000)]
  0x00007f14e00bf800 JavaThread "Signal Dispatcher" daemon [_thread_blocked, id=27215, stack(0x00007f14c996d000,0x00007f14c9a6e000)]
  0x00007f14e008d000 JavaThread "Finalizer" daemon [_thread_blocked, id=27214, stack(0x00007f14c9eff000,0x00007f14ca000000)]
  0x00007f14e0088000 JavaThread "Reference Handler" daemon [_thread_blocked, id=27213, stack(0x00007f14d008e000,0x00007f14d018f000)]
  0x00007f14e000a800 JavaThread "main" [_thread_blocked, id=27203, stack(0x00007f14e98e7000,0x00007f14e99e8000)]

Other Threads:
=>0x00007f14e0080800 VMThread [stack: 0x00007f14d018f000,0x00007f14d0290000] [id=27212]
  0x00007f14e00d6000 WatcherThread [stack: 0x00007f14c9367000,0x00007f14c9468000] [id=27221]

VM state:at safepoint (normal execution)

VM Mutex/Monitor currently owned by a thread:  ([mutex/lock_event])
[0x00007f14e0006630] ExpandHeap_lock - owner thread: 0x00007f14e0080800
[0x00007f14e0006cb0] Threads_lock - owner thread: 0x00007f14e0080800
[0x00007f14e00071b0] Heap_lock - owner thread: 0x00007f14e016c800

Heap:
 PSYoungGen      total 219648K, used 31117K [0x00000000eab00000, 0x0000000100000000, 0x0000000100000000)
  eden space 163840K, 0% used [0x00000000eab00000,0x00000000eab00000,0x00000000f4b00000)
  from space 55808K, 55% used [0x00000000fc980000,0x00000000fe7e3488,0x0000000100000000)
  to   space 92672K, 0% used [0x00000000f4b00000,0x00000000f4b00000,0x00000000fa580000)
 ParOldGen       total 161280K, used 161051K [0x00000000c0000000, 0x00000000c9d80000, 0x00000000eab00000)
  object space 161280K, 99% used [0x00000000c0000000,0x00000000c9d46f90,0x00000000c9d80000)
 Metaspace       used 6558K, capacity 7320K, committed 7680K, reserved 1056768K
  class space    used 625K, capacity 656K, committed 768K, reserved 1048576K

Card table byte_map: [0x00007f14e648f000,0x00007f14e6690000] byte_map_base: 0x00007f14e5e8f000

Marking Bits: (ParMarkBitMap*) 0x00007f14e8dbac80
 Begin Bits: [0x00007f14ca000000, 0x00007f14cb000000)
 End Bits:   [0x00007f14cb000000, 0x00007f14cc000000)

Polling page: 0x00007f14e9a08000

CodeCache: size=245760Kb used=9543Kb max_used=9565Kb free=236216Kb
 bounds [0x00007f14d1000000, 0x00007f14d1970000, 0x00007f14e0000000]
 total_blobs=2531 nmethods=2264 adapters=180
 compilation: enabled

Compilation events (10 events):
Event: 3.477 Thread 0x00007f14e00c8000 2535 %     3       com.android.dx.util.Hex::u2 @ 6 (44 bytes)
Event: 3.478 Thread 0x00007f14e00c8000 nmethod 2535% 0x00007f14d192b150 code [0x00007f14d192b320, 0x00007f14d192ba18]
Event: 3.480 Thread 0x00007f14e00c4000 nmethod 2491 0x00007f14d1953e10 code [0x00007f14d19543a0, 0x00007f14d195a560]
Event: 3.480 Thread 0x00007f14e00c4000 2524       4       com.android.dx.ssa.SCCP::run (298 bytes)
Event: 3.480 Thread 0x00007f14e00c8000 2536       2       com.android.dx.cf.direct.DirectClassFile$DcfTypeList::getType (26 bytes)
Event: 3.481 Thread 0x00007f14e00c8000 nmethod 2536 0x00007f14d192e190 code [0x00007f14d192e3c0, 0x00007f14d192ec08]
Event: 3.494 Thread 0x00007f14e00c8000 2538       2       com.android.dx.dex.file.AnnotationUtils::makeThrows (40 bytes)
Event: 3.494 Thread 0x00007f14e00c8000 nmethod 2538 0x00007f14d192a990 code [0x00007f14d192ab40, 0x00007f14d192aea8]
Event: 3.513 Thread 0x00007f14e00c8000 2540       3       com.android.dx.rop.type.Prototype::getParameterFrameTypes (96 bytes)
Event: 3.515 Thread 0x00007f14e00c8000 nmethod 2540 0x00007f14d1928d50 code [0x00007f14d1928fa0, 0x00007f14d1929f98]

GC Heap History (10 events):
Event: 1.988 GC heap after
Heap after GC invocations=7 (full 0):
 PSYoungGen      total 279040K, used 28657K [0x00000000eab00000, 0x0000000100000000, 0x0000000100000000)
  eden space 250368K, 0% used [0x00000000eab00000,0x00000000eab00000,0x00000000f9f80000)
  from space 28672K, 99% used [0x00000000f9f80000,0x00000000fbb7c718,0x00000000fbb80000)
  to   space 48640K, 0% used [0x00000000fd080000,0x00000000fd080000,0x0000000100000000)
 ParOldGen       total 84992K, used 71275K [0x00000000c0000000, 0x00000000c5300000, 0x00000000eab00000)
  object space 84992K, 83% used [0x00000000c0000000,0x00000000c459ad40,0x00000000c5300000)
 Metaspace       used 6511K, capacity 7320K, committed 7680K, reserved 1056768K
  class space    used 625K, capacity 656K, committed 768K, reserved 1048576K
}
Event: 1.988 GC heap before
{Heap before GC invocations=8 (full 1):
 PSYoungGen      total 279040K, used 28657K [0x00000000eab00000, 0x0000000100000000, 0x0000000100000000)
  eden space 250368K, 0% used [0x00000000eab00000,0x00000000eab00000,0x00000000f9f80000)
  from space 28672K, 99% used [0x00000000f9f80000,0x00000000fbb7c718,0x00000000fbb80000)
  to   space 48640K, 0% used [0x00000000fd080000,0x00000000fd080000,0x0000000100000000)
 ParOldGen       total 84992K, used 71275K [0x00000000c0000000, 0x00000000c5300000, 0x00000000eab00000)
  object space 84992K, 83% used [0x00000000c0000000,0x00000000c459ad40,0x00000000c5300000)
 Metaspace       used 6511K, capacity 7320K, committed 7680K, reserved 1056768K
  class space    used 625K, capacity 656K, committed 768K, reserved 1048576K
Event: 2.250 GC heap after
Heap after GC invocations=8 (full 1):
 PSYoungGen      total 279040K, used 10194K [0x00000000eab00000, 0x0000000100000000, 0x0000000100000000)
  eden space 250368K, 0% used [0x00000000eab00000,0x00000000eab00000,0x00000000f9f80000)
  from space 28672K, 35% used [0x00000000f9f80000,0x00000000fa974a10,0x00000000fbb80000)
  to   space 48640K, 0% used [0x00000000fd080000,0x00000000fd080000,0x0000000100000000)
 ParOldGen       total 161280K, used 84575K [0x00000000c0000000, 0x00000000c9d80000, 0x00000000eab00000)
  object space 161280K, 52% used [0x00000000c0000000,0x00000000c5297ed0,0x00000000c9d80000)
 Metaspace       used 6511K, capacity 7320K, committed 7680K, reserved 1056768K
  class space    used 625K, capacity 656K, committed 768K, reserved 1048576K
}
Event: 2.636 GC heap before
{Heap before GC invocations=9 (full 1):
 PSYoungGen      total 279040K, used 260562K [0x00000000eab00000, 0x0000000100000000, 0x0000000100000000)
  eden space 250368K, 100% used [0x00000000eab00000,0x00000000f9f80000,0x00000000f9f80000)
  from space 28672K, 35% used [0x00000000f9f80000,0x00000000fa974a10,0x00000000fbb80000)
  to   space 48640K, 0% used [0x00000000fd080000,0x00000000fd080000,0x0000000100000000)
 ParOldGen       total 161280K, used 84575K [0x00000000c0000000, 0x00000000c9d80000, 0x00000000eab00000)
  object space 161280K, 52% used [0x00000000c0000000,0x00000000c5297ed0,0x00000000c9d80000)
 Metaspace       used 6545K, capacity 7320K, committed 7680K, reserved 1056768K
  class space    used 625K, capacity 656K, committed 768K, reserved 1048576K
Event: 2.712 GC heap after
Heap after GC invocations=9 (full 1):
 PSYoungGen      total 286208K, used 45249K [0x00000000eab00000, 0x0000000100000000, 0x0000000100000000)
  eden space 237568K, 0% used [0x00000000eab00000,0x00000000eab00000,0x00000000f9300000)
  from space 48640K, 93% used [0x00000000fd080000,0x00000000ffcb07d0,0x0000000100000000)
  to   space 55808K, 0% used [0x00000000f9300000,0x00000000f9300000,0x00000000fc980000)
 ParOldGen       total 161280K, used 84575K [0x00000000c0000000, 0x00000000c9d80000, 0x00000000eab00000)
  object space 161280K, 52% used [0x00000000c0000000,0x00000000c5297ed0,0x00000000c9d80000)
 Metaspace       used 6545K, capacity 7320K, committed 7680K, reserved 1056768K
  class space    used 625K, capacity 656K, committed 768K, reserved 1048576K
}
Event: 3.108 GC heap before
{Heap before GC invocations=10 (full 1):
 PSYoungGen      total 286208K, used 282817K [0x00000000eab00000, 0x0000000100000000, 0x0000000100000000)
  eden space 237568K, 100% used [0x00000000eab00000,0x00000000f9300000,0x00000000f9300000)
  from space 48640K, 93% used [0x00000000fd080000,0x00000000ffcb07d0,0x0000000100000000)
  to   space 55808K, 0% used [0x00000000f9300000,0x00000000f9300000,0x00000000fc980000)
 ParOldGen       total 161280K, used 84575K [0x00000000c0000000, 0x00000000c9d80000, 0x00000000eab00000)
  object space 161280K, 52% used [0x00000000c0000000,0x00000000c5297ed0,0x00000000c9d80000)
 Metaspace       used 6555K, capacity 7320K, committed 7680K, reserved 1056768K
  class space    used 625K, capacity 656K, committed 768K, reserved 1048576K
Event: 3.175 GC heap after
Heap after GC invocations=10 (full 1):
 PSYoungGen      total 293376K, used 55796K [0x00000000eab00000, 0x0000000100000000, 0x0000000100000000)
  eden space 237568K, 0% used [0x00000000eab00000,0x00000000eab00000,0x00000000f9300000)
  from space 55808K, 99% used [0x00000000f9300000,0x00000000fc97d368,0x00000000fc980000)
  to   space 55808K, 0% used [0x00000000fc980000,0x00000000fc980000,0x0000000100000000)
 ParOldGen       total 161280K, used 108144K [0x00000000c0000000, 0x00000000c9d80000, 0x00000000eab00000)
  object space 161280K, 67% used [0x00000000c0000000,0x00000000c699c2e0,0x00000000c9d80000)
 Metaspace       used 6555K, capacity 7320K, committed 7680K, reserved 1056768K
  class space    used 625K, capacity 656K, committed 768K, reserved 1048576K
}
Event: 3.525 GC heap before
{Heap before GC invocations=11 (full 1):
 PSYoungGen      total 293376K, used 293364K [0x00000000eab00000, 0x0000000100000000, 0x0000000100000000)
  eden space 237568K, 100% used [0x00000000eab00000,0x00000000f9300000,0x00000000f9300000)
  from space 55808K, 99% used [0x00000000f9300000,0x00000000fc97d368,0x00000000fc980000)
  to   space 55808K, 0% used [0x00000000fc980000,0x00000000fc980000,0x0000000100000000)
 ParOldGen       total 161280K, used 108144K [0x00000000c0000000, 0x00000000c9d80000, 0x00000000eab00000)
  object space 161280K, 67% used [0x00000000c0000000,0x00000000c699c2e0,0x00000000c9d80000)
 Metaspace       used 6558K, capacity 7320K, committed 7680K, reserved 1056768K
  class space    used 625K, capacity 656K, committed 768K, reserved 1048576K
Event: 3.598 GC heap after
Heap after GC invocations=11 (full 1):
 PSYoungGen      total 219648K, used 55783K [0x00000000eab00000, 0x0000000100000000, 0x0000000100000000)
  eden space 163840K, 0% used [0x00000000eab00000,0x00000000eab00000,0x00000000f4b00000)
  from space 55808K, 99% used [0x00000000fc980000,0x00000000ffff9e68,0x0000000100000000)
  to   space 92672K, 0% used [0x00000000f4b00000,0x00000000f4b00000,0x00000000fa580000)
 ParOldGen       total 161280K, used 142660K [0x00000000c0000000, 0x00000000c9d80000, 0x00000000eab00000)
  object space 161280K, 88% used [0x00000000c0000000,0x00000000c8b512e0,0x00000000c9d80000)
 Metaspace       used 6558K, capacity 7320K, committed 7680K, reserved 1056768K
  class space    used 625K, capacity 656K, committed 768K, reserved 1048576K
}
Event: 3.598 GC heap before
{Heap before GC invocations=12 (full 2):
 PSYoungGen      total 219648K, used 55783K [0x00000000eab00000, 0x0000000100000000, 0x0000000100000000)
  eden space 163840K, 0% used [0x00000000eab00000,0x00000000eab00000,0x00000000f4b00000)
  from space 55808K, 99% used [0x00000000fc980000,0x00000000ffff9e68,0x0000000100000000)
  to   space 92672K, 0% used [0x00000000f4b00000,0x00000000f4b00000,0x00000000fa580000)
 ParOldGen       total 161280K, used 142660K [0x00000000c0000000, 0x00000000c9d80000, 0x00000000eab00000)
  object space 161280K, 88% used [0x00000000c0000000,0x00000000c8b512e0,0x00000000c9d80000)
 Metaspace       used 6558K, capacity 7320K, committed 7680K, reserved 1056768K
  class space    used 625K, capacity 656K, committed 768K, reserved 1048576K

Deoptimization events (10 events):
Event: 2.510 Thread 0x00007f14e01b4800 Uncommon trap: reason=bimorphic action=maybe_recompile pc=0x00007f14d17ca8f4 method=com.android.dx.cf.code.BytecodeArray.parseInstruction(ILcom/android/dx/cf/code/BytecodeArray$Visitor;)I @ 1287
Event: 2.510 Thread 0x00007f14e01b4800 Uncommon trap: reason=bimorphic action=maybe_recompile pc=0x00007f14d17ca8f4 method=com.android.dx.cf.code.BytecodeArray.parseInstruction(ILcom/android/dx/cf/code/BytecodeArray$Visitor;)I @ 1287
Event: 2.560 Thread 0x00007f14e01b6000 Uncommon trap: reason=unstable_if action=reinterpret pc=0x00007f14d181fe70 method=com.android.dx.rop.cst.CstNat.equals(Ljava/lang/Object;)Z @ 25
Event: 2.779 Thread 0x00007f14e000a800 Uncommon trap: reason=unstable_if action=reinterpret pc=0x00007f14d17c1810 method=java.util.concurrent.ConcurrentHashMap.get(Ljava/lang/Object;)Ljava/lang/Object; @ 86
Event: 2.780 Thread 0x00007f14e000a800 Uncommon trap: reason=unstable_if action=reinterpret pc=0x00007f14d18645dc method=java.util.concurrent.ConcurrentHashMap.get(Ljava/lang/Object;)Ljava/lang/Object; @ 86
Event: 2.872 Thread 0x00007f14e0193000 Uncommon trap: reason=unstable_if action=reinterpret pc=0x00007f14d187c7b8 method=com.android.dx.ssa.SsaMethod.getExitBlock()Lcom/android/dx/ssa/SsaBasicBlock; @ 4
Event: 2.872 Thread 0x00007f14e0193000 Uncommon trap: reason=unstable_if action=reinterpret pc=0x00007f14d1256c58 method=com.android.dx.ssa.SsaMethod.getExitBlock()Lcom/android/dx/ssa/SsaBasicBlock; @ 4
Event: 2.905 Thread 0x00007f14e01b6000 Uncommon trap: reason=bimorphic action=maybe_recompile pc=0x00007f14d18cf360 method=com.android.dx.cf.code.BytecodeArray.parseInstruction(ILcom/android/dx/cf/code/BytecodeArray$Visitor;)I @ 1161
Event: 2.905 Thread 0x00007f14e01b6000 Uncommon trap: reason=bimorphic action=maybe_recompile pc=0x00007f14d18cf360 method=com.android.dx.cf.code.BytecodeArray.parseInstruction(ILcom/android/dx/cf/code/BytecodeArray$Visitor;)I @ 1161
Event: 3.054 Thread 0x00007f14e000a800 Uncommon trap: reason=unstable_if action=reinterpret pc=0x00007f14d172e908 method=java.util.HashMap.resize()[Ljava/util/HashMap$Node; @ 206

Internal exceptions (8 events):
Event: 0.053 Thread 0x00007f14e000a800 Exception <a 'java/lang/NoSuchMethodError': Method sun.misc.Unsafe.defineClass(Ljava/lang/String;[BII)Ljava/lang/Class; name or signature does not match> (0x00000000eab07ca8) thrown at [/HUDSON3/workspace/8-2-build-linux-amd64/jdk8u121/8372/hotspot/src/sh
Event: 0.053 Thread 0x00007f14e000a800 Exception <a 'java/lang/NoSuchMethodError': Method sun.misc.Unsafe.prefetchRead(Ljava/lang/Object;J)V name or signature does not match> (0x00000000eab07f90) thrown at [/HUDSON3/workspace/8-2-build-linux-amd64/jdk8u121/8372/hotspot/src/share/vm/prims/jni.c
Event: 0.508 Thread 0x00007f14e01b1000 Implicit null exception at 0x00007f14d12bd98c to 0x00007f14d12c09a5
Event: 0.975 Thread 0x00007f14e01b4800 Exception <a 'java/lang/ArrayIndexOutOfBoundsException': 18> (0x00000000ebb94070) thrown at [/HUDSON3/workspace/8-2-build-linux-amd64/jdk8u121/8372/hotspot/src/share/vm/interpreter/interpreterRuntime.cpp, line 366]
Event: 0.975 Thread 0x00007f14e01b4800 Exception <a 'java/lang/ArrayIndexOutOfBoundsException': 145> (0x00000000ebb95bf0) thrown at [/HUDSON3/workspace/8-2-build-linux-amd64/jdk8u121/8372/hotspot/src/share/vm/interpreter/interpreterRuntime.cpp, line 366]
Event: 0.976 Thread 0x00007f14e01b4800 Exception <a 'java/lang/ArrayIndexOutOfBoundsException': 40> (0x00000000ebb96ed8) thrown at [/HUDSON3/workspace/8-2-build-linux-amd64/jdk8u121/8372/hotspot/src/share/vm/interpreter/interpreterRuntime.cpp, line 366]
Event: 1.622 Thread 0x00007f14e017f000 Implicit null exception at 0x00007f14d1452888 to 0x00007f14d1452a65
Event: 1.622 Thread 0x00007f14e017f000 Implicit null exception at 0x00007f14d15a954a to 0x00007f14d15ab879

Events (10 events):
Event: 3.506 Thread 0x00007f14e0193000 DEOPT UNPACKING pc=0x00007f14d1047633 sp=0x00007f14c9061c78 mode 0
Event: 3.513 Thread 0x00007f14e01b3000 DEOPT PACKING pc=0x00007f14d132e967 sp=0x00007f14c8d5eae0
Event: 3.513 Thread 0x00007f14e01b3000 DEOPT UNPACKING pc=0x00007f14d1047633 sp=0x00007f14c8d5e8c8 mode 0
Event: 3.513 Thread 0x00007f14e01af800 DEOPT PACKING pc=0x00007f14d130c2ef sp=0x00007f14c8f61060
Event: 3.513 Thread 0x00007f14e01af800 DEOPT UNPACKING pc=0x00007f14d1047633 sp=0x00007f14c8f60e20 mode 0
Event: 3.523 Thread 0x00007f14e01b1000 DEOPT PACKING pc=0x00007f14d132e97e sp=0x00007f14c8e5ff90
Event: 3.523 Thread 0x00007f14e01b1000 DEOPT UNPACKING pc=0x00007f14d1047633 sp=0x00007f14c8e5fd78 mode 0
Event: 3.524 Thread 0x00007f14e01b1000 DEOPT PACKING pc=0x00007f14d12f46d9 sp=0x00007f14c8e60070
Event: 3.524 Thread 0x00007f14e01b1000 DEOPT UNPACKING pc=0x00007f14d1047633 sp=0x00007f14c8e5fda8 mode 0
Event: 3.524 Executing VM operation: ParallelGCFailedAllocation


Dynamic libraries:
00400000-00401000 r-xp 00000000 08:01 2900529                            /usr/local/jdk1.8.0_121/jre/bin/java
00600000-00601000 rw-p 00000000 08:01 2900529                            /usr/local/jdk1.8.0_121/jre/bin/java
00bc3000-00be4000 rw-p 00000000 00:00 0                                  [heap]
c0000000-c9d80000 rw-p 00000000 00:00 0 
d0f80000-eab00000 ---p 00000000 00:00 0 
eab00000-100000000 rw-p 00000000 00:00 0 
100000000-1000c0000 rw-p 00000000 00:00 0 
1000c0000-140000000 ---p 00000000 00:00 0 
7f144c000000-7f144c032000 rw-p 00000000 00:00 0 
7f144c032000-7f1450000000 ---p 00000000 00:00 0 
7f1450000000-7f1450021000 rw-p 00000000 00:00 0 
7f1450021000-7f1454000000 ---p 00000000 00:00 0 
7f1454000000-7f1454021000 rw-p 00000000 00:00 0 
7f1454021000-7f1458000000 ---p 00000000 00:00 0 
7f1458000000-7f1458023000 rw-p 00000000 00:00 0 
7f1458023000-7f145c000000 ---p 00000000 00:00 0 
7f145c000000-7f145c04d000 rw-p 00000000 00:00 0 
7f145c04d000-7f1460000000 ---p 00000000 00:00 0 
7f1460000000-7f146002e000 rw-p 00000000 00:00 0 
7f146002e000-7f1464000000 ---p 00000000 00:00 0 
7f1464000000-7f1464021000 rw-p 00000000 00:00 0 
7f1464021000-7f1468000000 ---p 00000000 00:00 0 
7f1468000000-7f1468055000 rw-p 00000000 00:00 0 
7f1468055000-7f146c000000 ---p 00000000 00:00 0 
7f146c000000-7f146c021000 rw-p 00000000 00:00 0 
7f146c021000-7f1470000000 ---p 00000000 00:00 0 
7f1470000000-7f1470022000 rw-p 00000000 00:00 0 
7f1470022000-7f1474000000 ---p 00000000 00:00 0 
7f1474000000-7f1474a2c000 rw-p 00000000 00:00 0 
7f1474a2c000-7f1478000000 ---p 00000000 00:00 0 
7f1478000000-7f1478021000 rw-p 00000000 00:00 0 
7f1478021000-7f147c000000 ---p 00000000 00:00 0 
7f147c000000-7f147cff2000 rw-p 00000000 00:00 0 
7f147cff2000-7f1480000000 ---p 00000000 00:00 0 
7f1480000000-7f1480c76000 rw-p 00000000 00:00 0 
7f1480c76000-7f1484000000 ---p 00000000 00:00 0 
7f1484000000-7f1484021000 rw-p 00000000 00:00 0 
7f1484021000-7f1488000000 ---p 00000000 00:00 0 
7f1488000000-7f148925f000 rw-p 00000000 00:00 0 
7f148925f000-7f148c000000 ---p 00000000 00:00 0 
7f148c000000-7f148c021000 rw-p 00000000 00:00 0 
7f148c021000-7f1490000000 ---p 00000000 00:00 0 
7f1490000000-7f1490021000 rw-p 00000000 00:00 0 
7f1490021000-7f1494000000 ---p 00000000 00:00 0 
7f1494000000-7f1494021000 rw-p 00000000 00:00 0 
7f1494021000-7f1498000000 ---p 00000000 00:00 0 
7f1498000000-7f149829b000 rw-p 00000000 00:00 0 
7f149829b000-7f149c000000 ---p 00000000 00:00 0 
7f149c000000-7f149c021000 rw-p 00000000 00:00 0 
7f149c021000-7f14a0000000 ---p 00000000 00:00 0 
7f14a4000000-7f14a4021000 rw-p 00000000 00:00 0 
7f14a4021000-7f14a8000000 ---p 00000000 00:00 0 
7f14ac000000-7f14ac021000 rw-p 00000000 00:00 0 
7f14ac021000-7f14b0000000 ---p 00000000 00:00 0 
7f14b4000000-7f14b4021000 rw-p 00000000 00:00 0 
7f14b4021000-7f14b8000000 ---p 00000000 00:00 0 
7f14bc000000-7f14bc021000 rw-p 00000000 00:00 0 
7f14bc021000-7f14c0000000 ---p 00000000 00:00 0 
7f14c4000000-7f14c4021000 rw-p 00000000 00:00 0 
7f14c4021000-7f14c8000000 ---p 00000000 00:00 0 
7f14c8a5e000-7f14c8a61000 ---p 00000000 00:00 0 
7f14c8a61000-7f14c8b5f000 rw-p 00000000 00:00 0 
7f14c8b5f000-7f14c8b62000 ---p 00000000 00:00 0 
7f14c8b62000-7f14c8c60000 rw-p 00000000 00:00 0 
7f14c8c60000-7f14c8c63000 ---p 00000000 00:00 0 
7f14c8c63000-7f14c8d61000 rw-p 00000000 00:00 0 
7f14c8d61000-7f14c8d64000 ---p 00000000 00:00 0 
7f14c8d64000-7f14c8e62000 rw-p 00000000 00:00 0 
7f14c8e62000-7f14c8e65000 ---p 00000000 00:00 0 
7f14c8e65000-7f14c8f63000 rw-p 00000000 00:00 0 
7f14c8f63000-7f14c8f66000 ---p 00000000 00:00 0 
7f14c8f66000-7f14c9064000 rw-p 00000000 00:00 0 
7f14c9064000-7f14c9067000 ---p 00000000 00:00 0 
7f14c9067000-7f14c9165000 rw-p 00000000 00:00 0 
7f14c9165000-7f14c9168000 ---p 00000000 00:00 0 
7f14c9168000-7f14c9266000 rw-p 00000000 00:00 0 
7f14c9266000-7f14c9269000 ---p 00000000 00:00 0 
7f14c9269000-7f14c9367000 rw-p 00000000 00:00 0 
7f14c9367000-7f14c9368000 ---p 00000000 00:00 0 
7f14c9368000-7f14c9468000 rw-p 00000000 00:00 0 
7f14c9468000-7f14c946b000 ---p 00000000 00:00 0 
7f14c946b000-7f14c9569000 rw-p 00000000 00:00 0 
7f14c9569000-7f14c956c000 ---p 00000000 00:00 0 
7f14c956c000-7f14c966a000 rw-p 00000000 00:00 0 
7f14c966a000-7f14c966d000 ---p 00000000 00:00 0 
7f14c966d000-7f14c976b000 rw-p 00000000 00:00 0 
7f14c976b000-7f14c976e000 ---p 00000000 00:00 0 
7f14c976e000-7f14c986c000 rw-p 00000000 00:00 0 
7f14c986c000-7f14c986f000 ---p 00000000 00:00 0 
7f14c986f000-7f14c996d000 rw-p 00000000 00:00 0 
7f14c996d000-7f14c9970000 ---p 00000000 00:00 0 
7f14c9970000-7f14c9a6e000 rw-p 00000000 00:00 0 
7f14c9a6e000-7f14c9eff000 r--p 00000000 08:01 3277118                    /usr/lib/locale/locale-archive
7f14c9eff000-7f14c9f02000 ---p 00000000 00:00 0 
7f14c9f02000-7f14cc000000 rw-p 00000000 00:00 0 
7f14cc000000-7f14cc021000 rw-p 00000000 00:00 0 
7f14cc021000-7f14d0000000 ---p 00000000 00:00 0 
7f14d005e000-7f14d007f000 r--p 00000000 08:01 4853570                    /usr/share/locale-langpack/zh_CN/LC_MESSAGES/libc.mo
7f14d007f000-7f14d008e000 r--s 000e4000 08:01 3948987                    /home/coder/.android/sbt/sdk/build-tools/26.0.0/lib/dx.jar
7f14d008e000-7f14d0091000 ---p 00000000 00:00 0 
7f14d0091000-7f14d018f000 rw-p 00000000 00:00 0 
7f14d018f000-7f14d0190000 ---p 00000000 00:00 0 
7f14d0190000-7f14d1000000 rw-p 00000000 00:00 0 
7f14d1000000-7f14d1970000 rwxp 00000000 00:00 0 
7f14d1970000-7f14e0000000 ---p 00000000 00:00 0 
7f14e0000000-7f14e03d5000 rw-p 00000000 00:00 0 
7f14e03d5000-7f14e4000000 ---p 00000000 00:00 0 
7f14e4007000-7f14e400e000 r--s 00000000 08:01 3554149                    /usr/lib/x86_64-linux-gnu/gconv/gconv-modules.cache
7f14e400e000-7f14e4ee2000 rw-p 00000000 00:00 0 
7f14e4ee2000-7f14e50bb000 r--s 03d3e000 08:01 2901169                    /usr/local/jdk1.8.0_121/jre/lib/rt.jar
7f14e50bb000-7f14e57f1000 rw-p 00000000 00:00 0 
7f14e57f1000-7f14e5931000 ---p 00000000 00:00 0 
7f14e5931000-7f14e5b31000 rw-p 00000000 00:00 0 
7f14e5b31000-7f14e5b32000 ---p 00000000 00:00 0 
7f14e5b32000-7f14e5c32000 rw-p 00000000 00:00 0 
7f14e5c32000-7f14e5c33000 ---p 00000000 00:00 0 
7f14e5c33000-7f14e5d33000 rw-p 00000000 00:00 0 
7f14e5d33000-7f14e5d34000 ---p 00000000 00:00 0 
7f14e5d34000-7f14e5e34000 rw-p 00000000 00:00 0 
7f14e5e34000-7f14e5e35000 ---p 00000000 00:00 0 
7f14e5e35000-7f14e5f35000 rw-p 00000000 00:00 0 
7f14e5f35000-7f14e5f36000 ---p 00000000 00:00 0 
7f14e5f36000-7f14e6036000 rw-p 00000000 00:00 0 
7f14e6036000-7f14e6037000 ---p 00000000 00:00 0 
7f14e6037000-7f14e6137000 rw-p 00000000 00:00 0 
7f14e6137000-7f14e6138000 ---p 00000000 00:00 0 
7f14e6138000-7f14e6238000 rw-p 00000000 00:00 0 
7f14e6238000-7f14e6239000 ---p 00000000 00:00 0 
7f14e6239000-7f14e6388000 rw-p 00000000 00:00 0 
7f14e6388000-7f14e648f000 ---p 00000000 00:00 0 
7f14e648f000-7f14e64de000 rw-p 00000000 00:00 0 
7f14e64de000-7f14e65e4000 ---p 00000000 00:00 0 
7f14e65e4000-7f14e668f000 rw-p 00000000 00:00 0 
7f14e668f000-7f14e66b6000 rw-p 00000000 00:00 0 
7f14e66b6000-7f14e6a50000 ---p 00000000 00:00 0 
7f14e6a50000-7f14e6a6a000 r-xp 00000000 08:01 2901970                    /usr/local/jdk1.8.0_121/jre/lib/amd64/libzip.so
7f14e6a6a000-7f14e6c6a000 ---p 0001a000 08:01 2901970                    /usr/local/jdk1.8.0_121/jre/lib/amd64/libzip.so
7f14e6c6a000-7f14e6c6b000 rw-p 0001a000 08:01 2901970                    /usr/local/jdk1.8.0_121/jre/lib/amd64/libzip.so
7f14e6c6b000-7f14e6c76000 r-xp 00000000 08:01 1327967                    /lib/x86_64-linux-gnu/libnss_files-2.24.so
7f14e6c76000-7f14e6e75000 ---p 0000b000 08:01 1327967                    /lib/x86_64-linux-gnu/libnss_files-2.24.so
7f14e6e75000-7f14e6e76000 r--p 0000a000 08:01 1327967                    /lib/x86_64-linux-gnu/libnss_files-2.24.so
7f14e6e76000-7f14e6e77000 rw-p 0000b000 08:01 1327967                    /lib/x86_64-linux-gnu/libnss_files-2.24.so
7f14e6e77000-7f14e6e7d000 rw-p 00000000 00:00 0 
7f14e6e7d000-7f14e6e88000 r-xp 00000000 08:01 1327969                    /lib/x86_64-linux-gnu/libnss_nis-2.24.so
7f14e6e88000-7f14e7087000 ---p 0000b000 08:01 1327969                    /lib/x86_64-linux-gnu/libnss_nis-2.24.so
7f14e7087000-7f14e7088000 r--p 0000a000 08:01 1327969                    /lib/x86_64-linux-gnu/libnss_nis-2.24.so
7f14e7088000-7f14e7089000 rw-p 0000b000 08:01 1327969                    /lib/x86_64-linux-gnu/libnss_nis-2.24.so
7f14e7089000-7f14e709f000 r-xp 00000000 08:01 1327964                    /lib/x86_64-linux-gnu/libnsl-2.24.so
7f14e709f000-7f14e729e000 ---p 00016000 08:01 1327964                    /lib/x86_64-linux-gnu/libnsl-2.24.so
7f14e729e000-7f14e729f000 r--p 00015000 08:01 1327964                    /lib/x86_64-linux-gnu/libnsl-2.24.so
7f14e729f000-7f14e72a0000 rw-p 00016000 08:01 1327964                    /lib/x86_64-linux-gnu/libnsl-2.24.so
7f14e72a0000-7f14e72a2000 rw-p 00000000 00:00 0 
7f14e72a2000-7f14e72aa000 r-xp 00000000 08:01 1327965                    /lib/x86_64-linux-gnu/libnss_compat-2.24.so
7f14e72aa000-7f14e74a9000 ---p 00008000 08:01 1327965                    /lib/x86_64-linux-gnu/libnss_compat-2.24.so
7f14e74a9000-7f14e74aa000 r--p 00007000 08:01 1327965                    /lib/x86_64-linux-gnu/libnss_compat-2.24.so
7f14e74aa000-7f14e74ab000 rw-p 00008000 08:01 1327965                    /lib/x86_64-linux-gnu/libnss_compat-2.24.so
7f14e74ab000-7f14e74d6000 r-xp 00000000 08:01 2901487                    /usr/local/jdk1.8.0_121/jre/lib/amd64/libjava.so
7f14e74d6000-7f14e76d5000 ---p 0002b000 08:01 2901487                    /usr/local/jdk1.8.0_121/jre/lib/amd64/libjava.so
7f14e76d5000-7f14e76d7000 rw-p 0002a000 08:01 2901487                    /usr/local/jdk1.8.0_121/jre/lib/amd64/libjava.so
7f14e76d7000-7f14e76e4000 r-xp 00000000 08:01 2899834                    /usr/local/jdk1.8.0_121/jre/lib/amd64/libverify.so
7f14e76e4000-7f14e78e3000 ---p 0000d000 08:01 2899834                    /usr/local/jdk1.8.0_121/jre/lib/amd64/libverify.so
7f14e78e3000-7f14e78e5000 rw-p 0000c000 08:01 2899834                    /usr/local/jdk1.8.0_121/jre/lib/amd64/libverify.so
7f14e78e5000-7f14e78ec000 r-xp 00000000 08:01 1327974                    /lib/x86_64-linux-gnu/librt-2.24.so
7f14e78ec000-7f14e7aeb000 ---p 00007000 08:01 1327974                    /lib/x86_64-linux-gnu/librt-2.24.so
7f14e7aeb000-7f14e7aec000 r--p 00006000 08:01 1327974                    /lib/x86_64-linux-gnu/librt-2.24.so
7f14e7aec000-7f14e7aed000 rw-p 00007000 08:01 1327974                    /lib/x86_64-linux-gnu/librt-2.24.so
7f14e7aed000-7f14e7bf5000 r-xp 00000000 08:01 1327961                    /lib/x86_64-linux-gnu/libm-2.24.so
7f14e7bf5000-7f14e7df4000 ---p 00108000 08:01 1327961                    /lib/x86_64-linux-gnu/libm-2.24.so
7f14e7df4000-7f14e7df5000 r--p 00107000 08:01 1327961                    /lib/x86_64-linux-gnu/libm-2.24.so
7f14e7df5000-7f14e7df6000 rw-p 00108000 08:01 1327961                    /lib/x86_64-linux-gnu/libm-2.24.so
7f14e7df6000-7f14e8ac4000 r-xp 00000000 08:01 3025707                    /usr/local/jdk1.8.0_121/jre/lib/amd64/server/libjvm.so
7f14e8ac4000-7f14e8cc4000 ---p 00cce000 08:01 3025707                    /usr/local/jdk1.8.0_121/jre/lib/amd64/server/libjvm.so
7f14e8cc4000-7f14e8d9d000 rw-p 00cce000 08:01 3025707                    /usr/local/jdk1.8.0_121/jre/lib/amd64/server/libjvm.so
7f14e8d9d000-7f14e8de8000 rw-p 00000000 00:00 0 
7f14e8de8000-7f14e8fa6000 r-xp 00000000 08:01 1327957                    /lib/x86_64-linux-gnu/libc-2.24.so
7f14e8fa6000-7f14e91a5000 ---p 001be000 08:01 1327957                    /lib/x86_64-linux-gnu/libc-2.24.so
7f14e91a5000-7f14e91a9000 r--p 001bd000 08:01 1327957                    /lib/x86_64-linux-gnu/libc-2.24.so
7f14e91a9000-7f14e91ab000 rw-p 001c1000 08:01 1327957                    /lib/x86_64-linux-gnu/libc-2.24.so
7f14e91ab000-7f14e91af000 rw-p 00000000 00:00 0 
7f14e91af000-7f14e91b2000 r-xp 00000000 08:01 1327960                    /lib/x86_64-linux-gnu/libdl-2.24.so
7f14e91b2000-7f14e93b1000 ---p 00003000 08:01 1327960                    /lib/x86_64-linux-gnu/libdl-2.24.so
7f14e93b1000-7f14e93b2000 r--p 00002000 08:01 1327960                    /lib/x86_64-linux-gnu/libdl-2.24.so
7f14e93b2000-7f14e93b3000 rw-p 00003000 08:01 1327960                    /lib/x86_64-linux-gnu/libdl-2.24.so
7f14e93b3000-7f14e93c8000 r-xp 00000000 08:01 3937100                    /usr/local/jdk1.8.0_121/jre/lib/amd64/jli/libjli.so
7f14e93c8000-7f14e95c8000 ---p 00015000 08:01 3937100                    /usr/local/jdk1.8.0_121/jre/lib/amd64/jli/libjli.so
7f14e95c8000-7f14e95c9000 rw-p 00015000 08:01 3937100                    /usr/local/jdk1.8.0_121/jre/lib/amd64/jli/libjli.so
7f14e95c9000-7f14e95e1000 r-xp 00000000 08:01 1327972                    /lib/x86_64-linux-gnu/libpthread-2.24.so
7f14e95e1000-7f14e97e1000 ---p 00018000 08:01 1327972                    /lib/x86_64-linux-gnu/libpthread-2.24.so
7f14e97e1000-7f14e97e2000 r--p 00018000 08:01 1327972                    /lib/x86_64-linux-gnu/libpthread-2.24.so
7f14e97e2000-7f14e97e3000 rw-p 00019000 08:01 1327972                    /lib/x86_64-linux-gnu/libpthread-2.24.so
7f14e97e3000-7f14e97e7000 rw-p 00000000 00:00 0 
7f14e97e7000-7f14e980d000 r-xp 00000000 08:01 1315439                    /lib/x86_64-linux-gnu/ld-2.24.so
7f14e980d000-7f14e9815000 r--s 00047000 08:01 3559093                    /home/coder/.android/sbt/exploded-aars/com.android.support-support-media-compat-25.3.1/classes.jar
7f14e9815000-7f14e98e7000 rw-p 00000000 00:00 0 
7f14e98e7000-7f14e98ea000 ---p 00000000 00:00 0 
7f14e98ea000-7f14e99ea000 rw-p 00000000 00:00 0 
7f14e99eb000-7f14e99ff000 rw-p 00000000 00:00 0 
7f14e99ff000-7f14e9a07000 rw-s 00000000 08:01 3723121                    /tmp/hsperfdata_coder/27199
7f14e9a07000-7f14e9a08000 rw-p 00000000 00:00 0 
7f14e9a08000-7f14e9a09000 ---p 00000000 00:00 0 
7f14e9a09000-7f14e9a0c000 rw-p 00000000 00:00 0 
7f14e9a0c000-7f14e9a0d000 r--p 00025000 08:01 1315439                    /lib/x86_64-linux-gnu/ld-2.24.so
7f14e9a0d000-7f14e9a0e000 rw-p 00026000 08:01 1315439                    /lib/x86_64-linux-gnu/ld-2.24.so
7f14e9a0e000-7f14e9a0f000 rw-p 00000000 00:00 0 
7ffe28be8000-7ffe28d0a000 rw-p 00000000 00:00 0                          [stack]
7ffe28d2e000-7ffe28d30000 r--p 00000000 00:00 0                          [vvar]
7ffe28d30000-7ffe28d32000 r-xp 00000000 00:00 0                          [vdso]
ffffffffff600000-ffffffffff601000 r-xp 00000000 00:00 0                  [vsyscall]

VM Arguments:
jvm_args: -Xmx1024m 
java_command: com.android.dx.command.Main --dex --num-threads=8 --output /home/coder/IdeaProjects/ScalaProject/greenvpn/target/android/intermediates/dex /home/coder/.android/sbt/exploded-aars/com.android.support-design-25.3.1/classes.jar /home/coder/.android/sbt/exploded-aars/com.android.support-support-v4-25.3.1/classes.jar /home/coder/.android/sbt/exploded-aars/com.android.support-animated-vector-drawable-25.3.1/classes.jar /home/coder/.android/sbt/exploded-aars/com.android.support-support-core-utils-25.3.1/classes.jar /home/coder/.android/sbt/exploded-aars/com.android.support-appcompat-v7-25.3.1/classes.jar /home/coder/.android/sbt/exploded-aars/com.android.support-support-fragment-25.3.1/classes.jar /home/coder/.android/sbt/exploded-aars/com.android.support-support-vector-drawable-25.3.1/classes.jar /home/coder/IdeaProjects/ScalaProject/greenvpn/target/android/intermediates/classes.jar /home/coder/.android/sbt/exploded-aars/com.android.support-recyclerview-v7-25.3.1/classes.jar /home/coder/.android/sbt/exploded-aars/com.android.support-transition-25.3.1/classes.jar /home/coder/IdeaProjects/ScalaProject/greenvpn/target/streams/android/proguardInputs/$global/streams/proguard_cache/proguard-cache-79b24e91260261823948c19ea953d4279038f93f.jar /home/coder/.android/sbt/exploded-aars/com.android.support-support-media-compat-25.3.1/classes.jar /home/coder/.android/sbt/exploded-aars/com.android.support-support-compat-25.3.1/classes.jar /home/coder/.android/sbt/sdk/extras/android/m2repository/com/android/support/support-annotations/25.3.1/support-annotations-25.3.1.jar /home/coder/.android/sbt/exploded-aars/com.android.support-support-core-ui-25.3.1/classes.jar
java_class_path (initial): /home/coder/.android/sbt/sdk/build-tools/26.0.0/lib/dx.jar
Launcher Type: SUN_STANDARD

Environment Variables:
JAVA_HOME=/usr/local/jdk1.8.0_121
CLASSPATH=/usr/local/software/idea-IU-171.3780.107/lib/bootstrap.jar:/usr/local/software/idea-IU-171.3780.107/lib/extensions.jar:/usr/local/software/idea-IU-171.3780.107/lib/util.jar:/usr/local/software/idea-IU-171.3780.107/lib/jdom.jar:/usr/local/software/idea-IU-171.3780.107/lib/log4j.jar:/usr/local/software/idea-IU-171.3780.107/lib/trove4j.jar:/usr/local/software/idea-IU-171.3780.107/lib/jna.jar:/usr/local/software/idea-IU-171.3780.107/jre64/lib/tools.jar
PATH=/usr/local/scala/bin:/usr/local/jdk1.8.0_121/bin:/usr/local/sbin:/usr/local/bin:/usr/sbin:/usr/bin:/sbin:/bin:/usr/games:/usr/local/games:$JAVA_HOME/bin:/snap/bin:/usr/lib/jvm/java-8-oracle/bin:/usr/lib/jvm/java-8-oracle/db/bin:/usr/lib/jvm/java-8-oracle/jre/bin:/usr/local/hadoop-2.8.0/bin:/usr/local/hadoop-2.8.0/hive/bin:/usr/local/hbase-1.2.5/bin
LD_LIBRARY_PATH=/usr/local/software/idea-IU-171.3780.107/bin:
SHELL=/bin/bash
DISPLAY=:0

Signal Handlers:
SIGSEGV: [libjvm.so+0xac78c0], sa_mask[0]=11111111011111111101111111111110, sa_flags=SA_RESTART|SA_SIGINFO
SIGBUS: [libjvm.so+0xac78c0], sa_mask[0]=11111111011111111101111111111110, sa_flags=SA_RESTART|SA_SIGINFO
SIGFPE: [libjvm.so+0x920ac0], sa_mask[0]=11111111011111111101111111111110, sa_flags=SA_RESTART|SA_SIGINFO
SIGPIPE: [libjvm.so+0x920ac0], sa_mask[0]=11111111011111111101111111111110, sa_flags=SA_RESTART|SA_SIGINFO
SIGXFSZ: [libjvm.so+0x920ac0], sa_mask[0]=11111111011111111101111111111110, sa_flags=SA_RESTART|SA_SIGINFO
SIGILL: [libjvm.so+0x920ac0], sa_mask[0]=11111111011111111101111111111110, sa_flags=SA_RESTART|SA_SIGINFO
SIGUSR1: SIG_DFL, sa_mask[0]=00000000000000000000000000000000, sa_flags=none
SIGUSR2: [libjvm.so+0x922300], sa_mask[0]=00100000000000000000000000000000, sa_flags=SA_RESTART|SA_SIGINFO
SIGHUP: [libjvm.so+0x923700], sa_mask[0]=11111111011111111101111111111110, sa_flags=SA_RESTART|SA_SIGINFO
SIGINT: [libjvm.so+0x923700], sa_mask[0]=11111111011111111101111111111110, sa_flags=SA_RESTART|SA_SIGINFO
SIGTERM: [libjvm.so+0x923700], sa_mask[0]=11111111011111111101111111111110, sa_flags=SA_RESTART|SA_SIGINFO
SIGQUIT: [libjvm.so+0x923700], sa_mask[0]=11111111011111111101111111111110, sa_flags=SA_RESTART|SA_SIGINFO


---------------  S Y S T E M  ---------------

OS:Red Hat Linux release 6

uname:Linux 4.10.0-24-generic #28-Ubuntu SMP Wed Jun 14 08:14:34 UTC 2017 x86_64
libc:glibc 2.24 NPTL 2.24 
rlimit: STACK 10240k, CORE 0k, NPROC 2047, NOFILE 65536, AS infinity
load average:3.05 1.79 1.32

/proc/meminfo:
MemTotal:        8057428 kB
MemFree:          130044 kB
MemAvailable:      37204 kB
Buffers:            1464 kB
Cached:           615596 kB
SwapCached:            0 kB
Active:          7020052 kB
Inactive:         603696 kB
Active(anon):    7009060 kB
Inactive(anon):   591468 kB
Active(file):      10992 kB
Inactive(file):    12228 kB
Unevictable:          80 kB
Mlocked:              80 kB
SwapTotal:             0 kB
SwapFree:              0 kB
Dirty:                64 kB
Writeback:             0 kB
AnonPages:       7007348 kB
Mapped:           225768 kB
Shmem:            593128 kB
Slab:             137864 kB
SReclaimable:      63072 kB
SUnreclaim:        74792 kB
KernelStack:       17168 kB
PageTables:        67328 kB
NFS_Unstable:          0 kB
Bounce:                0 kB
WritebackTmp:          0 kB
CommitLimit:     4028712 kB
Committed_AS:   14004820 kB
VmallocTotal:   34359738367 kB
VmallocUsed:           0 kB
VmallocChunk:          0 kB
HardwareCorrupted:     0 kB
AnonHugePages:   2017280 kB
ShmemHugePages:        0 kB
ShmemPmdMapped:        0 kB
CmaTotal:              0 kB
CmaFree:               0 kB
HugePages_Total:       0
HugePages_Free:        0
HugePages_Rsvd:        0
HugePages_Surp:        0
Hugepagesize:       2048 kB
DirectMap4k:      204216 kB
DirectMap2M:     8069120 kB
DirectMap1G:           0 kB


CPU:total 8 (4 cores per cpu, 2 threads per core) family 6 model 60 stepping 3, cmov, cx8, fxsr, mmx, sse, sse2, sse3, ssse3, sse4.1, sse4.2, popcnt, avx, avx2, aes, clmul, erms, lzcnt, ht, tsc, tscinvbit, bmi1, bmi2

/proc/cpuinfo:
processor	: 0
vendor_id	: GenuineIntel
cpu family	: 6
model		: 60
model name	: Intel(R) Core(TM) i7-4710MQ CPU @ 2.50GHz
stepping	: 3
microcode	: 0x17
cpu MHz		: 3099.975
cache size	: 6144 KB
physical id	: 0
siblings	: 8
core id		: 0
cpu cores	: 4
apicid		: 0
initial apicid	: 0
fpu		: yes
fpu_exception	: yes
cpuid level	: 13
wp		: yes
flags		: fpu vme de pse tsc msr pae mce cx8 apic sep mtrr pge mca cmov pat pse36 clflush dts acpi mmx fxsr sse sse2 ss ht tm pbe syscall nx pdpe1gb rdtscp lm constant_tsc arch_perfmon pebs bts rep_good nopl xtopology nonstop_tsc aperfmperf pni pclmulqdq dtes64 monitor ds_cpl vmx est tm2 ssse3 sdbg fma cx16 xtpr pdcm pcid sse4_1 sse4_2 movbe popcnt tsc_deadline_timer aes xsave avx f16c rdrand lahf_lm abm epb tpr_shadow vnmi flexpriority ept vpid fsgsbase tsc_adjust bmi1 avx2 smep bmi2 erms invpcid xsaveopt dtherm ida arat pln pts
bugs		:
bogomips	: 4988.84
clflush size	: 64
cache_alignment	: 64
address sizes	: 39 bits physical, 48 bits virtual
power management:

processor	: 1
vendor_id	: GenuineIntel
cpu family	: 6
model		: 60
model name	: Intel(R) Core(TM) i7-4710MQ CPU @ 2.50GHz
stepping	: 3
microcode	: 0x17
cpu MHz		: 3099.975
cache size	: 6144 KB
physical id	: 0
siblings	: 8
core id		: 1
cpu cores	: 4
apicid		: 2
initial apicid	: 2
fpu		: yes
fpu_exception	: yes
cpuid level	: 13
wp		: yes
flags		: fpu vme de pse tsc msr pae mce cx8 apic sep mtrr pge mca cmov pat pse36 clflush dts acpi mmx fxsr sse sse2 ss ht tm pbe syscall nx pdpe1gb rdtscp lm constant_tsc arch_perfmon pebs bts rep_good nopl xtopology nonstop_tsc aperfmperf pni pclmulqdq dtes64 monitor ds_cpl vmx est tm2 ssse3 sdbg fma cx16 xtpr pdcm pcid sse4_1 sse4_2 movbe popcnt tsc_deadline_timer aes xsave avx f16c rdrand lahf_lm abm epb tpr_shadow vnmi flexpriority ept vpid fsgsbase tsc_adjust bmi1 avx2 smep bmi2 erms invpcid xsaveopt dtherm ida arat pln pts
bugs		:
bogomips	: 4988.84
clflush size	: 64
cache_alignment	: 64
address sizes	: 39 bits physical, 48 bits virtual
power management:

processor	: 2
vendor_id	: GenuineIntel
cpu family	: 6
model		: 60
model name	: Intel(R) Core(TM) i7-4710MQ CPU @ 2.50GHz
stepping	: 3
microcode	: 0x17
cpu MHz		: 3099.975
cache size	: 6144 KB
physical id	: 0
siblings	: 8
core id		: 2
cpu cores	: 4
apicid		: 4
initial apicid	: 4
fpu		: yes
fpu_exception	: yes
cpuid level	: 13
wp		: yes
flags		: fpu vme de pse tsc msr pae mce cx8 apic sep mtrr pge mca cmov pat pse36 clflush dts acpi mmx fxsr sse sse2 ss ht tm pbe syscall nx pdpe1gb rdtscp lm constant_tsc arch_perfmon pebs bts rep_good nopl xtopology nonstop_tsc aperfmperf pni pclmulqdq dtes64 monitor ds_cpl vmx est tm2 ssse3 sdbg fma cx16 xtpr pdcm pcid sse4_1 sse4_2 movbe popcnt tsc_deadline_timer aes xsave avx f16c rdrand lahf_lm abm epb tpr_shadow vnmi flexpriority ept vpid fsgsbase tsc_adjust bmi1 avx2 smep bmi2 erms invpcid xsaveopt dtherm ida arat pln pts
bugs		:
bogomips	: 4988.84
clflush size	: 64
cache_alignment	: 64
address sizes	: 39 bits physical, 48 bits virtual
power management:

processor	: 3
vendor_id	: GenuineIntel
cpu family	: 6
model		: 60
model name	: Intel(R) Core(TM) i7-4710MQ CPU @ 2.50GHz
stepping	: 3
microcode	: 0x17
cpu MHz		: 3099.975
cache size	: 6144 KB
physical id	: 0
siblings	: 8
core id		: 3
cpu cores	: 4
apicid		: 6
initial apicid	: 6
fpu		: yes
fpu_exception	: yes
cpuid level	: 13
wp		: yes
flags		: fpu vme de pse tsc msr pae mce cx8 apic sep mtrr pge mca cmov pat pse36 clflush dts acpi mmx fxsr sse sse2 ss ht tm pbe syscall nx pdpe1gb rdtscp lm constant_tsc arch_perfmon pebs bts rep_good nopl xtopology nonstop_tsc aperfmperf pni pclmulqdq dtes64 monitor ds_cpl vmx est tm2 ssse3 sdbg fma cx16 xtpr pdcm pcid sse4_1 sse4_2 movbe popcnt tsc_deadline_timer aes xsave avx f16c rdrand lahf_lm abm epb tpr_shadow vnmi flexpriority ept vpid fsgsbase tsc_adjust bmi1 avx2 smep bmi2 erms invpcid xsaveopt dtherm ida arat pln pts
bugs		:
bogomips	: 4988.84
clflush size	: 64
cache_alignment	: 64
address sizes	: 39 bits physical, 48 bits virtual
power management:

processor	: 4
vendor_id	: GenuineIntel
cpu family	: 6
model		: 60
model name	: Intel(R) Core(TM) i7-4710MQ CPU @ 2.50GHz
stepping	: 3
microcode	: 0x17
cpu MHz		: 3099.975
cache size	: 6144 KB
physical id	: 0
siblings	: 8
core id		: 0
cpu cores	: 4
apicid		: 1
initial apicid	: 1
fpu		: yes
fpu_exception	: yes
cpuid level	: 13
wp		: yes
flags		: fpu vme de pse tsc msr pae mce cx8 apic sep mtrr pge mca cmov pat pse36 clflush dts acpi mmx fxsr sse sse2 ss ht tm pbe syscall nx pdpe1gb rdtscp lm constant_tsc arch_perfmon pebs bts rep_good nopl xtopology nonstop_tsc aperfmperf pni pclmulqdq dtes64 monitor ds_cpl vmx est tm2 ssse3 sdbg fma cx16 xtpr pdcm pcid sse4_1 sse4_2 movbe popcnt tsc_deadline_timer aes xsave avx f16c rdrand lahf_lm abm epb tpr_shadow vnmi flexpriority ept vpid fsgsbase tsc_adjust bmi1 avx2 smep bmi2 erms invpcid xsaveopt dtherm ida arat pln pts
bugs		:
bogomips	: 4988.84
clflush size	: 64
cache_alignment	: 64
address sizes	: 39 bits physical, 48 bits virtual
power management:

processor	: 5
vendor_id	: GenuineIntel
cpu family	: 6
model		: 60
model name	: Intel(R) Core(TM) i7-4710MQ CPU @ 2.50GHz
stepping	: 3
microcode	: 0x17
cpu MHz		: 3099.975
cache size	: 6144 KB
physical id	: 0
siblings	: 8
core id		: 1
cpu cores	: 4
apicid		: 3
initial apicid	: 3
fpu		: yes
fpu_exception	: yes
cpuid level	: 13
wp		: yes
flags		: fpu vme de pse tsc msr pae mce cx8 apic sep mtrr pge mca cmov pat pse36 clflush dts acpi mmx fxsr sse sse2 ss ht tm pbe syscall nx pdpe1gb rdtscp lm constant_tsc arch_perfmon pebs bts rep_good nopl xtopology nonstop_tsc aperfmperf pni pclmulqdq dtes64 monitor ds_cpl vmx est tm2 ssse3 sdbg fma cx16 xtpr pdcm pcid sse4_1 sse4_2 movbe popcnt tsc_deadline_timer aes xsave avx f16c rdrand lahf_lm abm epb tpr_shadow vnmi flexpriority ept vpid fsgsbase tsc_adjust bmi1 avx2 smep bmi2 erms invpcid xsaveopt dtherm ida arat pln pts
bugs		:
bogomips	: 4988.84
clflush size	: 64
cache_alignment	: 64
address sizes	: 39 bits physical, 48 bits virtual
power management:

processor	: 6
vendor_id	: GenuineIntel
cpu family	: 6
model		: 60
model name	: Intel(R) Core(TM) i7-4710MQ CPU @ 2.50GHz
stepping	: 3
microcode	: 0x17
cpu MHz		: 3099.975
cache size	: 6144 KB
physical id	: 0
siblings	: 8
core id		: 2
cpu cores	: 4
apicid		: 5
initial apicid	: 5
fpu		: yes
fpu_exception	: yes
cpuid level	: 13
wp		: yes
flags		: fpu vme de pse tsc msr pae mce cx8 apic sep mtrr pge mca cmov pat pse36 clflush dts acpi mmx fxsr sse sse2 ss ht tm pbe syscall nx pdpe1gb rdtscp lm constant_tsc arch_perfmon pebs bts rep_good nopl xtopology nonstop_tsc aperfmperf pni pclmulqdq dtes64 monitor ds_cpl vmx est tm2 ssse3 sdbg fma cx16 xtpr pdcm pcid sse4_1 sse4_2 movbe popcnt tsc_deadline_timer aes xsave avx f16c rdrand lahf_lm abm epb tpr_shadow vnmi flexpriority ept vpid fsgsbase tsc_adjust bmi1 avx2 smep bmi2 erms invpcid xsaveopt dtherm ida arat pln pts
bugs		:
bogomips	: 4988.84
clflush size	: 64
cache_alignment	: 64
address sizes	: 39 bits physical, 48 bits virtual
power management:

processor	: 7
vendor_id	: GenuineIntel
cpu family	: 6
model		: 60
model name	: Intel(R) Core(TM) i7-4710MQ CPU @ 2.50GHz
stepping	: 3
microcode	: 0x17
cpu MHz		: 3100.433
cache size	: 6144 KB
physical id	: 0
siblings	: 8
core id		: 3
cpu cores	: 4
apicid		: 7
initial apicid	: 7
fpu		: yes
fpu_exception	: yes
cpuid level	: 13
wp		: yes
flags		: fpu vme de pse tsc msr pae mce cx8 apic sep mtrr pge mca cmov pat pse36 clflush dts acpi mmx fxsr sse sse2 ss ht tm pbe syscall nx pdpe1gb rdtscp lm constant_tsc arch_perfmon pebs bts rep_good nopl xtopology nonstop_tsc aperfmperf pni pclmulqdq dtes64 monitor ds_cpl vmx est tm2 ssse3 sdbg fma cx16 xtpr pdcm pcid sse4_1 sse4_2 movbe popcnt tsc_deadline_timer aes xsave avx f16c rdrand lahf_lm abm epb tpr_shadow vnmi flexpriority ept vpid fsgsbase tsc_adjust bmi1 avx2 smep bmi2 erms invpcid xsaveopt dtherm ida arat pln pts
bugs		:
bogomips	: 4988.84
clflush size	: 64
cache_alignment	: 64
address sizes	: 39 bits physical, 48 bits virtual
power management:



Memory: 4k page, physical 8057428k(130044k free), swap 0k(0k free)

vm_info: Java HotSpot(TM) 64-Bit Server VM (25.121-b13) for linux-amd64 JRE (1.8.0_121-b13), built on Dec 12 2016 16:36:53 by "java_re" with gcc 4.3.0 20080428 (Red Hat 4.3.0-8)

time: Sat Jul  1 11:28:49 2017
elapsed time: 4 seconds (0d 0h 0m 4s)

