#
# There is insufficient memory for the Java Runtime Environment to continue.
# Native memory allocation (mmap) failed to map 125829120 bytes for committing reserved memory.
# Possible reasons:
#   The system is out of physical RAM or swap space
#   In 32 bit mode, the process size limit was hit
# Possible solutions:
#   Reduce memory load on the system
#   Increase physical memory or swap space
#   Check if swap backing store is full
#   Use 64 bit Java on a 64 bit OS
#   Decrease Java heap size (-Xmx/-Xms)
#   Decrease number of Java threads
#   Decrease Java thread stack sizes (-Xss)
#   Set larger code cache with -XX:ReservedCodeCacheSize=
# This output file may be truncated or incomplete.
#
#  Out of Memory Error (os_linux.cpp:2627), pid=12343, tid=0x00007f939d5f5700
#
# JRE version: Java(TM) SE Runtime Environment (8.0_121-b13) (build 1.8.0_121-b13)
# Java VM: Java HotSpot(TM) 64-Bit Server VM (25.121-b13 mixed mode linux-amd64 compressed oops)
# Failed to write core dump. Core dumps have been disabled. To enable core dumping, try "ulimit -c unlimited" before starting Java again
#

---------------  T H R E A D  ---------------

Current thread (0x00007f93b4080800):  VMThread [stack: 0x00007f939d4f5000,0x00007f939d5f6000] [id=12356]

Stack: [0x00007f939d4f5000,0x00007f939d5f6000],  sp=0x00007f939d5f4020,  free space=1020k
Native frames: (J=compiled Java code, j=interpreted, Vv=VM code, C=native code)
V  [libjvm.so+0xac703a]  VMError::report_and_die()+0x2ba
V  [libjvm.so+0x4fc7eb]  report_vm_out_of_memory(char const*, int, unsigned long, VMErrorType, char const*)+0x8b
V  [libjvm.so+0x923c43]  os::Linux::commit_memory_impl(char*, unsigned long, bool)+0x103
V  [libjvm.so+0x924199]  os::pd_commit_memory(char*, unsigned long, unsigned long, bool)+0x29
V  [libjvm.so+0x91e4aa]  os::commit_memory(char*, unsigned long, unsigned long, bool)+0x2a
V  [libjvm.so+0x992f03]  PSVirtualSpace::expand_by(unsigned long)+0x53
V  [libjvm.so+0x9837c0]  PSOldGen::expand(unsigned long)+0x170
V  [libjvm.so+0x9839cb]  PSOldGen::resize(unsigned long)+0x1cb
V  [libjvm.so+0x98b6d1]  PSParallelCompact::invoke_no_policy(bool)+0x991
V  [libjvm.so+0x99102d]  PSScavenge::invoke()+0x1ad
V  [libjvm.so+0x947c10]  ParallelScavengeHeap::failed_mem_allocate(unsigned long)+0x70
V  [libjvm.so+0xac8a57]  VM_ParallelGCFailedAllocation::doit()+0x97
V  [libjvm.so+0xad0535]  VM_Operation::evaluate()+0x55
V  [libjvm.so+0xace90a]  VMThread::evaluate_operation(VM_Operation*)+0xba
V  [libjvm.so+0xacec8e]  VMThread::loop()+0x1ce
V  [libjvm.so+0xacf100]  VMThread::run()+0x70
V  [libjvm.so+0x926268]  java_start(Thread*)+0x108

VM_Operation (0x00007f939c556980): ParallelGCFailedAllocation, mode: safepoint, requested by thread 0x00007f93b419d000


---------------  P R O C E S S  ---------------

Java Threads: ( => current thread )
  0x00007f93b41ca800 JavaThread "pool-1-thread-8" [_thread_blocked, id=12374, stack(0x00007f9397dfe000,0x00007f9397eff000)]
  0x00007f93b41c8800 JavaThread "pool-1-thread-7" [_thread_blocked, id=12373, stack(0x00007f9397eff000,0x00007f9398000000)]
  0x00007f93b41c7000 JavaThread "pool-1-thread-6" [_thread_blocked, id=12372, stack(0x00007f939c054000,0x00007f939c155000)]
  0x00007f93b41c5000 JavaThread "pool-1-thread-5" [_thread_blocked, id=12371, stack(0x00007f939c155000,0x00007f939c256000)]
  0x00007f93b41c3800 JavaThread "pool-1-thread-4" [_thread_blocked, id=12370, stack(0x00007f939c256000,0x00007f939c357000)]
  0x00007f93b41b7800 JavaThread "pool-1-thread-3" [_thread_blocked, id=12369, stack(0x00007f939c357000,0x00007f939c458000)]
  0x00007f93b419d000 JavaThread "pool-1-thread-2" [_thread_blocked, id=12368, stack(0x00007f939c458000,0x00007f939c559000)]
  0x00007f93b4197000 JavaThread "pool-2-thread-1" [_thread_blocked, id=12367, stack(0x00007f939c559000,0x00007f939c65a000)]
  0x00007f93b4194800 JavaThread "pool-1-thread-1" [_thread_blocked, id=12366, stack(0x00007f939c65a000,0x00007f939c75b000)]
  0x00007f93b40d3000 JavaThread "Service Thread" daemon [_thread_blocked, id=12364, stack(0x00007f939c85c000,0x00007f939c95d000)]
  0x00007f93b40c8000 JavaThread "C1 CompilerThread3" daemon [_thread_blocked, id=12363, stack(0x00007f939c95d000,0x00007f939ca5e000)]
  0x00007f93b40c6000 JavaThread "C2 CompilerThread2" daemon [_thread_blocked, id=12362, stack(0x00007f939ca5e000,0x00007f939cb5f000)]
  0x00007f93b40c4000 JavaThread "C2 CompilerThread1" daemon [_thread_blocked, id=12361, stack(0x00007f939cb5f000,0x00007f939cc60000)]
  0x00007f93b40c1000 JavaThread "C2 CompilerThread0" daemon [_thread_blocked, id=12360, stack(0x00007f939cc60000,0x00007f939cd61000)]
  0x00007f93b40bf800 JavaThread "Signal Dispatcher" daemon [_thread_blocked, id=12359, stack(0x00007f939cd61000,0x00007f939ce62000)]
  0x00007f93b408d000 JavaThread "Finalizer" daemon [_thread_blocked, id=12358, stack(0x00007f939d2f3000,0x00007f939d3f4000)]
  0x00007f93b4088800 JavaThread "Reference Handler" daemon [_thread_blocked, id=12357, stack(0x00007f939d3f4000,0x00007f939d4f5000)]
  0x00007f93b400a800 JavaThread "main" [_thread_blocked, id=12347, stack(0x00007f93bcc5e000,0x00007f93bcd5f000)]

Other Threads:
=>0x00007f93b4080800 VMThread [stack: 0x00007f939d4f5000,0x00007f939d5f6000] [id=12356]
  0x00007f93b40d6000 WatcherThread [stack: 0x00007f939c75b000,0x00007f939c85c000] [id=12365]

VM state:at safepoint (normal execution)

VM Mutex/Monitor currently owned by a thread:  ([mutex/lock_event])
[0x00007f93b40066d0] ExpandHeap_lock - owner thread: 0x00007f93b4080800
[0x00007f93b4006d50] Threads_lock - owner thread: 0x00007f93b4080800
[0x00007f93b4007250] Heap_lock - owner thread: 0x00007f93b419d000

Heap:
 PSYoungGen      total 222208K, used 26485K [0x00000000eab00000, 0x0000000100000000, 0x0000000100000000)
  eden space 166912K, 0% used [0x00000000eab00000,0x00000000eab00000,0x00000000f4e00000)
  from space 55296K, 47% used [0x00000000fca00000,0x00000000fe3dd4b0,0x0000000100000000)
  to   space 91136K, 0% used [0x00000000f4e00000,0x00000000f4e00000,0x00000000fa700000)
 ParOldGen       total 163840K, used 163535K [0x00000000c0000000, 0x00000000ca000000, 0x00000000eab00000)
  object space 163840K, 99% used [0x00000000c0000000,0x00000000c9fb3c70,0x00000000ca000000)
 Metaspace       used 6523K, capacity 7320K, committed 7680K, reserved 1056768K
  class space    used 622K, capacity 656K, committed 768K, reserved 1048576K

Card table byte_map: [0x00007f93b9806000,0x00007f93b9a07000] byte_map_base: 0x00007f93b9206000

Marking Bits: (ParMarkBitMap*) 0x00007f93bc131c80
 Begin Bits: [0x00007f939e000000, 0x00007f939f000000)
 End Bits:   [0x00007f939f000000, 0x00007f93a0000000)

Polling page: 0x00007f93bcd7f000

CodeCache: size=245760Kb used=9199Kb max_used=9212Kb free=236560Kb
 bounds [0x00007f93a5000000, 0x00007f93a5910000, 0x00007f93b4000000]
 total_blobs=2507 nmethods=2243 adapters=177
 compilation: enabled

Compilation events (10 events):
Event: 3.916 Thread 0x00007f93b40c4000 1316       4       com.android.dx.rop.type.StdTypeList::withFirst (53 bytes)
Event: 3.921 Thread 0x00007f93b40c4000 nmethod 1316 0x00007f93a58f3ad0 code [0x00007f93a58f3c40, 0x00007f93a58f3f38]
Event: 3.921 Thread 0x00007f93b40c4000 1406       4       com.android.dx.ssa.back.InterferenceGraph::ensureCapacity (42 bytes)
Event: 3.926 Thread 0x00007f93b40c8000 2573       2       com.android.dx.cf.code.Frame::makeInitialized (17 bytes)
Event: 3.926 Thread 0x00007f93b40c8000 nmethod 2573 0x00007f93a58f26d0 code [0x00007f93a58f2840, 0x00007f93a58f29f8]
Event: 3.926 Thread 0x00007f93b40c8000 2574       2       com.android.dx.cf.code.ByteCatchList::set (21 bytes)
Event: 3.928 Thread 0x00007f93b40c8000 nmethod 2574 0x00007f93a58f4a90 code [0x00007f93a58f4c60, 0x00007f93a58f5158]
Event: 3.931 Thread 0x00007f93b40c4000 nmethod 1406 0x00007f93a5901490 code [0x00007f93a5901620, 0x00007f93a5901e18]
Event: 3.931 Thread 0x00007f93b40c4000 2483 %     4       com.android.dx.ssa.back.IdenticalBlockCombiner::process @ 25 (323 bytes)
Event: 3.933 Thread 0x00007f93b40c8000 2575 %     3       com.android.dx.ssa.SCCP::simulateBranch @ 615 (666 bytes)

GC Heap History (10 events):
Event: 2.179 GC heap after
Heap after GC invocations=7 (full 0):
 PSYoungGen      total 278016K, used 28670K [0x00000000eab00000, 0x0000000100000000, 0x0000000100000000)
  eden space 249344K, 0% used [0x00000000eab00000,0x00000000eab00000,0x00000000f9e80000)
  from space 28672K, 99% used [0x00000000f9e80000,0x00000000fba7f858,0x00000000fba80000)
  to   space 49152K, 0% used [0x00000000fd000000,0x00000000fd000000,0x0000000100000000)
 ParOldGen       total 84992K, used 70260K [0x00000000c0000000, 0x00000000c5300000, 0x00000000eab00000)
  object space 84992K, 82% used [0x00000000c0000000,0x00000000c449d0f0,0x00000000c5300000)
 Metaspace       used 6494K, capacity 7320K, committed 7680K, reserved 1056768K
  class space    used 622K, capacity 656K, committed 768K, reserved 1048576K
}
Event: 2.179 GC heap before
{Heap before GC invocations=8 (full 1):
 PSYoungGen      total 278016K, used 28670K [0x00000000eab00000, 0x0000000100000000, 0x0000000100000000)
  eden space 249344K, 0% used [0x00000000eab00000,0x00000000eab00000,0x00000000f9e80000)
  from space 28672K, 99% used [0x00000000f9e80000,0x00000000fba7f858,0x00000000fba80000)
  to   space 49152K, 0% used [0x00000000fd000000,0x00000000fd000000,0x0000000100000000)
 ParOldGen       total 84992K, used 70260K [0x00000000c0000000, 0x00000000c5300000, 0x00000000eab00000)
  object space 84992K, 82% used [0x00000000c0000000,0x00000000c449d0f0,0x00000000c5300000)
 Metaspace       used 6494K, capacity 7320K, committed 7680K, reserved 1056768K
  class space    used 622K, capacity 656K, committed 768K, reserved 1048576K
Event: 2.469 GC heap after
Heap after GC invocations=8 (full 1):
 PSYoungGen      total 278016K, used 8663K [0x00000000eab00000, 0x0000000100000000, 0x0000000100000000)
  eden space 249344K, 0% used [0x00000000eab00000,0x00000000eab00000,0x00000000f9e80000)
  from space 28672K, 30% used [0x00000000f9e80000,0x00000000fa6f5dc0,0x00000000fba80000)
  to   space 49152K, 0% used [0x00000000fd000000,0x00000000fd000000,0x0000000100000000)
 ParOldGen       total 163840K, used 84674K [0x00000000c0000000, 0x00000000ca000000, 0x00000000eab00000)
  object space 163840K, 51% used [0x00000000c0000000,0x00000000c52b0bf8,0x00000000ca000000)
 Metaspace       used 6494K, capacity 7320K, committed 7680K, reserved 1056768K
  class space    used 622K, capacity 656K, committed 768K, reserved 1048576K
}
Event: 2.955 GC heap before
{Heap before GC invocations=9 (full 1):
 PSYoungGen      total 278016K, used 258007K [0x00000000eab00000, 0x0000000100000000, 0x0000000100000000)
  eden space 249344K, 100% used [0x00000000eab00000,0x00000000f9e80000,0x00000000f9e80000)
  from space 28672K, 30% used [0x00000000f9e80000,0x00000000fa6f5dc0,0x00000000fba80000)
  to   space 49152K, 0% used [0x00000000fd000000,0x00000000fd000000,0x0000000100000000)
 ParOldGen       total 163840K, used 84674K [0x00000000c0000000, 0x00000000ca000000, 0x00000000eab00000)
  object space 163840K, 51% used [0x00000000c0000000,0x00000000c52b0bf8,0x00000000ca000000)
 Metaspace       used 6511K, capacity 7320K, committed 7680K, reserved 1056768K
  class space    used 622K, capacity 656K, committed 768K, reserved 1048576K
Event: 3.001 GC heap after
Heap after GC invocations=9 (full 1):
 PSYoungGen      total 287744K, used 43642K [0x00000000eab00000, 0x0000000100000000, 0x0000000100000000)
  eden space 238592K, 0% used [0x00000000eab00000,0x00000000eab00000,0x00000000f9400000)
  from space 49152K, 88% used [0x00000000fd000000,0x00000000ffa9ea40,0x0000000100000000)
  to   space 55296K, 0% used [0x00000000f9400000,0x00000000f9400000,0x00000000fca00000)
 ParOldGen       total 163840K, used 84698K [0x00000000c0000000, 0x00000000ca000000, 0x00000000eab00000)
  object space 163840K, 51% used [0x00000000c0000000,0x00000000c52b6bf8,0x00000000ca000000)
 Metaspace       used 6511K, capacity 7320K, committed 7680K, reserved 1056768K
  class space    used 622K, capacity 656K, committed 768K, reserved 1048576K
}
Event: 3.447 GC heap before
{Heap before GC invocations=10 (full 1):
 PSYoungGen      total 287744K, used 282234K [0x00000000eab00000, 0x0000000100000000, 0x0000000100000000)
  eden space 238592K, 100% used [0x00000000eab00000,0x00000000f9400000,0x00000000f9400000)
  from space 49152K, 88% used [0x00000000fd000000,0x00000000ffa9ea40,0x0000000100000000)
  to   space 55296K, 0% used [0x00000000f9400000,0x00000000f9400000,0x00000000fca00000)
 ParOldGen       total 163840K, used 84698K [0x00000000c0000000, 0x00000000ca000000, 0x00000000eab00000)
  object space 163840K, 51% used [0x00000000c0000000,0x00000000c52b6bf8,0x00000000ca000000)
 Metaspace       used 6517K, capacity 7320K, committed 7680K, reserved 1056768K
  class space    used 622K, capacity 656K, committed 768K, reserved 1048576K
Event: 3.497 GC heap after
Heap after GC invocations=10 (full 1):
 PSYoungGen      total 293888K, used 55266K [0x00000000eab00000, 0x0000000100000000, 0x0000000100000000)
  eden space 238592K, 0% used [0x00000000eab00000,0x00000000eab00000,0x00000000f9400000)
  from space 55296K, 99% used [0x00000000f9400000,0x00000000fc9f8840,0x00000000fca00000)
  to   space 55296K, 0% used [0x00000000fca00000,0x00000000fca00000,0x0000000100000000)
 ParOldGen       total 163840K, used 105396K [0x00000000c0000000, 0x00000000ca000000, 0x00000000eab00000)
  object space 163840K, 64% used [0x00000000c0000000,0x00000000c66ed050,0x00000000ca000000)
 Metaspace       used 6517K, capacity 7320K, committed 7680K, reserved 1056768K
  class space    used 622K, capacity 656K, committed 768K, reserved 1048576K
}
Event: 3.935 GC heap before
{Heap before GC invocations=11 (full 1):
 PSYoungGen      total 293888K, used 293858K [0x00000000eab00000, 0x0000000100000000, 0x0000000100000000)
  eden space 238592K, 100% used [0x00000000eab00000,0x00000000f9400000,0x00000000f9400000)
  from space 55296K, 99% used [0x00000000f9400000,0x00000000fc9f8840,0x00000000fca00000)
  to   space 55296K, 0% used [0x00000000fca00000,0x00000000fca00000,0x0000000100000000)
 ParOldGen       total 163840K, used 105396K [0x00000000c0000000, 0x00000000ca000000, 0x00000000eab00000)
  object space 163840K, 64% used [0x00000000c0000000,0x00000000c66ed050,0x00000000ca000000)
 Metaspace       used 6523K, capacity 7320K, committed 7680K, reserved 1056768K
  class space    used 622K, capacity 656K, committed 768K, reserved 1048576K
Event: 3.997 GC heap after
Heap after GC invocations=11 (full 1):
 PSYoungGen      total 222208K, used 55283K [0x00000000eab00000, 0x0000000100000000, 0x0000000100000000)
  eden space 166912K, 0% used [0x00000000eab00000,0x00000000eab00000,0x00000000f4e00000)
  from space 55296K, 99% used [0x00000000fca00000,0x00000000ffffcc70,0x0000000100000000)
  to   space 91136K, 0% used [0x00000000f4e00000,0x00000000f4e00000,0x00000000fa700000)
 ParOldGen       total 163840K, used 140360K [0x00000000c0000000, 0x00000000ca000000, 0x00000000eab00000)
  object space 163840K, 85% used [0x00000000c0000000,0x00000000c8912280,0x00000000ca000000)
 Metaspace       used 6523K, capacity 7320K, committed 7680K, reserved 1056768K
  class space    used 622K, capacity 656K, committed 768K, reserved 1048576K
}
Event: 3.997 GC heap before
{Heap before GC invocations=12 (full 2):
 PSYoungGen      total 222208K, used 55283K [0x00000000eab00000, 0x0000000100000000, 0x0000000100000000)
  eden space 166912K, 0% used [0x00000000eab00000,0x00000000eab00000,0x00000000f4e00000)
  from space 55296K, 99% used [0x00000000fca00000,0x00000000ffffcc70,0x0000000100000000)
  to   space 91136K, 0% used [0x00000000f4e00000,0x00000000f4e00000,0x00000000fa700000)
 ParOldGen       total 163840K, used 140360K [0x00000000c0000000, 0x00000000ca000000, 0x00000000eab00000)
  object space 163840K, 85% used [0x00000000c0000000,0x00000000c8912280,0x00000000ca000000)
 Metaspace       used 6523K, capacity 7320K, committed 7680K, reserved 1056768K
  class space    used 622K, capacity 656K, committed 768K, reserved 1048576K

Deoptimization events (10 events):
Event: 1.834 Thread 0x00007f93b41b7800 Uncommon trap: reason=bimorphic action=maybe_recompile pc=0x00007f93a56caf38 method=com.android.dx.ssa.NormalSsaInsn.accept(Lcom/android/dx/ssa/SsaInsn$Visitor;)V @ 9
Event: 1.834 Thread 0x00007f93b41b7800 Uncommon trap: reason=bimorphic action=maybe_recompile pc=0x00007f93a56caf38 method=com.android.dx.ssa.NormalSsaInsn.accept(Lcom/android/dx/ssa/SsaInsn$Visitor;)V @ 9
Event: 2.048 Thread 0x00007f93b4194800 Uncommon trap: reason=unstable_if action=reinterpret pc=0x00007f93a570ebd0 method=com.android.dx.ssa.SsaBasicBlock.scheduleMovesFromPhis()V @ 63
Event: 2.840 Thread 0x00007f93b419d000 Uncommon trap: reason=unstable_if action=reinterpret pc=0x00007f93a5288ca0 method=com.android.dx.rop.code.RegisterSpecSet.<init>(I)V @ 2
Event: 3.089 Thread 0x00007f93b41c7000 Uncommon trap: reason=unstable_if action=reinterpret pc=0x00007f93a574e190 method=java.util.concurrent.ConcurrentHashMap.get(Ljava/lang/Object;)Ljava/lang/Object; @ 86
Event: 3.183 Thread 0x00007f93b41ca800 Uncommon trap: reason=unstable_if action=reinterpret pc=0x00007f93a521be58 method=com.android.dx.ssa.SsaMethod.getExitBlock()Lcom/android/dx/ssa/SsaBasicBlock; @ 4
Event: 3.184 Thread 0x00007f93b41ca800 Uncommon trap: reason=unstable_if action=reinterpret pc=0x00007f93a55849f0 method=com.android.dx.ssa.SsaMethod.getExitBlock()Lcom/android/dx/ssa/SsaBasicBlock; @ 4
Event: 3.184 Thread 0x00007f93b41ca800 Uncommon trap: reason=unstable_if action=reinterpret pc=0x00007f93a580e98c method=com.android.dx.ssa.SsaMethod.getExitBlock()Lcom/android/dx/ssa/SsaBasicBlock; @ 4
Event: 3.745 Thread 0x00007f93b419d000 Uncommon trap: reason=unstable_if action=reinterpret pc=0x00007f93a58b604c method=com.android.dx.cf.code.RopperMachine.run(Lcom/android/dx/cf/code/Frame;II)V @ 1053
Event: 3.867 Thread 0x00007f93b41b7800 Uncommon trap: reason=unstable_if action=reinterpret pc=0x00007f93a58a59f8 method=com.android.dx.ssa.SCCP.simulateBranch(Lcom/android/dx/ssa/SsaInsn;)V @ 64

Internal exceptions (8 events):
Event: 0.019 Thread 0x00007f93b400a800 Exception <a 'java/lang/NoSuchMethodError': Method sun.misc.Unsafe.defineClass(Ljava/lang/String;[BII)Ljava/lang/Class; name or signature does not match> (0x00000000eab07ca8) thrown at [/HUDSON3/workspace/8-2-build-linux-amd64/jdk8u121/8372/hotspot/src/sh
Event: 0.019 Thread 0x00007f93b400a800 Exception <a 'java/lang/NoSuchMethodError': Method sun.misc.Unsafe.prefetchRead(Ljava/lang/Object;J)V name or signature does not match> (0x00000000eab07f90) thrown at [/HUDSON3/workspace/8-2-build-linux-amd64/jdk8u121/8372/hotspot/src/share/vm/prims/jni.c
Event: 0.401 Thread 0x00007f93b41b7800 Implicit null exception at 0x00007f93a5262b7f to 0x00007f93a5265081
Event: 0.913 Thread 0x00007f93b400a800 Exception <a 'java/lang/ArrayIndexOutOfBoundsException': 18> (0x00000000eac40318) thrown at [/HUDSON3/workspace/8-2-build-linux-amd64/jdk8u121/8372/hotspot/src/share/vm/interpreter/interpreterRuntime.cpp, line 366]
Event: 0.913 Thread 0x00007f93b400a800 Exception <a 'java/lang/ArrayIndexOutOfBoundsException': 145> (0x00000000eac41e98) thrown at [/HUDSON3/workspace/8-2-build-linux-amd64/jdk8u121/8372/hotspot/src/share/vm/interpreter/interpreterRuntime.cpp, line 366]
Event: 0.914 Thread 0x00007f93b400a800 Exception <a 'java/lang/ArrayIndexOutOfBoundsException': 40> (0x00000000eac43180) thrown at [/HUDSON3/workspace/8-2-build-linux-amd64/jdk8u121/8372/hotspot/src/share/vm/interpreter/interpreterRuntime.cpp, line 366]
Event: 1.751 Thread 0x00007f93b41b7800 Implicit null exception at 0x00007f93a54c4738 to 0x00007f93a54c4af1
Event: 1.751 Thread 0x00007f93b41b7800 Implicit null exception at 0x00007f93a5258ca5 to 0x00007f93a5258e99

Events (10 events):
Event: 3.907 Thread 0x00007f93b41c3800 DEOPT UNPACKING pc=0x00007f93a5047633 sp=0x00007f939c3549e0 mode 0
Event: 3.909 Thread 0x00007f93b41c3800 DEOPT PACKING pc=0x00007f93a53a18a1 sp=0x00007f939c354f80
Event: 3.909 Thread 0x00007f93b41c3800 DEOPT UNPACKING pc=0x00007f93a5047633 sp=0x00007f939c354dd0 mode 0
Event: 3.916 Thread 0x00007f93b41c7000 DEOPT PACKING pc=0x00007f93a582b0df sp=0x00007f939c152b30
Event: 3.916 Thread 0x00007f93b41c7000 DEOPT UNPACKING pc=0x00007f93a5047633 sp=0x00007f939c152900 mode 0
Event: 3.933 Thread 0x00007f93b41ca800 DEOPT PACKING pc=0x00007f93a5713206 sp=0x00007f9397efce20
Event: 3.933 Thread 0x00007f93b41ca800 DEOPT UNPACKING pc=0x00007f93a5047633 sp=0x00007f9397efcc00 mode 0
Event: 3.934 Thread 0x00007f93b41c8800 DEOPT PACKING pc=0x00007f93a53a18a1 sp=0x00007f9397ffdd00
Event: 3.934 Thread 0x00007f93b41c8800 DEOPT UNPACKING pc=0x00007f93a5047633 sp=0x00007f9397ffdb50 mode 0
Event: 3.935 Executing VM operation: ParallelGCFailedAllocation


Dynamic libraries:
00400000-00401000 r-xp 00000000 08:01 2900529                            /usr/local/jdk1.8.0_121/jre/bin/java
00600000-00601000 rw-p 00000000 08:01 2900529                            /usr/local/jdk1.8.0_121/jre/bin/java
02580000-025a1000 rw-p 00000000 00:00 0                                  [heap]
c0000000-ca000000 rw-p 00000000 00:00 0 
d1800000-eab00000 ---p 00000000 00:00 0 
eab00000-100000000 rw-p 00000000 00:00 0 
100000000-1000c0000 rw-p 00000000 00:00 0 
1000c0000-140000000 ---p 00000000 00:00 0 
7f9320000000-7f9320021000 rw-p 00000000 00:00 0 
7f9320021000-7f9324000000 ---p 00000000 00:00 0 
7f9324000000-7f9324021000 rw-p 00000000 00:00 0 
7f9324021000-7f9328000000 ---p 00000000 00:00 0 
7f9328000000-7f932802a000 rw-p 00000000 00:00 0 
7f932802a000-7f932c000000 ---p 00000000 00:00 0 
7f932c000000-7f932c032000 rw-p 00000000 00:00 0 
7f932c032000-7f9330000000 ---p 00000000 00:00 0 
7f9330000000-7f9330021000 rw-p 00000000 00:00 0 
7f9330021000-7f9334000000 ---p 00000000 00:00 0 
7f9334000000-7f9334035000 rw-p 00000000 00:00 0 
7f9334035000-7f9338000000 ---p 00000000 00:00 0 
7f9338000000-7f9338021000 rw-p 00000000 00:00 0 
7f9338021000-7f933c000000 ---p 00000000 00:00 0 
7f933c000000-7f933c068000 rw-p 00000000 00:00 0 
7f933c068000-7f9340000000 ---p 00000000 00:00 0 
7f9340000000-7f9340021000 rw-p 00000000 00:00 0 
7f9340021000-7f9344000000 ---p 00000000 00:00 0 
7f9344000000-7f9344049000 rw-p 00000000 00:00 0 
7f9344049000-7f9348000000 ---p 00000000 00:00 0 
7f9348000000-7f934898b000 rw-p 00000000 00:00 0 
7f934898b000-7f934c000000 ---p 00000000 00:00 0 
7f934c000000-7f934c021000 rw-p 00000000 00:00 0 
7f934c021000-7f9350000000 ---p 00000000 00:00 0 
7f9350000000-7f9350cb1000 rw-p 00000000 00:00 0 
7f9350cb1000-7f9354000000 ---p 00000000 00:00 0 
7f9354000000-7f9354d6c000 rw-p 00000000 00:00 0 
7f9354d6c000-7f9358000000 ---p 00000000 00:00 0 
7f9358000000-7f9358021000 rw-p 00000000 00:00 0 
7f9358021000-7f935c000000 ---p 00000000 00:00 0 
7f935c000000-7f935cee7000 rw-p 00000000 00:00 0 
7f935cee7000-7f9360000000 ---p 00000000 00:00 0 
7f9360000000-7f9360021000 rw-p 00000000 00:00 0 
7f9360021000-7f9364000000 ---p 00000000 00:00 0 
7f9364000000-7f9364021000 rw-p 00000000 00:00 0 
7f9364021000-7f9368000000 ---p 00000000 00:00 0 
7f9368000000-7f9368021000 rw-p 00000000 00:00 0 
7f9368021000-7f936c000000 ---p 00000000 00:00 0 
7f936c000000-7f936c293000 rw-p 00000000 00:00 0 
7f936c293000-7f9370000000 ---p 00000000 00:00 0 
7f9370000000-7f9370021000 rw-p 00000000 00:00 0 
7f9370021000-7f9374000000 ---p 00000000 00:00 0 
7f9378000000-7f9378021000 rw-p 00000000 00:00 0 
7f9378021000-7f937c000000 ---p 00000000 00:00 0 
7f9380000000-7f9380021000 rw-p 00000000 00:00 0 
7f9380021000-7f9384000000 ---p 00000000 00:00 0 
7f9388000000-7f9388021000 rw-p 00000000 00:00 0 
7f9388021000-7f938c000000 ---p 00000000 00:00 0 
7f9390000000-7f9390021000 rw-p 00000000 00:00 0 
7f9390021000-7f9394000000 ---p 00000000 00:00 0 
7f9397dfe000-7f9397e01000 ---p 00000000 00:00 0 
7f9397e01000-7f9397eff000 rw-p 00000000 00:00 0 
7f9397eff000-7f9397f02000 ---p 00000000 00:00 0 
7f9397f02000-7f9398000000 rw-p 00000000 00:00 0 
7f9398000000-7f9398021000 rw-p 00000000 00:00 0 
7f9398021000-7f939c000000 ---p 00000000 00:00 0 
7f939c033000-7f939c054000 r--p 00000000 08:01 4853570                    /usr/share/locale-langpack/zh_CN/LC_MESSAGES/libc.mo
7f939c054000-7f939c057000 ---p 00000000 00:00 0 
7f939c057000-7f939c155000 rw-p 00000000 00:00 0 
7f939c155000-7f939c158000 ---p 00000000 00:00 0 
7f939c158000-7f939c256000 rw-p 00000000 00:00 0 
7f939c256000-7f939c259000 ---p 00000000 00:00 0 
7f939c259000-7f939c357000 rw-p 00000000 00:00 0 
7f939c357000-7f939c35a000 ---p 00000000 00:00 0 
7f939c35a000-7f939c458000 rw-p 00000000 00:00 0 
7f939c458000-7f939c45b000 ---p 00000000 00:00 0 
7f939c45b000-7f939c559000 rw-p 00000000 00:00 0 
7f939c559000-7f939c55c000 ---p 00000000 00:00 0 
7f939c55c000-7f939c65a000 rw-p 00000000 00:00 0 
7f939c65a000-7f939c65d000 ---p 00000000 00:00 0 
7f939c65d000-7f939c75b000 rw-p 00000000 00:00 0 
7f939c75b000-7f939c75c000 ---p 00000000 00:00 0 
7f939c75c000-7f939c85c000 rw-p 00000000 00:00 0 
7f939c85c000-7f939c85f000 ---p 00000000 00:00 0 
7f939c85f000-7f939c95d000 rw-p 00000000 00:00 0 
7f939c95d000-7f939c960000 ---p 00000000 00:00 0 
7f939c960000-7f939ca5e000 rw-p 00000000 00:00 0 
7f939ca5e000-7f939ca61000 ---p 00000000 00:00 0 
7f939ca61000-7f939cb5f000 rw-p 00000000 00:00 0 
7f939cb5f000-7f939cb62000 ---p 00000000 00:00 0 
7f939cb62000-7f939cc60000 rw-p 00000000 00:00 0 
7f939cc60000-7f939cc63000 ---p 00000000 00:00 0 
7f939cc63000-7f939cd61000 rw-p 00000000 00:00 0 
7f939cd61000-7f939cd64000 ---p 00000000 00:00 0 
7f939cd64000-7f939ce62000 rw-p 00000000 00:00 0 
7f939ce62000-7f939d2f3000 r--p 00000000 08:01 3277118                    /usr/lib/locale/locale-archive
7f939d2f3000-7f939d2f6000 ---p 00000000 00:00 0 
7f939d2f6000-7f939d3f4000 rw-p 00000000 00:00 0 
7f939d3f4000-7f939d3f7000 ---p 00000000 00:00 0 
7f939d3f7000-7f939d4f5000 rw-p 00000000 00:00 0 
7f939d4f5000-7f939d4f6000 ---p 00000000 00:00 0 
7f939d4f6000-7f93a0000000 rw-p 00000000 00:00 0 
7f93a0000000-7f93a0021000 rw-p 00000000 00:00 0 
7f93a0021000-7f93a4000000 ---p 00000000 00:00 0 
7f93a4003000-7f93a400a000 r--s 00000000 08:01 3554149                    /usr/lib/x86_64-linux-gnu/gconv/gconv-modules.cache
7f93a400a000-7f93a5000000 rw-p 00000000 00:00 0 
7f93a5000000-7f93a5910000 rwxp 00000000 00:00 0 
7f93a5910000-7f93b4000000 ---p 00000000 00:00 0 
7f93b4000000-7f93b43bf000 rw-p 00000000 00:00 0 
7f93b43bf000-7f93b8000000 ---p 00000000 00:00 0 
7f93b8006000-7f93b8015000 r--s 000e4000 08:01 3948987                    /home/coder/.android/sbt/sdk/build-tools/26.0.0/lib/dx.jar
7f93b8015000-7f93b8259000 rw-p 00000000 00:00 0 
7f93b8259000-7f93b8432000 r--s 03d3e000 08:01 2901169                    /usr/local/jdk1.8.0_121/jre/lib/rt.jar
7f93b8432000-7f93b8b68000 rw-p 00000000 00:00 0 
7f93b8b68000-7f93b8ca8000 ---p 00000000 00:00 0 
7f93b8ca8000-7f93b8ea8000 rw-p 00000000 00:00 0 
7f93b8ea8000-7f93b8ea9000 ---p 00000000 00:00 0 
7f93b8ea9000-7f93b8fa9000 rw-p 00000000 00:00 0 
7f93b8fa9000-7f93b8faa000 ---p 00000000 00:00 0 
7f93b8faa000-7f93b90aa000 rw-p 00000000 00:00 0 
7f93b90aa000-7f93b90ab000 ---p 00000000 00:00 0 
7f93b90ab000-7f93b91ab000 rw-p 00000000 00:00 0 
7f93b91ab000-7f93b91ac000 ---p 00000000 00:00 0 
7f93b91ac000-7f93b92ac000 rw-p 00000000 00:00 0 
7f93b92ac000-7f93b92ad000 ---p 00000000 00:00 0 
7f93b92ad000-7f93b93ad000 rw-p 00000000 00:00 0 
7f93b93ad000-7f93b93ae000 ---p 00000000 00:00 0 
7f93b93ae000-7f93b94ae000 rw-p 00000000 00:00 0 
7f93b94ae000-7f93b94af000 ---p 00000000 00:00 0 
7f93b94af000-7f93b95af000 rw-p 00000000 00:00 0 
7f93b95af000-7f93b95b0000 ---p 00000000 00:00 0 
7f93b95b0000-7f93b9700000 rw-p 00000000 00:00 0 
7f93b9700000-7f93b9806000 ---p 00000000 00:00 0 
7f93b9806000-7f93b9856000 rw-p 00000000 00:00 0 
7f93b9856000-7f93b995b000 ---p 00000000 00:00 0 
7f93b995b000-7f93b9a06000 rw-p 00000000 00:00 0 
7f93b9a06000-7f93b9a2c000 rw-p 00000000 00:00 0 
7f93b9a2c000-7f93b9dc7000 ---p 00000000 00:00 0 
7f93b9dc7000-7f93b9de1000 r-xp 00000000 08:01 2901970                    /usr/local/jdk1.8.0_121/jre/lib/amd64/libzip.so
7f93b9de1000-7f93b9fe1000 ---p 0001a000 08:01 2901970                    /usr/local/jdk1.8.0_121/jre/lib/amd64/libzip.so
7f93b9fe1000-7f93b9fe2000 rw-p 0001a000 08:01 2901970                    /usr/local/jdk1.8.0_121/jre/lib/amd64/libzip.so
7f93b9fe2000-7f93b9fed000 r-xp 00000000 08:01 1327967                    /lib/x86_64-linux-gnu/libnss_files-2.24.so
7f93b9fed000-7f93ba1ec000 ---p 0000b000 08:01 1327967                    /lib/x86_64-linux-gnu/libnss_files-2.24.so
7f93ba1ec000-7f93ba1ed000 r--p 0000a000 08:01 1327967                    /lib/x86_64-linux-gnu/libnss_files-2.24.so
7f93ba1ed000-7f93ba1ee000 rw-p 0000b000 08:01 1327967                    /lib/x86_64-linux-gnu/libnss_files-2.24.so
7f93ba1ee000-7f93ba1f4000 rw-p 00000000 00:00 0 
7f93ba1f4000-7f93ba1ff000 r-xp 00000000 08:01 1327969                    /lib/x86_64-linux-gnu/libnss_nis-2.24.so
7f93ba1ff000-7f93ba3fe000 ---p 0000b000 08:01 1327969                    /lib/x86_64-linux-gnu/libnss_nis-2.24.so
7f93ba3fe000-7f93ba3ff000 r--p 0000a000 08:01 1327969                    /lib/x86_64-linux-gnu/libnss_nis-2.24.so
7f93ba3ff000-7f93ba400000 rw-p 0000b000 08:01 1327969                    /lib/x86_64-linux-gnu/libnss_nis-2.24.so
7f93ba400000-7f93ba416000 r-xp 00000000 08:01 1327964                    /lib/x86_64-linux-gnu/libnsl-2.24.so
7f93ba416000-7f93ba615000 ---p 00016000 08:01 1327964                    /lib/x86_64-linux-gnu/libnsl-2.24.so
7f93ba615000-7f93ba616000 r--p 00015000 08:01 1327964                    /lib/x86_64-linux-gnu/libnsl-2.24.so
7f93ba616000-7f93ba617000 rw-p 00016000 08:01 1327964                    /lib/x86_64-linux-gnu/libnsl-2.24.so
7f93ba617000-7f93ba619000 rw-p 00000000 00:00 0 
7f93ba619000-7f93ba621000 r-xp 00000000 08:01 1327965                    /lib/x86_64-linux-gnu/libnss_compat-2.24.so
7f93ba621000-7f93ba820000 ---p 00008000 08:01 1327965                    /lib/x86_64-linux-gnu/libnss_compat-2.24.so
7f93ba820000-7f93ba821000 r--p 00007000 08:01 1327965                    /lib/x86_64-linux-gnu/libnss_compat-2.24.so
7f93ba821000-7f93ba822000 rw-p 00008000 08:01 1327965                    /lib/x86_64-linux-gnu/libnss_compat-2.24.so
7f93ba822000-7f93ba84d000 r-xp 00000000 08:01 2901487                    /usr/local/jdk1.8.0_121/jre/lib/amd64/libjava.so
7f93ba84d000-7f93baa4c000 ---p 0002b000 08:01 2901487                    /usr/local/jdk1.8.0_121/jre/lib/amd64/libjava.so
7f93baa4c000-7f93baa4e000 rw-p 0002a000 08:01 2901487                    /usr/local/jdk1.8.0_121/jre/lib/amd64/libjava.so
7f93baa4e000-7f93baa5b000 r-xp 00000000 08:01 2899834                    /usr/local/jdk1.8.0_121/jre/lib/amd64/libverify.so
7f93baa5b000-7f93bac5a000 ---p 0000d000 08:01 2899834                    /usr/local/jdk1.8.0_121/jre/lib/amd64/libverify.so
7f93bac5a000-7f93bac5c000 rw-p 0000c000 08:01 2899834                    /usr/local/jdk1.8.0_121/jre/lib/amd64/libverify.so
7f93bac5c000-7f93bac63000 r-xp 00000000 08:01 1327974                    /lib/x86_64-linux-gnu/librt-2.24.so
7f93bac63000-7f93bae62000 ---p 00007000 08:01 1327974                    /lib/x86_64-linux-gnu/librt-2.24.so
7f93bae62000-7f93bae63000 r--p 00006000 08:01 1327974                    /lib/x86_64-linux-gnu/librt-2.24.so
7f93bae63000-7f93bae64000 rw-p 00007000 08:01 1327974                    /lib/x86_64-linux-gnu/librt-2.24.so
7f93bae64000-7f93baf6c000 r-xp 00000000 08:01 1327961                    /lib/x86_64-linux-gnu/libm-2.24.so
7f93baf6c000-7f93bb16b000 ---p 00108000 08:01 1327961                    /lib/x86_64-linux-gnu/libm-2.24.so
7f93bb16b000-7f93bb16c000 r--p 00107000 08:01 1327961                    /lib/x86_64-linux-gnu/libm-2.24.so
7f93bb16c000-7f93bb16d000 rw-p 00108000 08:01 1327961                    /lib/x86_64-linux-gnu/libm-2.24.so
7f93bb16d000-7f93bbe3b000 r-xp 00000000 08:01 3025707                    /usr/local/jdk1.8.0_121/jre/lib/amd64/server/libjvm.so
7f93bbe3b000-7f93bc03b000 ---p 00cce000 08:01 3025707                    /usr/local/jdk1.8.0_121/jre/lib/amd64/server/libjvm.so
7f93bc03b000-7f93bc114000 rw-p 00cce000 08:01 3025707                    /usr/local/jdk1.8.0_121/jre/lib/amd64/server/libjvm.so
7f93bc114000-7f93bc15f000 rw-p 00000000 00:00 0 
7f93bc15f000-7f93bc31d000 r-xp 00000000 08:01 1327957                    /lib/x86_64-linux-gnu/libc-2.24.so
7f93bc31d000-7f93bc51c000 ---p 001be000 08:01 1327957                    /lib/x86_64-linux-gnu/libc-2.24.so
7f93bc51c000-7f93bc520000 r--p 001bd000 08:01 1327957                    /lib/x86_64-linux-gnu/libc-2.24.so
7f93bc520000-7f93bc522000 rw-p 001c1000 08:01 1327957                    /lib/x86_64-linux-gnu/libc-2.24.so
7f93bc522000-7f93bc526000 rw-p 00000000 00:00 0 
7f93bc526000-7f93bc529000 r-xp 00000000 08:01 1327960                    /lib/x86_64-linux-gnu/libdl-2.24.so
7f93bc529000-7f93bc728000 ---p 00003000 08:01 1327960                    /lib/x86_64-linux-gnu/libdl-2.24.so
7f93bc728000-7f93bc729000 r--p 00002000 08:01 1327960                    /lib/x86_64-linux-gnu/libdl-2.24.so
7f93bc729000-7f93bc72a000 rw-p 00003000 08:01 1327960                    /lib/x86_64-linux-gnu/libdl-2.24.so
7f93bc72a000-7f93bc73f000 r-xp 00000000 08:01 3937100                    /usr/local/jdk1.8.0_121/jre/lib/amd64/jli/libjli.so
7f93bc73f000-7f93bc93f000 ---p 00015000 08:01 3937100                    /usr/local/jdk1.8.0_121/jre/lib/amd64/jli/libjli.so
7f93bc93f000-7f93bc940000 rw-p 00015000 08:01 3937100                    /usr/local/jdk1.8.0_121/jre/lib/amd64/jli/libjli.so
7f93bc940000-7f93bc958000 r-xp 00000000 08:01 1327972                    /lib/x86_64-linux-gnu/libpthread-2.24.so
7f93bc958000-7f93bcb58000 ---p 00018000 08:01 1327972                    /lib/x86_64-linux-gnu/libpthread-2.24.so
7f93bcb58000-7f93bcb59000 r--p 00018000 08:01 1327972                    /lib/x86_64-linux-gnu/libpthread-2.24.so
7f93bcb59000-7f93bcb5a000 rw-p 00019000 08:01 1327972                    /lib/x86_64-linux-gnu/libpthread-2.24.so
7f93bcb5a000-7f93bcb5e000 rw-p 00000000 00:00 0 
7f93bcb5e000-7f93bcb84000 r-xp 00000000 08:01 1315439                    /lib/x86_64-linux-gnu/ld-2.24.so
7f93bcb84000-7f93bcb8c000 r--s 00047000 08:01 3559093                    /home/coder/.android/sbt/exploded-aars/com.android.support-support-media-compat-25.3.1/classes.jar
7f93bcb8c000-7f93bcc5e000 rw-p 00000000 00:00 0 
7f93bcc5e000-7f93bcc61000 ---p 00000000 00:00 0 
7f93bcc61000-7f93bcd61000 rw-p 00000000 00:00 0 
7f93bcd62000-7f93bcd76000 rw-p 00000000 00:00 0 
7f93bcd76000-7f93bcd7e000 rw-s 00000000 08:01 3696382                    /tmp/hsperfdata_coder/12343
7f93bcd7e000-7f93bcd7f000 rw-p 00000000 00:00 0 
7f93bcd7f000-7f93bcd80000 ---p 00000000 00:00 0 
7f93bcd80000-7f93bcd83000 rw-p 00000000 00:00 0 
7f93bcd83000-7f93bcd84000 r--p 00025000 08:01 1315439                    /lib/x86_64-linux-gnu/ld-2.24.so
7f93bcd84000-7f93bcd85000 rw-p 00026000 08:01 1315439                    /lib/x86_64-linux-gnu/ld-2.24.so
7f93bcd85000-7f93bcd86000 rw-p 00000000 00:00 0 
7ffc22bac000-7ffc22bce000 rw-p 00000000 00:00 0                          [stack]
7ffc22bf5000-7ffc22bf7000 r--p 00000000 00:00 0                          [vvar]
7ffc22bf7000-7ffc22bf9000 r-xp 00000000 00:00 0                          [vdso]
ffffffffff600000-ffffffffff601000 r-xp 00000000 00:00 0                  [vsyscall]

VM Arguments:
jvm_args: -Xmx1024m 
java_command: com.android.dx.command.Main --dex --num-threads=8 --output /home/coder/IdeaProjects/ScalaProject/greenvpn/target/android/intermediates/dex /home/coder/IdeaProjects/ScalaProject/greenvpn/target/streams/android/proguardInputs/$global/streams/proguard_cache/proguard-cache-91bc688846b9d8bb8b3d3d0f00e8f6e736e5d53b.jar /home/coder/.android/sbt/exploded-aars/com.android.support-design-25.3.1/classes.jar /home/coder/.android/sbt/exploded-aars/com.android.support-support-v4-25.3.1/classes.jar /home/coder/.android/sbt/exploded-aars/com.android.support-animated-vector-drawable-25.3.1/classes.jar /home/coder/.android/sbt/exploded-aars/com.android.support-support-core-utils-25.3.1/classes.jar /home/coder/.android/sbt/exploded-aars/com.android.support-appcompat-v7-25.3.1/classes.jar /home/coder/.ivy2/cache/com.google.code.gson/gson/jars/gson-2.8.1.jar /home/coder/.android/sbt/exploded-aars/com.android.support-support-fragment-25.3.1/classes.jar /home/coder/.android/sbt/exploded-aars/com.android.support-support-vector-drawable-25.3.1/classes.jar /home/coder/IdeaProjects/ScalaProject/greenvpn/target/android/intermediates/classes.jar /home/coder/.android/sbt/exploded-aars/com.android.support-recyclerview-v7-25.3.1/classes.jar /home/coder/.android/sbt/exploded-aars/com.android.support-transition-25.3.1/classes.jar /home/coder/.android/sbt/exploded-aars/com.android.support-support-media-compat-25.3.1/classes.jar /home/coder/.android/sbt/exploded-aars/com.android.support-support-compat-25.3.1/classes.jar /home/coder/.android/sbt/sdk/extras/android/m2repository/com/android/support/support-annotations/25.3.1/support-annotations-25.3.1.jar /home/coder/.android/sbt/exploded-aars/com.android.support-support-core-ui-25.3.1/classes.jar
java_class_path (initial): /home/coder/.android/sbt/sdk/build-tools/26.0.0/lib/dx.jar
Launcher Type: SUN_STANDARD

Environment Variables:
JAVA_HOME=/usr/local/jdk1.8.0_121
CLASSPATH=/usr/local/software/idea-IU-171.3780.107/lib/bootstrap.jar:/usr/local/software/idea-IU-171.3780.107/lib/extensions.jar:/usr/local/software/idea-IU-171.3780.107/lib/util.jar:/usr/local/software/idea-IU-171.3780.107/lib/jdom.jar:/usr/local/software/idea-IU-171.3780.107/lib/log4j.jar:/usr/local/software/idea-IU-171.3780.107/lib/trove4j.jar:/usr/local/software/idea-IU-171.3780.107/lib/jna.jar:/usr/local/software/idea-IU-171.3780.107/jre64/lib/tools.jar
PATH=/usr/local/scala/bin:/usr/local/jdk1.8.0_121/bin:/usr/local/sbin:/usr/local/bin:/usr/sbin:/usr/bin:/sbin:/bin:/usr/games:/usr/local/games:$JAVA_HOME/bin:/snap/bin:/usr/lib/jvm/java-8-oracle/bin:/usr/lib/jvm/java-8-oracle/db/bin:/usr/lib/jvm/java-8-oracle/jre/bin:/usr/local/hadoop-2.8.0/bin:/usr/local/hadoop-2.8.0/hive/bin:/usr/local/hbase-1.2.5/bin
LD_LIBRARY_PATH=/usr/local/software/idea-IU-171.3780.107/bin:
SHELL=/bin/bash
DISPLAY=:0

Signal Handlers:
SIGSEGV: [libjvm.so+0xac78c0], sa_mask[0]=11111111011111111101111111111110, sa_flags=SA_RESTART|SA_SIGINFO
SIGBUS: [libjvm.so+0xac78c0], sa_mask[0]=11111111011111111101111111111110, sa_flags=SA_RESTART|SA_SIGINFO
SIGFPE: [libjvm.so+0x920ac0], sa_mask[0]=11111111011111111101111111111110, sa_flags=SA_RESTART|SA_SIGINFO
SIGPIPE: [libjvm.so+0x920ac0], sa_mask[0]=11111111011111111101111111111110, sa_flags=SA_RESTART|SA_SIGINFO
SIGXFSZ: [libjvm.so+0x920ac0], sa_mask[0]=11111111011111111101111111111110, sa_flags=SA_RESTART|SA_SIGINFO
SIGILL: [libjvm.so+0x920ac0], sa_mask[0]=11111111011111111101111111111110, sa_flags=SA_RESTART|SA_SIGINFO
SIGUSR1: SIG_DFL, sa_mask[0]=00000000000000000000000000000000, sa_flags=none
SIGUSR2: [libjvm.so+0x922300], sa_mask[0]=00100000000000000000000000000000, sa_flags=SA_RESTART|SA_SIGINFO
SIGHUP: [libjvm.so+0x923700], sa_mask[0]=11111111011111111101111111111110, sa_flags=SA_RESTART|SA_SIGINFO
SIGINT: [libjvm.so+0x923700], sa_mask[0]=11111111011111111101111111111110, sa_flags=SA_RESTART|SA_SIGINFO
SIGTERM: [libjvm.so+0x923700], sa_mask[0]=11111111011111111101111111111110, sa_flags=SA_RESTART|SA_SIGINFO
SIGQUIT: [libjvm.so+0x923700], sa_mask[0]=11111111011111111101111111111110, sa_flags=SA_RESTART|SA_SIGINFO


---------------  S Y S T E M  ---------------

OS:Red Hat Linux release 6

uname:Linux 4.10.0-26-generic #30-Ubuntu SMP Tue Jun 27 09:30:12 UTC 2017 x86_64
libc:glibc 2.24 NPTL 2.24 
rlimit: STACK 10240k, CORE 0k, NPROC 2047, NOFILE 65536, AS infinity
load average:1.82 1.22 1.08

/proc/meminfo:
MemTotal:        8057424 kB
MemFree:          121848 kB
MemAvailable:      21996 kB
Buffers:            1124 kB
Cached:           589056 kB
SwapCached:            0 kB
Active:          4820596 kB
Inactive:         576616 kB
Active(anon):    4809332 kB
Inactive(anon):   565008 kB
Active(file):      11264 kB
Inactive(file):    11608 kB
Unevictable:          96 kB
Mlocked:              96 kB
SwapTotal:             0 kB
SwapFree:              0 kB
Dirty:               320 kB
Writeback:             0 kB
AnonPages:       4806756 kB
Mapped:          2456100 kB
Shmem:            566588 kB
Slab:             126064 kB
SReclaimable:      49400 kB
SUnreclaim:        76664 kB
KernelStack:       17056 kB
PageTables:        71428 kB
NFS_Unstable:          0 kB
Bounce:                0 kB
WritebackTmp:          0 kB
CommitLimit:     4028712 kB
Committed_AS:   14861880 kB
VmallocTotal:   34359738367 kB
VmallocUsed:           0 kB
VmallocChunk:          0 kB
HardwareCorrupted:     0 kB
AnonHugePages:   2451456 kB
ShmemHugePages:        0 kB
ShmemPmdMapped:        0 kB
CmaTotal:              0 kB
CmaFree:               0 kB
HugePages_Total:       0
HugePages_Free:        0
HugePages_Rsvd:        0
HugePages_Surp:        0
Hugepagesize:       2048 kB
DirectMap4k:      253368 kB
DirectMap2M:     8019968 kB
DirectMap1G:           0 kB


CPU:total 8 (4 cores per cpu, 2 threads per core) family 6 model 60 stepping 3, cmov, cx8, fxsr, mmx, sse, sse2, sse3, ssse3, sse4.1, sse4.2, popcnt, avx, avx2, aes, clmul, erms, lzcnt, ht, tsc, tscinvbit, bmi1, bmi2

/proc/cpuinfo:
processor	: 0
vendor_id	: GenuineIntel
cpu family	: 6
model		: 60
model name	: Intel(R) Core(TM) i7-4710MQ CPU @ 2.50GHz
stepping	: 3
microcode	: 0x17
cpu MHz		: 3100.128
cache size	: 6144 KB
physical id	: 0
siblings	: 8
core id		: 0
cpu cores	: 4
apicid		: 0
initial apicid	: 0
fpu		: yes
fpu_exception	: yes
cpuid level	: 13
wp		: yes
flags		: fpu vme de pse tsc msr pae mce cx8 apic sep mtrr pge mca cmov pat pse36 clflush dts acpi mmx fxsr sse sse2 ss ht tm pbe syscall nx pdpe1gb rdtscp lm constant_tsc arch_perfmon pebs bts rep_good nopl xtopology nonstop_tsc aperfmperf pni pclmulqdq dtes64 monitor ds_cpl vmx est tm2 ssse3 sdbg fma cx16 xtpr pdcm pcid sse4_1 sse4_2 movbe popcnt tsc_deadline_timer aes xsave avx f16c rdrand lahf_lm abm epb tpr_shadow vnmi flexpriority ept vpid fsgsbase tsc_adjust bmi1 avx2 smep bmi2 erms invpcid xsaveopt dtherm ida arat pln pts
bugs		:
bogomips	: 4988.29
clflush size	: 64
cache_alignment	: 64
address sizes	: 39 bits physical, 48 bits virtual
power management:

processor	: 1
vendor_id	: GenuineIntel
cpu family	: 6
model		: 60
model name	: Intel(R) Core(TM) i7-4710MQ CPU @ 2.50GHz
stepping	: 3
microcode	: 0x17
cpu MHz		: 3048.553
cache size	: 6144 KB
physical id	: 0
siblings	: 8
core id		: 1
cpu cores	: 4
apicid		: 2
initial apicid	: 2
fpu		: yes
fpu_exception	: yes
cpuid level	: 13
wp		: yes
flags		: fpu vme de pse tsc msr pae mce cx8 apic sep mtrr pge mca cmov pat pse36 clflush dts acpi mmx fxsr sse sse2 ss ht tm pbe syscall nx pdpe1gb rdtscp lm constant_tsc arch_perfmon pebs bts rep_good nopl xtopology nonstop_tsc aperfmperf pni pclmulqdq dtes64 monitor ds_cpl vmx est tm2 ssse3 sdbg fma cx16 xtpr pdcm pcid sse4_1 sse4_2 movbe popcnt tsc_deadline_timer aes xsave avx f16c rdrand lahf_lm abm epb tpr_shadow vnmi flexpriority ept vpid fsgsbase tsc_adjust bmi1 avx2 smep bmi2 erms invpcid xsaveopt dtherm ida arat pln pts
bugs		:
bogomips	: 4988.29
clflush size	: 64
cache_alignment	: 64
address sizes	: 39 bits physical, 48 bits virtual
power management:

processor	: 2
vendor_id	: GenuineIntel
cpu family	: 6
model		: 60
model name	: Intel(R) Core(TM) i7-4710MQ CPU @ 2.50GHz
stepping	: 3
microcode	: 0x17
cpu MHz		: 3080.444
cache size	: 6144 KB
physical id	: 0
siblings	: 8
core id		: 2
cpu cores	: 4
apicid		: 4
initial apicid	: 4
fpu		: yes
fpu_exception	: yes
cpuid level	: 13
wp		: yes
flags		: fpu vme de pse tsc msr pae mce cx8 apic sep mtrr pge mca cmov pat pse36 clflush dts acpi mmx fxsr sse sse2 ss ht tm pbe syscall nx pdpe1gb rdtscp lm constant_tsc arch_perfmon pebs bts rep_good nopl xtopology nonstop_tsc aperfmperf pni pclmulqdq dtes64 monitor ds_cpl vmx est tm2 ssse3 sdbg fma cx16 xtpr pdcm pcid sse4_1 sse4_2 movbe popcnt tsc_deadline_timer aes xsave avx f16c rdrand lahf_lm abm epb tpr_shadow vnmi flexpriority ept vpid fsgsbase tsc_adjust bmi1 avx2 smep bmi2 erms invpcid xsaveopt dtherm ida arat pln pts
bugs		:
bogomips	: 4988.29
clflush size	: 64
cache_alignment	: 64
address sizes	: 39 bits physical, 48 bits virtual
power management:

processor	: 3
vendor_id	: GenuineIntel
cpu family	: 6
model		: 60
model name	: Intel(R) Core(TM) i7-4710MQ CPU @ 2.50GHz
stepping	: 3
microcode	: 0x17
cpu MHz		: 3074.951
cache size	: 6144 KB
physical id	: 0
siblings	: 8
core id		: 3
cpu cores	: 4
apicid		: 6
initial apicid	: 6
fpu		: yes
fpu_exception	: yes
cpuid level	: 13
wp		: yes
flags		: fpu vme de pse tsc msr pae mce cx8 apic sep mtrr pge mca cmov pat pse36 clflush dts acpi mmx fxsr sse sse2 ss ht tm pbe syscall nx pdpe1gb rdtscp lm constant_tsc arch_perfmon pebs bts rep_good nopl xtopology nonstop_tsc aperfmperf pni pclmulqdq dtes64 monitor ds_cpl vmx est tm2 ssse3 sdbg fma cx16 xtpr pdcm pcid sse4_1 sse4_2 movbe popcnt tsc_deadline_timer aes xsave avx f16c rdrand lahf_lm abm epb tpr_shadow vnmi flexpriority ept vpid fsgsbase tsc_adjust bmi1 avx2 smep bmi2 erms invpcid xsaveopt dtherm ida arat pln pts
bugs		:
bogomips	: 4988.29
clflush size	: 64
cache_alignment	: 64
address sizes	: 39 bits physical, 48 bits virtual
power management:

processor	: 4
vendor_id	: GenuineIntel
cpu family	: 6
model		: 60
model name	: Intel(R) Core(TM) i7-4710MQ CPU @ 2.50GHz
stepping	: 3
microcode	: 0x17
cpu MHz		: 3100.280
cache size	: 6144 KB
physical id	: 0
siblings	: 8
core id		: 0
cpu cores	: 4
apicid		: 1
initial apicid	: 1
fpu		: yes
fpu_exception	: yes
cpuid level	: 13
wp		: yes
flags		: fpu vme de pse tsc msr pae mce cx8 apic sep mtrr pge mca cmov pat pse36 clflush dts acpi mmx fxsr sse sse2 ss ht tm pbe syscall nx pdpe1gb rdtscp lm constant_tsc arch_perfmon pebs bts rep_good nopl xtopology nonstop_tsc aperfmperf pni pclmulqdq dtes64 monitor ds_cpl vmx est tm2 ssse3 sdbg fma cx16 xtpr pdcm pcid sse4_1 sse4_2 movbe popcnt tsc_deadline_timer aes xsave avx f16c rdrand lahf_lm abm epb tpr_shadow vnmi flexpriority ept vpid fsgsbase tsc_adjust bmi1 avx2 smep bmi2 erms invpcid xsaveopt dtherm ida arat pln pts
bugs		:
bogomips	: 4988.29
clflush size	: 64
cache_alignment	: 64
address sizes	: 39 bits physical, 48 bits virtual
power management:

processor	: 5
vendor_id	: GenuineIntel
cpu family	: 6
model		: 60
model name	: Intel(R) Core(TM) i7-4710MQ CPU @ 2.50GHz
stepping	: 3
microcode	: 0x17
cpu MHz		: 3099.975
cache size	: 6144 KB
physical id	: 0
siblings	: 8
core id		: 1
cpu cores	: 4
apicid		: 3
initial apicid	: 3
fpu		: yes
fpu_exception	: yes
cpuid level	: 13
wp		: yes
flags		: fpu vme de pse tsc msr pae mce cx8 apic sep mtrr pge mca cmov pat pse36 clflush dts acpi mmx fxsr sse sse2 ss ht tm pbe syscall nx pdpe1gb rdtscp lm constant_tsc arch_perfmon pebs bts rep_good nopl xtopology nonstop_tsc aperfmperf pni pclmulqdq dtes64 monitor ds_cpl vmx est tm2 ssse3 sdbg fma cx16 xtpr pdcm pcid sse4_1 sse4_2 movbe popcnt tsc_deadline_timer aes xsave avx f16c rdrand lahf_lm abm epb tpr_shadow vnmi flexpriority ept vpid fsgsbase tsc_adjust bmi1 avx2 smep bmi2 erms invpcid xsaveopt dtherm ida arat pln pts
bugs		:
bogomips	: 4988.29
clflush size	: 64
cache_alignment	: 64
address sizes	: 39 bits physical, 48 bits virtual
power management:

processor	: 6
vendor_id	: GenuineIntel
cpu family	: 6
model		: 60
model name	: Intel(R) Core(TM) i7-4710MQ CPU @ 2.50GHz
stepping	: 3
microcode	: 0x17
cpu MHz		: 3099.975
cache size	: 6144 KB
physical id	: 0
siblings	: 8
core id		: 2
cpu cores	: 4
apicid		: 5
initial apicid	: 5
fpu		: yes
fpu_exception	: yes
cpuid level	: 13
wp		: yes
flags		: fpu vme de pse tsc msr pae mce cx8 apic sep mtrr pge mca cmov pat pse36 clflush dts acpi mmx fxsr sse sse2 ss ht tm pbe syscall nx pdpe1gb rdtscp lm constant_tsc arch_perfmon pebs bts rep_good nopl xtopology nonstop_tsc aperfmperf pni pclmulqdq dtes64 monitor ds_cpl vmx est tm2 ssse3 sdbg fma cx16 xtpr pdcm pcid sse4_1 sse4_2 movbe popcnt tsc_deadline_timer aes xsave avx f16c rdrand lahf_lm abm epb tpr_shadow vnmi flexpriority ept vpid fsgsbase tsc_adjust bmi1 avx2 smep bmi2 erms invpcid xsaveopt dtherm ida arat pln pts
bugs		:
bogomips	: 4988.29
clflush size	: 64
cache_alignment	: 64
address sizes	: 39 bits physical, 48 bits virtual
power management:

processor	: 7
vendor_id	: GenuineIntel
cpu family	: 6
model		: 60
model name	: Intel(R) Core(TM) i7-4710MQ CPU @ 2.50GHz
stepping	: 3
microcode	: 0x17
cpu MHz		: 3099.975
cache size	: 6144 KB
physical id	: 0
siblings	: 8
core id		: 3
cpu cores	: 4
apicid		: 7
initial apicid	: 7
fpu		: yes
fpu_exception	: yes
cpuid level	: 13
wp		: yes
flags		: fpu vme de pse tsc msr pae mce cx8 apic sep mtrr pge mca cmov pat pse36 clflush dts acpi mmx fxsr sse sse2 ss ht tm pbe syscall nx pdpe1gb rdtscp lm constant_tsc arch_perfmon pebs bts rep_good nopl xtopology nonstop_tsc aperfmperf pni pclmulqdq dtes64 monitor ds_cpl vmx est tm2 ssse3 sdbg fma cx16 xtpr pdcm pcid sse4_1 sse4_2 movbe popcnt tsc_deadline_timer aes xsave avx f16c rdrand lahf_lm abm epb tpr_shadow vnmi flexpriority ept vpid fsgsbase tsc_adjust bmi1 avx2 smep bmi2 erms invpcid xsaveopt dtherm ida arat pln pts
bugs		:
bogomips	: 4988.29
clflush size	: 64
cache_alignment	: 64
address sizes	: 39 bits physical, 48 bits virtual
power management:



Memory: 4k page, physical 8057424k(121608k free), swap 0k(0k free)

vm_info: Java HotSpot(TM) 64-Bit Server VM (25.121-b13) for linux-amd64 JRE (1.8.0_121-b13), built on Dec 12 2016 16:36:53 by "java_re" with gcc 4.3.0 20080428 (Red Hat 4.3.0-8)

time: Tue Jul  4 22:26:17 2017
elapsed time: 4 seconds (0d 0h 0m 4s)

