#
# There is insufficient memory for the Java Runtime Environment to continue.
# Native memory allocation (mmap) failed to map 125829120 bytes for committing reserved memory.
# Possible reasons:
#   The system is out of physical RAM or swap space
#   In 32 bit mode, the process size limit was hit
# Possible solutions:
#   Reduce memory load on the system
#   Increase physical memory or swap space
#   Check if swap backing store is full
#   Use 64 bit Java on a 64 bit OS
#   Decrease Java heap size (-Xmx/-Xms)
#   Decrease number of Java threads
#   Decrease Java thread stack sizes (-Xss)
#   Set larger code cache with -XX:ReservedCodeCacheSize=
# This output file may be truncated or incomplete.
#
#  Out of Memory Error (os_linux.cpp:2627), pid=12175, tid=0x00007fbc842c9700
#
# JRE version: Java(TM) SE Runtime Environment (8.0_121-b13) (build 1.8.0_121-b13)
# Java VM: Java HotSpot(TM) 64-Bit Server VM (25.121-b13 mixed mode linux-amd64 compressed oops)
# Failed to write core dump. Core dumps have been disabled. To enable core dumping, try "ulimit -c unlimited" before starting Java again
#

---------------  T H R E A D  ---------------

Current thread (0x00007fbcb8080800):  VMThread [stack: 0x00007fbc841c9000,0x00007fbc842ca000] [id=12188]

Stack: [0x00007fbc841c9000,0x00007fbc842ca000],  sp=0x00007fbc842c8020,  free space=1020k
Native frames: (J=compiled Java code, j=interpreted, Vv=VM code, C=native code)
V  [libjvm.so+0xac703a]  VMError::report_and_die()+0x2ba
V  [libjvm.so+0x4fc7eb]  report_vm_out_of_memory(char const*, int, unsigned long, VMErrorType, char const*)+0x8b
V  [libjvm.so+0x923c43]  os::Linux::commit_memory_impl(char*, unsigned long, bool)+0x103
V  [libjvm.so+0x924199]  os::pd_commit_memory(char*, unsigned long, unsigned long, bool)+0x29
V  [libjvm.so+0x91e4aa]  os::commit_memory(char*, unsigned long, unsigned long, bool)+0x2a
V  [libjvm.so+0x992f03]  PSVirtualSpace::expand_by(unsigned long)+0x53
V  [libjvm.so+0x9837c0]  PSOldGen::expand(unsigned long)+0x170
V  [libjvm.so+0x9839cb]  PSOldGen::resize(unsigned long)+0x1cb
V  [libjvm.so+0x98b6d1]  PSParallelCompact::invoke_no_policy(bool)+0x991
V  [libjvm.so+0x99102d]  PSScavenge::invoke()+0x1ad
V  [libjvm.so+0x947c10]  ParallelScavengeHeap::failed_mem_allocate(unsigned long)+0x70
V  [libjvm.so+0xac8a57]  VM_ParallelGCFailedAllocation::doit()+0x97
V  [libjvm.so+0xad0535]  VM_Operation::evaluate()+0x55
V  [libjvm.so+0xace90a]  VMThread::evaluate_operation(VM_Operation*)+0xba
V  [libjvm.so+0xacec8e]  VMThread::loop()+0x1ce
V  [libjvm.so+0xacf100]  VMThread::run()+0x70
V  [libjvm.so+0x926268]  java_start(Thread*)+0x108

VM_Operation (0x00007fbc7ef60bf0): ParallelGCFailedAllocation, mode: safepoint, requested by thread 0x00007fbcb8177800


---------------  P R O C E S S  ---------------

Java Threads: ( => current thread )
  0x00007fbcb817e800 JavaThread "pool-1-thread-8" [_thread_blocked, id=12206, stack(0x00007fbc7ea5e000,0x00007fbc7eb5f000)]
  0x00007fbcb817c800 JavaThread "pool-1-thread-7" [_thread_blocked, id=12205, stack(0x00007fbc7eb5f000,0x00007fbc7ec60000)]
  0x00007fbcb817a800 JavaThread "pool-1-thread-6" [_thread_blocked, id=12204, stack(0x00007fbc7ec60000,0x00007fbc7ed61000)]
  0x00007fbcb8179000 JavaThread "pool-1-thread-5" [_thread_blocked, id=12203, stack(0x00007fbc7ed61000,0x00007fbc7ee62000)]
  0x00007fbcb8177800 JavaThread "pool-1-thread-4" [_thread_blocked, id=12202, stack(0x00007fbc7ee62000,0x00007fbc7ef63000)]
  0x00007fbcb816b000 JavaThread "pool-1-thread-3" [_thread_blocked, id=12201, stack(0x00007fbc7ef63000,0x00007fbc7f064000)]
  0x00007fbcb815c800 JavaThread "pool-1-thread-2" [_thread_blocked, id=12200, stack(0x00007fbc7f064000,0x00007fbc7f165000)]
  0x00007fbcb8156800 JavaThread "pool-2-thread-1" [_thread_blocked, id=12199, stack(0x00007fbc7f165000,0x00007fbc7f266000)]
  0x00007fbcb8154000 JavaThread "pool-1-thread-1" [_thread_blocked, id=12198, stack(0x00007fbc7f266000,0x00007fbc7f367000)]
  0x00007fbcb80e5000 JavaThread "Service Thread" daemon [_thread_blocked, id=12196, stack(0x00007fbc7f468000,0x00007fbc7f569000)]
  0x00007fbcb80c8000 JavaThread "C1 CompilerThread3" daemon [_thread_blocked, id=12195, stack(0x00007fbc7f569000,0x00007fbc7f66a000)]
  0x00007fbcb80c6000 JavaThread "C2 CompilerThread2" daemon [_thread_blocked, id=12194, stack(0x00007fbc7f66a000,0x00007fbc7f76b000)]
  0x00007fbcb80c4000 JavaThread "C2 CompilerThread1" daemon [_thread_blocked, id=12193, stack(0x00007fbc7f76b000,0x00007fbc7f86c000)]
  0x00007fbcb80c1000 JavaThread "C2 CompilerThread0" daemon [_thread_blocked, id=12192, stack(0x00007fbc7f86c000,0x00007fbc7f96d000)]
  0x00007fbcb80bf800 JavaThread "Signal Dispatcher" daemon [_thread_blocked, id=12191, stack(0x00007fbc7f96d000,0x00007fbc7fa6e000)]
  0x00007fbcb808d000 JavaThread "Finalizer" daemon [_thread_blocked, id=12190, stack(0x00007fbc7feff000,0x00007fbc80000000)]
  0x00007fbcb8088000 JavaThread "Reference Handler" daemon [_thread_blocked, id=12189, stack(0x00007fbc840c8000,0x00007fbc841c9000)]
  0x00007fbcb800a800 JavaThread "main" [_thread_blocked, id=12179, stack(0x00007fbcbf944000,0x00007fbcbfa45000)]

Other Threads:
=>0x00007fbcb8080800 VMThread [stack: 0x00007fbc841c9000,0x00007fbc842ca000] [id=12188]
  0x00007fbcb80e8000 WatcherThread [stack: 0x00007fbc7f367000,0x00007fbc7f468000] [id=12197]

VM state:at safepoint (normal execution)

VM Mutex/Monitor currently owned by a thread:  ([mutex/lock_event])
[0x00007fbcb8006630] ExpandHeap_lock - owner thread: 0x00007fbcb8080800
[0x00007fbcb8006cb0] Threads_lock - owner thread: 0x00007fbcb8080800
[0x00007fbcb80071b0] Heap_lock - owner thread: 0x00007fbcb8177800

Heap:
 PSYoungGen      total 219136K, used 28592K [0x00000000eab00000, 0x0000000100000000, 0x0000000100000000)
  eden space 162816K, 0% used [0x00000000eab00000,0x00000000eab00000,0x00000000f4a00000)
  from space 56320K, 50% used [0x00000000fc900000,0x00000000fe4ec230,0x0000000100000000)
  to   space 93184K, 0% used [0x00000000f4a00000,0x00000000f4a00000,0x00000000fa500000)
 ParOldGen       total 164352K, used 164249K [0x00000000c0000000, 0x00000000ca080000, 0x00000000eab00000)
  object space 164352K, 99% used [0x00000000c0000000,0x00000000ca066788,0x00000000ca080000)
 Metaspace       used 6541K, capacity 7320K, committed 7680K, reserved 1056768K
  class space    used 624K, capacity 656K, committed 768K, reserved 1048576K

Card table byte_map: [0x00007fbcbc4ec000,0x00007fbcbc6ed000] byte_map_base: 0x00007fbcbbeec000

Marking Bits: (ParMarkBitMap*) 0x00007fbcbee17c80
 Begin Bits: [0x00007fbc86000000, 0x00007fbc87000000)
 End Bits:   [0x00007fbc87000000, 0x00007fbc88000000)

Polling page: 0x00007fbcbfa65000

CodeCache: size=245760Kb used=9710Kb max_used=9710Kb free=236049Kb
 bounds [0x00007fbca9000000, 0x00007fbca9990000, 0x00007fbcb8000000]
 total_blobs=2531 nmethods=2264 adapters=180
 compilation: enabled

Compilation events (10 events):
Event: 5.706 Thread 0x00007fbcb80c8000 2618       2       com.android.dx.cf.direct.DirectClassFile$DcfTypeList::getType (26 bytes)
Event: 5.707 Thread 0x00007fbcb80c8000 nmethod 2618 0x00007fbca9976290 code [0x00007fbca99764c0, 0x00007fbca9976d08]
Event: 5.724 Thread 0x00007fbcb80c8000 2619       3       com.android.dx.rop.type.Prototype::getParameterFrameTypes (96 bytes)
Event: 5.725 Thread 0x00007fbcb80c8000 nmethod 2619 0x00007fbca997f590 code [0x00007fbca997f7e0, 0x00007fbca99807d8]
Event: 5.736 Thread 0x00007fbcb80c8000 2621 % !   3       com.android.dx.cf.code.BasicBlocker::doit @ 76 (156 bytes)
Event: 5.738 Thread 0x00007fbcb80c8000 nmethod 2621% 0x00007fbca99811d0 code [0x00007fbca9981480, 0x00007fbca9982978]
Event: 5.740 Thread 0x00007fbcb80c8000 2622   !   3       com.android.dx.cf.code.BasicBlocker::doit (156 bytes)
Event: 5.741 Thread 0x00007fbcb80c8000 nmethod 2622 0x00007fbca99838d0 code [0x00007fbca9983b60, 0x00007fbca9984ef8]
Event: 5.756 Thread 0x00007fbcb80c8000 2623       2       com.android.dx.dex.file.AnnotationUtils::makeThrows (40 bytes)
Event: 5.756 Thread 0x00007fbcb80c8000 nmethod 2623 0x00007fbca9940690 code [0x00007fbca9940840, 0x00007fbca9940ba8]

GC Heap History (10 events):
Event: 3.588 GC heap after
Heap after GC invocations=7 (full 0):
 PSYoungGen      total 279552K, used 28645K [0x00000000eab00000, 0x0000000100000000, 0x0000000100000000)
  eden space 250880K, 0% used [0x00000000eab00000,0x00000000eab00000,0x00000000fa000000)
  from space 28672K, 99% used [0x00000000fa000000,0x00000000fbbf9708,0x00000000fbc00000)
  to   space 48640K, 0% used [0x00000000fd080000,0x00000000fd080000,0x0000000100000000)
 ParOldGen       total 84992K, used 72191K [0x00000000c0000000, 0x00000000c5300000, 0x00000000eab00000)
  object space 84992K, 84% used [0x00000000c0000000,0x00000000c467fce8,0x00000000c5300000)
 Metaspace       used 6497K, capacity 7320K, committed 7680K, reserved 1056768K
  class space    used 624K, capacity 656K, committed 768K, reserved 1048576K
}
Event: 3.589 GC heap before
{Heap before GC invocations=8 (full 1):
 PSYoungGen      total 279552K, used 28645K [0x00000000eab00000, 0x0000000100000000, 0x0000000100000000)
  eden space 250880K, 0% used [0x00000000eab00000,0x00000000eab00000,0x00000000fa000000)
  from space 28672K, 99% used [0x00000000fa000000,0x00000000fbbf9708,0x00000000fbc00000)
  to   space 48640K, 0% used [0x00000000fd080000,0x00000000fd080000,0x0000000100000000)
 ParOldGen       total 84992K, used 72191K [0x00000000c0000000, 0x00000000c5300000, 0x00000000eab00000)
  object space 84992K, 84% used [0x00000000c0000000,0x00000000c467fce8,0x00000000c5300000)
 Metaspace       used 6497K, capacity 7320K, committed 7680K, reserved 1056768K
  class space    used 624K, capacity 656K, committed 768K, reserved 1048576K
Event: 4.041 GC heap after
Heap after GC invocations=8 (full 1):
 PSYoungGen      total 279552K, used 10666K [0x00000000eab00000, 0x0000000100000000, 0x0000000100000000)
  eden space 250880K, 0% used [0x00000000eab00000,0x00000000eab00000,0x00000000fa000000)
  from space 28672K, 37% used [0x00000000fa000000,0x00000000faa6a9b0,0x00000000fbc00000)
  to   space 48640K, 0% used [0x00000000fd080000,0x00000000fd080000,0x0000000100000000)
 ParOldGen       total 164352K, used 84731K [0x00000000c0000000, 0x00000000ca080000, 0x00000000eab00000)
  object space 164352K, 51% used [0x00000000c0000000,0x00000000c52befa8,0x00000000ca080000)
 Metaspace       used 6497K, capacity 7320K, committed 7680K, reserved 1056768K
  class space    used 624K, capacity 656K, committed 768K, reserved 1048576K
}
Event: 4.653 GC heap before
{Heap before GC invocations=9 (full 1):
 PSYoungGen      total 279552K, used 261546K [0x00000000eab00000, 0x0000000100000000, 0x0000000100000000)
  eden space 250880K, 100% used [0x00000000eab00000,0x00000000fa000000,0x00000000fa000000)
  from space 28672K, 37% used [0x00000000fa000000,0x00000000faa6a9b0,0x00000000fbc00000)
  to   space 48640K, 0% used [0x00000000fd080000,0x00000000fd080000,0x0000000100000000)
 ParOldGen       total 164352K, used 84731K [0x00000000c0000000, 0x00000000ca080000, 0x00000000eab00000)
  object space 164352K, 51% used [0x00000000c0000000,0x00000000c52befa8,0x00000000ca080000)
 Metaspace       used 6529K, capacity 7320K, committed 7680K, reserved 1056768K
  class space    used 624K, capacity 656K, committed 768K, reserved 1048576K
Event: 4.720 GC heap after
Heap after GC invocations=9 (full 1):
 PSYoungGen      total 285184K, used 46382K [0x00000000eab00000, 0x0000000100000000, 0x0000000100000000)
  eden space 236544K, 0% used [0x00000000eab00000,0x00000000eab00000,0x00000000f9200000)
  from space 48640K, 95% used [0x00000000fd080000,0x00000000ffdcb908,0x0000000100000000)
  to   space 56320K, 0% used [0x00000000f9200000,0x00000000f9200000,0x00000000fc900000)
 ParOldGen       total 164352K, used 84771K [0x00000000c0000000, 0x00000000ca080000, 0x00000000eab00000)
  object space 164352K, 51% used [0x00000000c0000000,0x00000000c52c8fa8,0x00000000ca080000)
 Metaspace       used 6529K, capacity 7320K, committed 7680K, reserved 1056768K
  class space    used 624K, capacity 656K, committed 768K, reserved 1048576K
}
Event: 5.235 GC heap before
{Heap before GC invocations=10 (full 1):
 PSYoungGen      total 285184K, used 282926K [0x00000000eab00000, 0x0000000100000000, 0x0000000100000000)
  eden space 236544K, 100% used [0x00000000eab00000,0x00000000f9200000,0x00000000f9200000)
  from space 48640K, 95% used [0x00000000fd080000,0x00000000ffdcb908,0x0000000100000000)
  to   space 56320K, 0% used [0x00000000f9200000,0x00000000f9200000,0x00000000fc900000)
 ParOldGen       total 164352K, used 84771K [0x00000000c0000000, 0x00000000ca080000, 0x00000000eab00000)
  object space 164352K, 51% used [0x00000000c0000000,0x00000000c52c8fa8,0x00000000ca080000)
 Metaspace       used 6538K, capacity 7320K, committed 7680K, reserved 1056768K
  class space    used 624K, capacity 656K, committed 768K, reserved 1048576K
Event: 5.328 GC heap after
Heap after GC invocations=10 (full 1):
 PSYoungGen      total 292864K, used 56296K [0x00000000eab00000, 0x0000000100000000, 0x0000000100000000)
  eden space 236544K, 0% used [0x00000000eab00000,0x00000000eab00000,0x00000000f9200000)
  from space 56320K, 99% used [0x00000000f9200000,0x00000000fc8fa3b0,0x00000000fc900000)
  to   space 56320K, 0% used [0x00000000fc900000,0x00000000fc900000,0x0000000100000000)
 ParOldGen       total 164352K, used 108022K [0x00000000c0000000, 0x00000000ca080000, 0x00000000eab00000)
  object space 164352K, 65% used [0x00000000c0000000,0x00000000c697db70,0x00000000ca080000)
 Metaspace       used 6538K, capacity 7320K, committed 7680K, reserved 1056768K
  class space    used 624K, capacity 656K, committed 768K, reserved 1048576K
}
Event: 5.762 GC heap before
{Heap before GC invocations=11 (full 1):
 PSYoungGen      total 292864K, used 292840K [0x00000000eab00000, 0x0000000100000000, 0x0000000100000000)
  eden space 236544K, 100% used [0x00000000eab00000,0x00000000f9200000,0x00000000f9200000)
  from space 56320K, 99% used [0x00000000f9200000,0x00000000fc8fa3b0,0x00000000fc900000)
  to   space 56320K, 0% used [0x00000000fc900000,0x00000000fc900000,0x0000000100000000)
 ParOldGen       total 164352K, used 108022K [0x00000000c0000000, 0x00000000ca080000, 0x00000000eab00000)
  object space 164352K, 65% used [0x00000000c0000000,0x00000000c697db70,0x00000000ca080000)
 Metaspace       used 6541K, capacity 7320K, committed 7680K, reserved 1056768K
  class space    used 624K, capacity 656K, committed 768K, reserved 1048576K
Event: 5.849 GC heap after
Heap after GC invocations=11 (full 1):
 PSYoungGen      total 219136K, used 56319K [0x00000000eab00000, 0x0000000100000000, 0x0000000100000000)
  eden space 162816K, 0% used [0x00000000eab00000,0x00000000eab00000,0x00000000f4a00000)
  from space 56320K, 99% used [0x00000000fc900000,0x00000000ffffffd8,0x0000000100000000)
  to   space 93184K, 0% used [0x00000000f4a00000,0x00000000f4a00000,0x00000000fa500000)
 ParOldGen       total 164352K, used 142737K [0x00000000c0000000, 0x00000000ca080000, 0x00000000eab00000)
  object space 164352K, 86% used [0x00000000c0000000,0x00000000c8b64408,0x00000000ca080000)
 Metaspace       used 6541K, capacity 7320K, committed 7680K, reserved 1056768K
  class space    used 624K, capacity 656K, committed 768K, reserved 1048576K
}
Event: 5.849 GC heap before
{Heap before GC invocations=12 (full 2):
 PSYoungGen      total 219136K, used 56319K [0x00000000eab00000, 0x0000000100000000, 0x0000000100000000)
  eden space 162816K, 0% used [0x00000000eab00000,0x00000000eab00000,0x00000000f4a00000)
  from space 56320K, 99% used [0x00000000fc900000,0x00000000ffffffd8,0x0000000100000000)
  to   space 93184K, 0% used [0x00000000f4a00000,0x00000000f4a00000,0x00000000fa500000)
 ParOldGen       total 164352K, used 142737K [0x00000000c0000000, 0x00000000ca080000, 0x00000000eab00000)
  object space 164352K, 86% used [0x00000000c0000000,0x00000000c8b64408,0x00000000ca080000)
 Metaspace       used 6541K, capacity 7320K, committed 7680K, reserved 1056768K
  class space    used 624K, capacity 656K, committed 768K, reserved 1048576K

Deoptimization events (10 events):
Event: 4.810 Thread 0x00007fbcb800a800 Uncommon trap: reason=unstable_if action=reinterpret pc=0x00007fbca97ba690 method=java.util.concurrent.ConcurrentHashMap.get(Ljava/lang/Object;)Ljava/lang/Object; @ 86
Event: 4.932 Thread 0x00007fbcb816b000 Uncommon trap: reason=unstable_if action=reinterpret pc=0x00007fbca933f238 method=com.android.dx.ssa.SsaMethod.getExitBlock()Lcom/android/dx/ssa/SsaBasicBlock; @ 4
Event: 4.932 Thread 0x00007fbcb816b000 Uncommon trap: reason=unstable_if action=reinterpret pc=0x00007fbca926e858 method=com.android.dx.ssa.SsaMethod.getExitBlock()Lcom/android/dx/ssa/SsaBasicBlock; @ 4
Event: 4.947 Thread 0x00007fbcb816b000 Uncommon trap: reason=bimorphic action=maybe_recompile pc=0x00007fbca98917a8 method=com.android.dx.cf.code.BytecodeArray.parseInstruction(ILcom/android/dx/cf/code/BytecodeArray$Visitor;)I @ 1161
Event: 4.948 Thread 0x00007fbcb816b000 Uncommon trap: reason=bimorphic action=maybe_recompile pc=0x00007fbca98917a8 method=com.android.dx.cf.code.BytecodeArray.parseInstruction(ILcom/android/dx/cf/code/BytecodeArray$Visitor;)I @ 1161
Event: 4.948 Thread 0x00007fbcb816b000 Uncommon trap: reason=class_check action=maybe_recompile pc=0x00007fbca98d0a60 method=com.android.dx.cf.code.Ropper.processBlock(Lcom/android/dx/cf/code/ByteBlock;Lcom/android/dx/cf/code/Frame;[I)V @ 777
Event: 4.949 Thread 0x00007fbcb8179000 Uncommon trap: reason=class_check action=maybe_recompile pc=0x00007fbca98d0a60 method=com.android.dx.cf.code.Ropper.processBlock(Lcom/android/dx/cf/code/ByteBlock;Lcom/android/dx/cf/code/Frame;[I)V @ 777
Event: 4.949 Thread 0x00007fbcb815c800 Uncommon trap: reason=class_check action=maybe_recompile pc=0x00007fbca98d0a60 method=com.android.dx.cf.code.Ropper.processBlock(Lcom/android/dx/cf/code/ByteBlock;Lcom/android/dx/cf/code/Frame;[I)V @ 777
Event: 4.953 Thread 0x00007fbcb8154000 Uncommon trap: reason=class_check action=maybe_recompile pc=0x00007fbca98d0a60 method=com.android.dx.cf.code.Ropper.processBlock(Lcom/android/dx/cf/code/ByteBlock;Lcom/android/dx/cf/code/Frame;[I)V @ 777
Event: 5.328 Thread 0x00007fbcb800a800 Uncommon trap: reason=unstable_if action=reinterpret pc=0x00007fbca96c949c method=com.android.dx.cf.code.ByteCatchList.listFor(I)Lcom/android/dx/cf/code/ByteCatchList; @ 47

Internal exceptions (8 events):
Event: 0.068 Thread 0x00007fbcb800a800 Exception <a 'java/lang/NoSuchMethodError': Method sun.misc.Unsafe.defineClass(Ljava/lang/String;[BII)Ljava/lang/Class; name or signature does not match> (0x00000000eab07ca8) thrown at [/HUDSON3/workspace/8-2-build-linux-amd64/jdk8u121/8372/hotspot/src/sh
Event: 0.068 Thread 0x00007fbcb800a800 Exception <a 'java/lang/NoSuchMethodError': Method sun.misc.Unsafe.prefetchRead(Ljava/lang/Object;J)V name or signature does not match> (0x00000000eab07f90) thrown at [/HUDSON3/workspace/8-2-build-linux-amd64/jdk8u121/8372/hotspot/src/share/vm/prims/jni.c
Event: 1.043 Thread 0x00007fbcb817c800 Implicit null exception at 0x00007fbca92846d1 to 0x00007fbca9286b3d
Event: 2.025 Thread 0x00007fbcb8179000 Exception <a 'java/lang/ArrayIndexOutOfBoundsException': 18> (0x00000000ebcfde70) thrown at [/HUDSON3/workspace/8-2-build-linux-amd64/jdk8u121/8372/hotspot/src/share/vm/interpreter/interpreterRuntime.cpp, line 366]
Event: 2.026 Thread 0x00007fbcb8179000 Exception <a 'java/lang/ArrayIndexOutOfBoundsException': 145> (0x00000000ebcff9f0) thrown at [/HUDSON3/workspace/8-2-build-linux-amd64/jdk8u121/8372/hotspot/src/share/vm/interpreter/interpreterRuntime.cpp, line 366]
Event: 2.027 Thread 0x00007fbcb8179000 Exception <a 'java/lang/ArrayIndexOutOfBoundsException': 40> (0x00000000ebd00cd8) thrown at [/HUDSON3/workspace/8-2-build-linux-amd64/jdk8u121/8372/hotspot/src/share/vm/interpreter/interpreterRuntime.cpp, line 366]
Event: 3.115 Thread 0x00007fbcb817c800 Implicit null exception at 0x00007fbca945d138 to 0x00007fbca945d4f1
Event: 3.116 Thread 0x00007fbcb817c800 Implicit null exception at 0x00007fbca95426d4 to 0x00007fbca9544ab1

Events (10 events):
Event: 5.557 Thread 0x00007fbcb8177800 DEOPT UNPACKING pc=0x00007fbca9047633 sp=0x00007fbc7ef60890 mode 0
Event: 5.593 Thread 0x00007fbcb800a800 DEOPT PACKING pc=0x00007fbca9611521 sp=0x00007fbcbfa42920
Event: 5.593 Thread 0x00007fbcb800a800 DEOPT UNPACKING pc=0x00007fbca9047633 sp=0x00007fbcbfa42630 mode 0
Event: 5.611 Thread 0x00007fbcb8154000 DEOPT PACKING pc=0x00007fbca930c8ef sp=0x00007fbc7f364e60
Event: 5.611 Thread 0x00007fbcb8154000 DEOPT UNPACKING pc=0x00007fbca9047633 sp=0x00007fbc7f364c20 mode 0
Event: 5.711 Thread 0x00007fbcb816b000 DEOPT PACKING pc=0x00007fbca930c8ef sp=0x00007fbc7f061fe0
Event: 5.712 Thread 0x00007fbcb816b000 DEOPT UNPACKING pc=0x00007fbca9047633 sp=0x00007fbc7f061da0 mode 0
Event: 5.738 Thread 0x00007fbcb816b000 DEOPT PACKING pc=0x00007fbca95cb8f6 sp=0x00007fbc7f061f90
Event: 5.738 Thread 0x00007fbcb816b000 DEOPT UNPACKING pc=0x00007fbca9047633 sp=0x00007fbc7f061d20 mode 0
Event: 5.759 Executing VM operation: ParallelGCFailedAllocation


Dynamic libraries:
00400000-00401000 r-xp 00000000 08:01 2900529                            /usr/local/jdk1.8.0_121/jre/bin/java
00600000-00601000 rw-p 00000000 08:01 2900529                            /usr/local/jdk1.8.0_121/jre/bin/java
00da3000-00dc4000 rw-p 00000000 00:00 0                                  [heap]
c0000000-ca080000 rw-p 00000000 00:00 0 
d1880000-eab00000 ---p 00000000 00:00 0 
eab00000-100000000 rw-p 00000000 00:00 0 
100000000-1000c0000 rw-p 00000000 00:00 0 
1000c0000-140000000 ---p 00000000 00:00 0 
7fbc34000000-7fbc34021000 rw-p 00000000 00:00 0 
7fbc34021000-7fbc38000000 ---p 00000000 00:00 0 
7fbc38000000-7fbc38062000 rw-p 00000000 00:00 0 
7fbc38062000-7fbc3c000000 ---p 00000000 00:00 0 
7fbc3c000000-7fbc3c021000 rw-p 00000000 00:00 0 
7fbc3c021000-7fbc40000000 ---p 00000000 00:00 0 
7fbc40000000-7fbc40021000 rw-p 00000000 00:00 0 
7fbc40021000-7fbc44000000 ---p 00000000 00:00 0 
7fbc44000000-7fbc44021000 rw-p 00000000 00:00 0 
7fbc44021000-7fbc48000000 ---p 00000000 00:00 0 
7fbc48000000-7fbc48022000 rw-p 00000000 00:00 0 
7fbc48022000-7fbc4c000000 ---p 00000000 00:00 0 
7fbc4c000000-7fbc4c021000 rw-p 00000000 00:00 0 
7fbc4c021000-7fbc50000000 ---p 00000000 00:00 0 
7fbc50000000-7fbc50061000 rw-p 00000000 00:00 0 
7fbc50061000-7fbc54000000 ---p 00000000 00:00 0 
7fbc54000000-7fbc54021000 rw-p 00000000 00:00 0 
7fbc54021000-7fbc58000000 ---p 00000000 00:00 0 
7fbc58000000-7fbc58025000 rw-p 00000000 00:00 0 
7fbc58025000-7fbc5c000000 ---p 00000000 00:00 0 
7fbc5c000000-7fbc5ca0c000 rw-p 00000000 00:00 0 
7fbc5ca0c000-7fbc60000000 ---p 00000000 00:00 0 
7fbc60000000-7fbc60021000 rw-p 00000000 00:00 0 
7fbc60021000-7fbc64000000 ---p 00000000 00:00 0 
7fbc64000000-7fbc64e7a000 rw-p 00000000 00:00 0 
7fbc64e7a000-7fbc68000000 ---p 00000000 00:00 0 
7fbc68000000-7fbc68d78000 rw-p 00000000 00:00 0 
7fbc68d78000-7fbc6c000000 ---p 00000000 00:00 0 
7fbc6c000000-7fbc6c021000 rw-p 00000000 00:00 0 
7fbc6c021000-7fbc70000000 ---p 00000000 00:00 0 
7fbc70000000-7fbc7113b000 rw-p 00000000 00:00 0 
7fbc7113b000-7fbc74000000 ---p 00000000 00:00 0 
7fbc74000000-7fbc74021000 rw-p 00000000 00:00 0 
7fbc74021000-7fbc78000000 ---p 00000000 00:00 0 
7fbc78000000-7fbc78021000 rw-p 00000000 00:00 0 
7fbc78021000-7fbc7c000000 ---p 00000000 00:00 0 
7fbc7ea5e000-7fbc7ea61000 ---p 00000000 00:00 0 
7fbc7ea61000-7fbc7eb5f000 rw-p 00000000 00:00 0 
7fbc7eb5f000-7fbc7eb62000 ---p 00000000 00:00 0 
7fbc7eb62000-7fbc7ec60000 rw-p 00000000 00:00 0 
7fbc7ec60000-7fbc7ec63000 ---p 00000000 00:00 0 
7fbc7ec63000-7fbc7ed61000 rw-p 00000000 00:00 0 
7fbc7ed61000-7fbc7ed64000 ---p 00000000 00:00 0 
7fbc7ed64000-7fbc7ee62000 rw-p 00000000 00:00 0 
7fbc7ee62000-7fbc7ee65000 ---p 00000000 00:00 0 
7fbc7ee65000-7fbc7ef63000 rw-p 00000000 00:00 0 
7fbc7ef63000-7fbc7ef66000 ---p 00000000 00:00 0 
7fbc7ef66000-7fbc7f064000 rw-p 00000000 00:00 0 
7fbc7f064000-7fbc7f067000 ---p 00000000 00:00 0 
7fbc7f067000-7fbc7f165000 rw-p 00000000 00:00 0 
7fbc7f165000-7fbc7f168000 ---p 00000000 00:00 0 
7fbc7f168000-7fbc7f266000 rw-p 00000000 00:00 0 
7fbc7f266000-7fbc7f269000 ---p 00000000 00:00 0 
7fbc7f269000-7fbc7f367000 rw-p 00000000 00:00 0 
7fbc7f367000-7fbc7f368000 ---p 00000000 00:00 0 
7fbc7f368000-7fbc7f468000 rw-p 00000000 00:00 0 
7fbc7f468000-7fbc7f46b000 ---p 00000000 00:00 0 
7fbc7f46b000-7fbc7f569000 rw-p 00000000 00:00 0 
7fbc7f569000-7fbc7f56c000 ---p 00000000 00:00 0 
7fbc7f56c000-7fbc7f66a000 rw-p 00000000 00:00 0 
7fbc7f66a000-7fbc7f66d000 ---p 00000000 00:00 0 
7fbc7f66d000-7fbc7f76b000 rw-p 00000000 00:00 0 
7fbc7f76b000-7fbc7f76e000 ---p 00000000 00:00 0 
7fbc7f76e000-7fbc7f86c000 rw-p 00000000 00:00 0 
7fbc7f86c000-7fbc7f86f000 ---p 00000000 00:00 0 
7fbc7f86f000-7fbc7f96d000 rw-p 00000000 00:00 0 
7fbc7f96d000-7fbc7f970000 ---p 00000000 00:00 0 
7fbc7f970000-7fbc7fa6e000 rw-p 00000000 00:00 0 
7fbc7fa6e000-7fbc7feff000 r--p 00000000 08:01 3277118                    /usr/lib/locale/locale-archive
7fbc7feff000-7fbc7ff02000 ---p 00000000 00:00 0 
7fbc7ff02000-7fbc80000000 rw-p 00000000 00:00 0 
7fbc80000000-7fbc802ab000 rw-p 00000000 00:00 0 
7fbc802ab000-7fbc84000000 ---p 00000000 00:00 0 
7fbc840a7000-7fbc840c8000 r--p 00000000 08:01 4853570                    /usr/share/locale-langpack/zh_CN/LC_MESSAGES/libc.mo
7fbc840c8000-7fbc840cb000 ---p 00000000 00:00 0 
7fbc840cb000-7fbc841c9000 rw-p 00000000 00:00 0 
7fbc841c9000-7fbc841ca000 ---p 00000000 00:00 0 
7fbc841ca000-7fbc85e27000 rw-p 00000000 00:00 0 
7fbc85e27000-7fbc86000000 r--s 03d3e000 08:01 2901169                    /usr/local/jdk1.8.0_121/jre/lib/rt.jar
7fbc86000000-7fbc88000000 rw-p 00000000 00:00 0 
7fbc88000000-7fbc88021000 rw-p 00000000 00:00 0 
7fbc88021000-7fbc8c000000 ---p 00000000 00:00 0 
7fbc8c000000-7fbc8c021000 rw-p 00000000 00:00 0 
7fbc8c021000-7fbc90000000 ---p 00000000 00:00 0 
7fbc90000000-7fbc90021000 rw-p 00000000 00:00 0 
7fbc90021000-7fbc94000000 ---p 00000000 00:00 0 
7fbc94000000-7fbc94021000 rw-p 00000000 00:00 0 
7fbc94021000-7fbc98000000 ---p 00000000 00:00 0 
7fbc98000000-7fbc98021000 rw-p 00000000 00:00 0 
7fbc98021000-7fbc9c000000 ---p 00000000 00:00 0 
7fbc9c000000-7fbc9c021000 rw-p 00000000 00:00 0 
7fbc9c021000-7fbca0000000 ---p 00000000 00:00 0 
7fbca0000000-7fbca0021000 rw-p 00000000 00:00 0 
7fbca0021000-7fbca4000000 ---p 00000000 00:00 0 
7fbca4000000-7fbca4021000 rw-p 00000000 00:00 0 
7fbca4021000-7fbca8000000 ---p 00000000 00:00 0 
7fbca8014000-7fbca87bb000 rw-p 00000000 00:00 0 
7fbca87bb000-7fbca88fb000 ---p 00000000 00:00 0 
7fbca88fb000-7fbca8afb000 rw-p 00000000 00:00 0 
7fbca8afb000-7fbca8afc000 ---p 00000000 00:00 0 
7fbca8afc000-7fbca8bfc000 rw-p 00000000 00:00 0 
7fbca8bfc000-7fbca8bfd000 ---p 00000000 00:00 0 
7fbca8bfd000-7fbca8cfd000 rw-p 00000000 00:00 0 
7fbca8cfd000-7fbca8cfe000 ---p 00000000 00:00 0 
7fbca8cfe000-7fbca8dfe000 rw-p 00000000 00:00 0 
7fbca8dfe000-7fbca8dff000 ---p 00000000 00:00 0 
7fbca8dff000-7fbca8eff000 rw-p 00000000 00:00 0 
7fbca8eff000-7fbca8f00000 ---p 00000000 00:00 0 
7fbca8f00000-7fbca9000000 rw-p 00000000 00:00 0 
7fbca9000000-7fbca9990000 rwxp 00000000 00:00 0 
7fbca9990000-7fbcb8000000 ---p 00000000 00:00 0 
7fbcb8000000-7fbcb83b7000 rw-p 00000000 00:00 0 
7fbcb83b7000-7fbcbc000000 ---p 00000000 00:00 0 
7fbcbc007000-7fbcbc00e000 r--s 00000000 08:01 3554149                    /usr/lib/x86_64-linux-gnu/gconv/gconv-modules.cache
7fbcbc00e000-7fbcbc01d000 r--s 000e4000 08:01 3948987                    /home/coder/.android/sbt/sdk/build-tools/26.0.0/lib/dx.jar
7fbcbc01d000-7fbcbc093000 rw-p 00000000 00:00 0 
7fbcbc093000-7fbcbc094000 ---p 00000000 00:00 0 
7fbcbc094000-7fbcbc194000 rw-p 00000000 00:00 0 
7fbcbc194000-7fbcbc195000 ---p 00000000 00:00 0 
7fbcbc195000-7fbcbc295000 rw-p 00000000 00:00 0 
7fbcbc295000-7fbcbc296000 ---p 00000000 00:00 0 
7fbcbc296000-7fbcbc3e7000 rw-p 00000000 00:00 0 
7fbcbc3e7000-7fbcbc4ec000 ---p 00000000 00:00 0 
7fbcbc4ec000-7fbcbc53d000 rw-p 00000000 00:00 0 
7fbcbc53d000-7fbcbc641000 ---p 00000000 00:00 0 
7fbcbc641000-7fbcbc6ec000 rw-p 00000000 00:00 0 
7fbcbc6ec000-7fbcbc714000 rw-p 00000000 00:00 0 
7fbcbc714000-7fbcbcaad000 ---p 00000000 00:00 0 
7fbcbcaad000-7fbcbcac7000 r-xp 00000000 08:01 2901970                    /usr/local/jdk1.8.0_121/jre/lib/amd64/libzip.so
7fbcbcac7000-7fbcbccc7000 ---p 0001a000 08:01 2901970                    /usr/local/jdk1.8.0_121/jre/lib/amd64/libzip.so
7fbcbccc7000-7fbcbccc8000 rw-p 0001a000 08:01 2901970                    /usr/local/jdk1.8.0_121/jre/lib/amd64/libzip.so
7fbcbccc8000-7fbcbccd3000 r-xp 00000000 08:01 1327967                    /lib/x86_64-linux-gnu/libnss_files-2.24.so
7fbcbccd3000-7fbcbced2000 ---p 0000b000 08:01 1327967                    /lib/x86_64-linux-gnu/libnss_files-2.24.so
7fbcbced2000-7fbcbced3000 r--p 0000a000 08:01 1327967                    /lib/x86_64-linux-gnu/libnss_files-2.24.so
7fbcbced3000-7fbcbced4000 rw-p 0000b000 08:01 1327967                    /lib/x86_64-linux-gnu/libnss_files-2.24.so
7fbcbced4000-7fbcbceda000 rw-p 00000000 00:00 0 
7fbcbceda000-7fbcbcee5000 r-xp 00000000 08:01 1327969                    /lib/x86_64-linux-gnu/libnss_nis-2.24.so
7fbcbcee5000-7fbcbd0e4000 ---p 0000b000 08:01 1327969                    /lib/x86_64-linux-gnu/libnss_nis-2.24.so
7fbcbd0e4000-7fbcbd0e5000 r--p 0000a000 08:01 1327969                    /lib/x86_64-linux-gnu/libnss_nis-2.24.so
7fbcbd0e5000-7fbcbd0e6000 rw-p 0000b000 08:01 1327969                    /lib/x86_64-linux-gnu/libnss_nis-2.24.so
7fbcbd0e6000-7fbcbd0fc000 r-xp 00000000 08:01 1327964                    /lib/x86_64-linux-gnu/libnsl-2.24.so
7fbcbd0fc000-7fbcbd2fb000 ---p 00016000 08:01 1327964                    /lib/x86_64-linux-gnu/libnsl-2.24.so
7fbcbd2fb000-7fbcbd2fc000 r--p 00015000 08:01 1327964                    /lib/x86_64-linux-gnu/libnsl-2.24.so
7fbcbd2fc000-7fbcbd2fd000 rw-p 00016000 08:01 1327964                    /lib/x86_64-linux-gnu/libnsl-2.24.so
7fbcbd2fd000-7fbcbd2ff000 rw-p 00000000 00:00 0 
7fbcbd2ff000-7fbcbd307000 r-xp 00000000 08:01 1327965                    /lib/x86_64-linux-gnu/libnss_compat-2.24.so
7fbcbd307000-7fbcbd506000 ---p 00008000 08:01 1327965                    /lib/x86_64-linux-gnu/libnss_compat-2.24.so
7fbcbd506000-7fbcbd507000 r--p 00007000 08:01 1327965                    /lib/x86_64-linux-gnu/libnss_compat-2.24.so
7fbcbd507000-7fbcbd508000 rw-p 00008000 08:01 1327965                    /lib/x86_64-linux-gnu/libnss_compat-2.24.so
7fbcbd508000-7fbcbd533000 r-xp 00000000 08:01 2901487                    /usr/local/jdk1.8.0_121/jre/lib/amd64/libjava.so
7fbcbd533000-7fbcbd732000 ---p 0002b000 08:01 2901487                    /usr/local/jdk1.8.0_121/jre/lib/amd64/libjava.so
7fbcbd732000-7fbcbd734000 rw-p 0002a000 08:01 2901487                    /usr/local/jdk1.8.0_121/jre/lib/amd64/libjava.so
7fbcbd734000-7fbcbd741000 r-xp 00000000 08:01 2899834                    /usr/local/jdk1.8.0_121/jre/lib/amd64/libverify.so
7fbcbd741000-7fbcbd940000 ---p 0000d000 08:01 2899834                    /usr/local/jdk1.8.0_121/jre/lib/amd64/libverify.so
7fbcbd940000-7fbcbd942000 rw-p 0000c000 08:01 2899834                    /usr/local/jdk1.8.0_121/jre/lib/amd64/libverify.so
7fbcbd942000-7fbcbd949000 r-xp 00000000 08:01 1327974                    /lib/x86_64-linux-gnu/librt-2.24.so
7fbcbd949000-7fbcbdb48000 ---p 00007000 08:01 1327974                    /lib/x86_64-linux-gnu/librt-2.24.so
7fbcbdb48000-7fbcbdb49000 r--p 00006000 08:01 1327974                    /lib/x86_64-linux-gnu/librt-2.24.so
7fbcbdb49000-7fbcbdb4a000 rw-p 00007000 08:01 1327974                    /lib/x86_64-linux-gnu/librt-2.24.so
7fbcbdb4a000-7fbcbdc52000 r-xp 00000000 08:01 1327961                    /lib/x86_64-linux-gnu/libm-2.24.so
7fbcbdc52000-7fbcbde51000 ---p 00108000 08:01 1327961                    /lib/x86_64-linux-gnu/libm-2.24.so
7fbcbde51000-7fbcbde52000 r--p 00107000 08:01 1327961                    /lib/x86_64-linux-gnu/libm-2.24.so
7fbcbde52000-7fbcbde53000 rw-p 00108000 08:01 1327961                    /lib/x86_64-linux-gnu/libm-2.24.so
7fbcbde53000-7fbcbeb21000 r-xp 00000000 08:01 3025707                    /usr/local/jdk1.8.0_121/jre/lib/amd64/server/libjvm.so
7fbcbeb21000-7fbcbed21000 ---p 00cce000 08:01 3025707                    /usr/local/jdk1.8.0_121/jre/lib/amd64/server/libjvm.so
7fbcbed21000-7fbcbedfa000 rw-p 00cce000 08:01 3025707                    /usr/local/jdk1.8.0_121/jre/lib/amd64/server/libjvm.so
7fbcbedfa000-7fbcbee45000 rw-p 00000000 00:00 0 
7fbcbee45000-7fbcbf003000 r-xp 00000000 08:01 1327957                    /lib/x86_64-linux-gnu/libc-2.24.so
7fbcbf003000-7fbcbf202000 ---p 001be000 08:01 1327957                    /lib/x86_64-linux-gnu/libc-2.24.so
7fbcbf202000-7fbcbf206000 r--p 001bd000 08:01 1327957                    /lib/x86_64-linux-gnu/libc-2.24.so
7fbcbf206000-7fbcbf208000 rw-p 001c1000 08:01 1327957                    /lib/x86_64-linux-gnu/libc-2.24.so
7fbcbf208000-7fbcbf20c000 rw-p 00000000 00:00 0 
7fbcbf20c000-7fbcbf20f000 r-xp 00000000 08:01 1327960                    /lib/x86_64-linux-gnu/libdl-2.24.so
7fbcbf20f000-7fbcbf40e000 ---p 00003000 08:01 1327960                    /lib/x86_64-linux-gnu/libdl-2.24.so
7fbcbf40e000-7fbcbf40f000 r--p 00002000 08:01 1327960                    /lib/x86_64-linux-gnu/libdl-2.24.so
7fbcbf40f000-7fbcbf410000 rw-p 00003000 08:01 1327960                    /lib/x86_64-linux-gnu/libdl-2.24.so
7fbcbf410000-7fbcbf425000 r-xp 00000000 08:01 3937100                    /usr/local/jdk1.8.0_121/jre/lib/amd64/jli/libjli.so
7fbcbf425000-7fbcbf625000 ---p 00015000 08:01 3937100                    /usr/local/jdk1.8.0_121/jre/lib/amd64/jli/libjli.so
7fbcbf625000-7fbcbf626000 rw-p 00015000 08:01 3937100                    /usr/local/jdk1.8.0_121/jre/lib/amd64/jli/libjli.so
7fbcbf626000-7fbcbf63e000 r-xp 00000000 08:01 1327972                    /lib/x86_64-linux-gnu/libpthread-2.24.so
7fbcbf63e000-7fbcbf83e000 ---p 00018000 08:01 1327972                    /lib/x86_64-linux-gnu/libpthread-2.24.so
7fbcbf83e000-7fbcbf83f000 r--p 00018000 08:01 1327972                    /lib/x86_64-linux-gnu/libpthread-2.24.so
7fbcbf83f000-7fbcbf840000 rw-p 00019000 08:01 1327972                    /lib/x86_64-linux-gnu/libpthread-2.24.so
7fbcbf840000-7fbcbf844000 rw-p 00000000 00:00 0 
7fbcbf844000-7fbcbf86a000 r-xp 00000000 08:01 1315439                    /lib/x86_64-linux-gnu/ld-2.24.so
7fbcbf86a000-7fbcbf872000 r--s 00047000 08:01 3559093                    /home/coder/.android/sbt/exploded-aars/com.android.support-support-media-compat-25.3.1/classes.jar
7fbcbf872000-7fbcbf944000 rw-p 00000000 00:00 0 
7fbcbf944000-7fbcbf947000 ---p 00000000 00:00 0 
7fbcbf947000-7fbcbfa47000 rw-p 00000000 00:00 0 
7fbcbfa48000-7fbcbfa5c000 rw-p 00000000 00:00 0 
7fbcbfa5c000-7fbcbfa64000 rw-s 00000000 08:01 3723133                    /tmp/hsperfdata_coder/12175
7fbcbfa64000-7fbcbfa65000 rw-p 00000000 00:00 0 
7fbcbfa65000-7fbcbfa66000 ---p 00000000 00:00 0 
7fbcbfa66000-7fbcbfa69000 rw-p 00000000 00:00 0 
7fbcbfa69000-7fbcbfa6a000 r--p 00025000 08:01 1315439                    /lib/x86_64-linux-gnu/ld-2.24.so
7fbcbfa6a000-7fbcbfa6b000 rw-p 00026000 08:01 1315439                    /lib/x86_64-linux-gnu/ld-2.24.so
7fbcbfa6b000-7fbcbfa6c000 rw-p 00000000 00:00 0 
7ffd3ad9c000-7ffd3adbe000 rw-p 00000000 00:00 0                          [stack]
7ffd3adf9000-7ffd3adfb000 r--p 00000000 00:00 0                          [vvar]
7ffd3adfb000-7ffd3adfd000 r-xp 00000000 00:00 0                          [vdso]
ffffffffff600000-ffffffffff601000 r-xp 00000000 00:00 0                  [vsyscall]

VM Arguments:
jvm_args: -Xmx1024m 
java_command: com.android.dx.command.Main --dex --num-threads=8 --output /home/coder/IdeaProjects/ScalaProject/greenvpn/target/android/intermediates/dex /home/coder/.android/sbt/exploded-aars/com.android.support-design-25.3.1/classes.jar /home/coder/.android/sbt/exploded-aars/com.android.support-support-v4-25.3.1/classes.jar /home/coder/.android/sbt/exploded-aars/com.android.support-animated-vector-drawable-25.3.1/classes.jar /home/coder/.android/sbt/exploded-aars/com.android.support-support-core-utils-25.3.1/classes.jar /home/coder/.android/sbt/exploded-aars/com.android.support-appcompat-v7-25.3.1/classes.jar /home/coder/IdeaProjects/ScalaProject/greenvpn/target/streams/android/proguardInputs/$global/streams/proguard_cache/proguard-cache-02149123d2bfc0b346fa9cf4911fd8f9dd5a1454.jar /home/coder/.android/sbt/exploded-aars/com.android.support-support-fragment-25.3.1/classes.jar /home/coder/.android/sbt/exploded-aars/com.android.support-support-vector-drawable-25.3.1/classes.jar /home/coder/IdeaProjects/ScalaProject/greenvpn/target/android/intermediates/classes.jar /home/coder/.android/sbt/exploded-aars/com.android.support-recyclerview-v7-25.3.1/classes.jar /home/coder/.android/sbt/exploded-aars/com.android.support-transition-25.3.1/classes.jar /home/coder/.android/sbt/exploded-aars/com.android.support-support-media-compat-25.3.1/classes.jar /home/coder/.android/sbt/exploded-aars/com.android.support-support-compat-25.3.1/classes.jar /home/coder/.android/sbt/sdk/extras/android/m2repository/com/android/support/support-annotations/25.3.1/support-annotations-25.3.1.jar /home/coder/.android/sbt/exploded-aars/com.android.support-support-core-ui-25.3.1/classes.jar
java_class_path (initial): /home/coder/.android/sbt/sdk/build-tools/26.0.0/lib/dx.jar
Launcher Type: SUN_STANDARD

Environment Variables:
JAVA_HOME=/usr/local/jdk1.8.0_121
CLASSPATH=/usr/local/software/idea-IU-171.3780.107/lib/bootstrap.jar:/usr/local/software/idea-IU-171.3780.107/lib/extensions.jar:/usr/local/software/idea-IU-171.3780.107/lib/util.jar:/usr/local/software/idea-IU-171.3780.107/lib/jdom.jar:/usr/local/software/idea-IU-171.3780.107/lib/log4j.jar:/usr/local/software/idea-IU-171.3780.107/lib/trove4j.jar:/usr/local/software/idea-IU-171.3780.107/lib/jna.jar:/usr/local/software/idea-IU-171.3780.107/jre64/lib/tools.jar
PATH=/usr/local/scala/bin:/usr/local/jdk1.8.0_121/bin:/usr/local/sbin:/usr/local/bin:/usr/sbin:/usr/bin:/sbin:/bin:/usr/games:/usr/local/games:$JAVA_HOME/bin:/snap/bin:/usr/lib/jvm/java-8-oracle/bin:/usr/lib/jvm/java-8-oracle/db/bin:/usr/lib/jvm/java-8-oracle/jre/bin:/usr/local/hadoop-2.8.0/bin:/usr/local/hadoop-2.8.0/hive/bin:/usr/local/hbase-1.2.5/bin
LD_LIBRARY_PATH=/usr/local/software/idea-IU-171.3780.107/bin:
SHELL=/bin/bash
DISPLAY=:0

Signal Handlers:
SIGSEGV: [libjvm.so+0xac78c0], sa_mask[0]=11111111011111111101111111111110, sa_flags=SA_RESTART|SA_SIGINFO
SIGBUS: [libjvm.so+0xac78c0], sa_mask[0]=11111111011111111101111111111110, sa_flags=SA_RESTART|SA_SIGINFO
SIGFPE: [libjvm.so+0x920ac0], sa_mask[0]=11111111011111111101111111111110, sa_flags=SA_RESTART|SA_SIGINFO
SIGPIPE: [libjvm.so+0x920ac0], sa_mask[0]=11111111011111111101111111111110, sa_flags=SA_RESTART|SA_SIGINFO
SIGXFSZ: [libjvm.so+0x920ac0], sa_mask[0]=11111111011111111101111111111110, sa_flags=SA_RESTART|SA_SIGINFO
SIGILL: [libjvm.so+0x920ac0], sa_mask[0]=11111111011111111101111111111110, sa_flags=SA_RESTART|SA_SIGINFO
SIGUSR1: SIG_DFL, sa_mask[0]=00000000000000000000000000000000, sa_flags=none
SIGUSR2: [libjvm.so+0x922300], sa_mask[0]=00100000000000000000000000000000, sa_flags=SA_RESTART|SA_SIGINFO
SIGHUP: [libjvm.so+0x923700], sa_mask[0]=11111111011111111101111111111110, sa_flags=SA_RESTART|SA_SIGINFO
SIGINT: [libjvm.so+0x923700], sa_mask[0]=11111111011111111101111111111110, sa_flags=SA_RESTART|SA_SIGINFO
SIGTERM: [libjvm.so+0x923700], sa_mask[0]=11111111011111111101111111111110, sa_flags=SA_RESTART|SA_SIGINFO
SIGQUIT: [libjvm.so+0x923700], sa_mask[0]=11111111011111111101111111111110, sa_flags=SA_RESTART|SA_SIGINFO


---------------  S Y S T E M  ---------------

OS:Red Hat Linux release 6

uname:Linux 4.10.0-26-generic #30-Ubuntu SMP Tue Jun 27 09:30:12 UTC 2017 x86_64
libc:glibc 2.24 NPTL 2.24 
rlimit: STACK 10240k, CORE 0k, NPROC 2047, NOFILE 65536, AS infinity
load average:3.05 2.65 1.80

/proc/meminfo:
MemTotal:        8057424 kB
MemFree:          122768 kB
MemAvailable:      22144 kB
Buffers:            1292 kB
Cached:           604724 kB
SwapCached:            0 kB
Active:          4792328 kB
Inactive:         592596 kB
Active(anon):    4782032 kB
Inactive(anon):   582280 kB
Active(file):      10296 kB
Inactive(file):    10316 kB
Unevictable:          80 kB
Mlocked:              80 kB
SwapTotal:             0 kB
SwapFree:              0 kB
Dirty:              2476 kB
Writeback:             0 kB
AnonPages:       4780108 kB
Mapped:          2473576 kB
Shmem:            584052 kB
Slab:             126752 kB
SReclaimable:      50112 kB
SUnreclaim:        76640 kB
KernelStack:       16864 kB
PageTables:        71936 kB
NFS_Unstable:          0 kB
Bounce:                0 kB
WritebackTmp:          0 kB
CommitLimit:     4028712 kB
Committed_AS:   15108564 kB
VmallocTotal:   34359738367 kB
VmallocUsed:           0 kB
VmallocChunk:          0 kB
HardwareCorrupted:     0 kB
AnonHugePages:   2211840 kB
ShmemHugePages:        0 kB
ShmemPmdMapped:        0 kB
CmaTotal:              0 kB
CmaFree:               0 kB
HugePages_Total:       0
HugePages_Free:        0
HugePages_Rsvd:        0
HugePages_Surp:        0
Hugepagesize:       2048 kB
DirectMap4k:      257464 kB
DirectMap2M:     8015872 kB
DirectMap1G:           0 kB


CPU:total 8 (4 cores per cpu, 2 threads per core) family 6 model 60 stepping 3, cmov, cx8, fxsr, mmx, sse, sse2, sse3, ssse3, sse4.1, sse4.2, popcnt, avx, avx2, aes, clmul, erms, lzcnt, ht, tsc, tscinvbit, bmi1, bmi2

/proc/cpuinfo:
processor	: 0
vendor_id	: GenuineIntel
cpu family	: 6
model		: 60
model name	: Intel(R) Core(TM) i7-4710MQ CPU @ 2.50GHz
stepping	: 3
microcode	: 0x17
cpu MHz		: 2799.987
cache size	: 6144 KB
physical id	: 0
siblings	: 8
core id		: 0
cpu cores	: 4
apicid		: 0
initial apicid	: 0
fpu		: yes
fpu_exception	: yes
cpuid level	: 13
wp		: yes
flags		: fpu vme de pse tsc msr pae mce cx8 apic sep mtrr pge mca cmov pat pse36 clflush dts acpi mmx fxsr sse sse2 ss ht tm pbe syscall nx pdpe1gb rdtscp lm constant_tsc arch_perfmon pebs bts rep_good nopl xtopology nonstop_tsc aperfmperf pni pclmulqdq dtes64 monitor ds_cpl vmx est tm2 ssse3 sdbg fma cx16 xtpr pdcm pcid sse4_1 sse4_2 movbe popcnt tsc_deadline_timer aes xsave avx f16c rdrand lahf_lm abm epb tpr_shadow vnmi flexpriority ept vpid fsgsbase tsc_adjust bmi1 avx2 smep bmi2 erms invpcid xsaveopt dtherm ida arat pln pts
bugs		:
bogomips	: 4988.33
clflush size	: 64
cache_alignment	: 64
address sizes	: 39 bits physical, 48 bits virtual
power management:

processor	: 1
vendor_id	: GenuineIntel
cpu family	: 6
model		: 60
model name	: Intel(R) Core(TM) i7-4710MQ CPU @ 2.50GHz
stepping	: 3
microcode	: 0x17
cpu MHz		: 2799.987
cache size	: 6144 KB
physical id	: 0
siblings	: 8
core id		: 1
cpu cores	: 4
apicid		: 2
initial apicid	: 2
fpu		: yes
fpu_exception	: yes
cpuid level	: 13
wp		: yes
flags		: fpu vme de pse tsc msr pae mce cx8 apic sep mtrr pge mca cmov pat pse36 clflush dts acpi mmx fxsr sse sse2 ss ht tm pbe syscall nx pdpe1gb rdtscp lm constant_tsc arch_perfmon pebs bts rep_good nopl xtopology nonstop_tsc aperfmperf pni pclmulqdq dtes64 monitor ds_cpl vmx est tm2 ssse3 sdbg fma cx16 xtpr pdcm pcid sse4_1 sse4_2 movbe popcnt tsc_deadline_timer aes xsave avx f16c rdrand lahf_lm abm epb tpr_shadow vnmi flexpriority ept vpid fsgsbase tsc_adjust bmi1 avx2 smep bmi2 erms invpcid xsaveopt dtherm ida arat pln pts
bugs		:
bogomips	: 4988.33
clflush size	: 64
cache_alignment	: 64
address sizes	: 39 bits physical, 48 bits virtual
power management:

processor	: 2
vendor_id	: GenuineIntel
cpu family	: 6
model		: 60
model name	: Intel(R) Core(TM) i7-4710MQ CPU @ 2.50GHz
stepping	: 3
microcode	: 0x17
cpu MHz		: 2799.987
cache size	: 6144 KB
physical id	: 0
siblings	: 8
core id		: 2
cpu cores	: 4
apicid		: 4
initial apicid	: 4
fpu		: yes
fpu_exception	: yes
cpuid level	: 13
wp		: yes
flags		: fpu vme de pse tsc msr pae mce cx8 apic sep mtrr pge mca cmov pat pse36 clflush dts acpi mmx fxsr sse sse2 ss ht tm pbe syscall nx pdpe1gb rdtscp lm constant_tsc arch_perfmon pebs bts rep_good nopl xtopology nonstop_tsc aperfmperf pni pclmulqdq dtes64 monitor ds_cpl vmx est tm2 ssse3 sdbg fma cx16 xtpr pdcm pcid sse4_1 sse4_2 movbe popcnt tsc_deadline_timer aes xsave avx f16c rdrand lahf_lm abm epb tpr_shadow vnmi flexpriority ept vpid fsgsbase tsc_adjust bmi1 avx2 smep bmi2 erms invpcid xsaveopt dtherm ida arat pln pts
bugs		:
bogomips	: 4988.33
clflush size	: 64
cache_alignment	: 64
address sizes	: 39 bits physical, 48 bits virtual
power management:

processor	: 3
vendor_id	: GenuineIntel
cpu family	: 6
model		: 60
model name	: Intel(R) Core(TM) i7-4710MQ CPU @ 2.50GHz
stepping	: 3
microcode	: 0x17
cpu MHz		: 2799.987
cache size	: 6144 KB
physical id	: 0
siblings	: 8
core id		: 3
cpu cores	: 4
apicid		: 6
initial apicid	: 6
fpu		: yes
fpu_exception	: yes
cpuid level	: 13
wp		: yes
flags		: fpu vme de pse tsc msr pae mce cx8 apic sep mtrr pge mca cmov pat pse36 clflush dts acpi mmx fxsr sse sse2 ss ht tm pbe syscall nx pdpe1gb rdtscp lm constant_tsc arch_perfmon pebs bts rep_good nopl xtopology nonstop_tsc aperfmperf pni pclmulqdq dtes64 monitor ds_cpl vmx est tm2 ssse3 sdbg fma cx16 xtpr pdcm pcid sse4_1 sse4_2 movbe popcnt tsc_deadline_timer aes xsave avx f16c rdrand lahf_lm abm epb tpr_shadow vnmi flexpriority ept vpid fsgsbase tsc_adjust bmi1 avx2 smep bmi2 erms invpcid xsaveopt dtherm ida arat pln pts
bugs		:
bogomips	: 4988.33
clflush size	: 64
cache_alignment	: 64
address sizes	: 39 bits physical, 48 bits virtual
power management:

processor	: 4
vendor_id	: GenuineIntel
cpu family	: 6
model		: 60
model name	: Intel(R) Core(TM) i7-4710MQ CPU @ 2.50GHz
stepping	: 3
microcode	: 0x17
cpu MHz		: 2799.987
cache size	: 6144 KB
physical id	: 0
siblings	: 8
core id		: 0
cpu cores	: 4
apicid		: 1
initial apicid	: 1
fpu		: yes
fpu_exception	: yes
cpuid level	: 13
wp		: yes
flags		: fpu vme de pse tsc msr pae mce cx8 apic sep mtrr pge mca cmov pat pse36 clflush dts acpi mmx fxsr sse sse2 ss ht tm pbe syscall nx pdpe1gb rdtscp lm constant_tsc arch_perfmon pebs bts rep_good nopl xtopology nonstop_tsc aperfmperf pni pclmulqdq dtes64 monitor ds_cpl vmx est tm2 ssse3 sdbg fma cx16 xtpr pdcm pcid sse4_1 sse4_2 movbe popcnt tsc_deadline_timer aes xsave avx f16c rdrand lahf_lm abm epb tpr_shadow vnmi flexpriority ept vpid fsgsbase tsc_adjust bmi1 avx2 smep bmi2 erms invpcid xsaveopt dtherm ida arat pln pts
bugs		:
bogomips	: 4988.33
clflush size	: 64
cache_alignment	: 64
address sizes	: 39 bits physical, 48 bits virtual
power management:

processor	: 5
vendor_id	: GenuineIntel
cpu family	: 6
model		: 60
model name	: Intel(R) Core(TM) i7-4710MQ CPU @ 2.50GHz
stepping	: 3
microcode	: 0x17
cpu MHz		: 2799.987
cache size	: 6144 KB
physical id	: 0
siblings	: 8
core id		: 1
cpu cores	: 4
apicid		: 3
initial apicid	: 3
fpu		: yes
fpu_exception	: yes
cpuid level	: 13
wp		: yes
flags		: fpu vme de pse tsc msr pae mce cx8 apic sep mtrr pge mca cmov pat pse36 clflush dts acpi mmx fxsr sse sse2 ss ht tm pbe syscall nx pdpe1gb rdtscp lm constant_tsc arch_perfmon pebs bts rep_good nopl xtopology nonstop_tsc aperfmperf pni pclmulqdq dtes64 monitor ds_cpl vmx est tm2 ssse3 sdbg fma cx16 xtpr pdcm pcid sse4_1 sse4_2 movbe popcnt tsc_deadline_timer aes xsave avx f16c rdrand lahf_lm abm epb tpr_shadow vnmi flexpriority ept vpid fsgsbase tsc_adjust bmi1 avx2 smep bmi2 erms invpcid xsaveopt dtherm ida arat pln pts
bugs		:
bogomips	: 4988.33
clflush size	: 64
cache_alignment	: 64
address sizes	: 39 bits physical, 48 bits virtual
power management:

processor	: 6
vendor_id	: GenuineIntel
cpu family	: 6
model		: 60
model name	: Intel(R) Core(TM) i7-4710MQ CPU @ 2.50GHz
stepping	: 3
microcode	: 0x17
cpu MHz		: 2800.140
cache size	: 6144 KB
physical id	: 0
siblings	: 8
core id		: 2
cpu cores	: 4
apicid		: 5
initial apicid	: 5
fpu		: yes
fpu_exception	: yes
cpuid level	: 13
wp		: yes
flags		: fpu vme de pse tsc msr pae mce cx8 apic sep mtrr pge mca cmov pat pse36 clflush dts acpi mmx fxsr sse sse2 ss ht tm pbe syscall nx pdpe1gb rdtscp lm constant_tsc arch_perfmon pebs bts rep_good nopl xtopology nonstop_tsc aperfmperf pni pclmulqdq dtes64 monitor ds_cpl vmx est tm2 ssse3 sdbg fma cx16 xtpr pdcm pcid sse4_1 sse4_2 movbe popcnt tsc_deadline_timer aes xsave avx f16c rdrand lahf_lm abm epb tpr_shadow vnmi flexpriority ept vpid fsgsbase tsc_adjust bmi1 avx2 smep bmi2 erms invpcid xsaveopt dtherm ida arat pln pts
bugs		:
bogomips	: 4988.33
clflush size	: 64
cache_alignment	: 64
address sizes	: 39 bits physical, 48 bits virtual
power management:

processor	: 7
vendor_id	: GenuineIntel
cpu family	: 6
model		: 60
model name	: Intel(R) Core(TM) i7-4710MQ CPU @ 2.50GHz
stepping	: 3
microcode	: 0x17
cpu MHz		: 2799.987
cache size	: 6144 KB
physical id	: 0
siblings	: 8
core id		: 3
cpu cores	: 4
apicid		: 7
initial apicid	: 7
fpu		: yes
fpu_exception	: yes
cpuid level	: 13
wp		: yes
flags		: fpu vme de pse tsc msr pae mce cx8 apic sep mtrr pge mca cmov pat pse36 clflush dts acpi mmx fxsr sse sse2 ss ht tm pbe syscall nx pdpe1gb rdtscp lm constant_tsc arch_perfmon pebs bts rep_good nopl xtopology nonstop_tsc aperfmperf pni pclmulqdq dtes64 monitor ds_cpl vmx est tm2 ssse3 sdbg fma cx16 xtpr pdcm pcid sse4_1 sse4_2 movbe popcnt tsc_deadline_timer aes xsave avx f16c rdrand lahf_lm abm epb tpr_shadow vnmi flexpriority ept vpid fsgsbase tsc_adjust bmi1 avx2 smep bmi2 erms invpcid xsaveopt dtherm ida arat pln pts
bugs		:
bogomips	: 4988.33
clflush size	: 64
cache_alignment	: 64
address sizes	: 39 bits physical, 48 bits virtual
power management:



Memory: 4k page, physical 8057424k(122768k free), swap 0k(0k free)

vm_info: Java HotSpot(TM) 64-Bit Server VM (25.121-b13) for linux-amd64 JRE (1.8.0_121-b13), built on Dec 12 2016 16:36:53 by "java_re" with gcc 4.3.0 20080428 (Red Hat 4.3.0-8)

time: Sun Jul  2 10:37:48 2017
elapsed time: 6 seconds (0d 0h 0m 6s)

